#
# A fatal error has been detected by the Java Runtime Environment:
#
#  EXCEPTION_ACCESS_VIOLATION (0xc0000005) at pc=0x00007ffb4b64382d, pid=14672, tid=0x00000000000025a8
#
# JRE version: OpenJDK Runtime Environment (8.0_422-b05) (build 1.8.0_422-b05)
# Java VM: OpenJDK 64-Bit Server VM (25.422-b05 mixed mode windows-amd64 compressed oops)
# Problematic frame:
# C  [igxelpicd64.dll+0xa2382d]
#
# Failed to write core dump. Minidumps are not enabled by default on client versions of Windows
#
# If you would like to submit a bug report, please visit:
#   https://github.com/adoptium/adoptium-support/issues
# The crash happened outside the Java Virtual Machine in native code.
# See problematic frame for where to report the bug.
#

---------------  T H R E A D  ---------------

Current thread (0x00000234cf1f5000):  JavaThread "Thread-0" [_thread_in_native, id=9640, stack(0x0000004e55d00000,0x0000004e55e00000)]

siginfo: ExceptionCode=0xc0000005, reading address 0x0000000000000000

Registers:
RAX=0x0000000000000000, RBX=0x00000234d1b832d0, RCX=0x0000000000000000, RDX=0x0000000000000000
RSP=0x0000004e55dfee00, RBP=0x0000004e55dfef00, RSI=0x0000000000000015, RDI=0x00000000000000bd
R8 =0x0000000000000000, R9 =0x0000000000000000, R10=0x00000234d3a7b120, R11=0x0000000063088fd0
R12=0x0000000000000069, R13=0x0000000000000001, R14=0x00000234d3a96840, R15=0x0000000000000000
RIP=0x00007ffb4b64382d, EFLAGS=0x0000000000010246

Top of Stack: (sp=0x0000004e55dfee00)
0x0000004e55dfee00:   00000234d1b832d0 0000004e55dff120
0x0000004e55dfee10:   00000234cf10b4b8 00000234cf1f5000
0x0000004e55dfee20:   00000007c009e958 0000000062f235fa
0x0000004e55dfee30:   00000007c009e010 0000000062e8db27
0x0000004e55dfee40:   00000234cca3ceb0 00000234cf1f5000
0x0000004e55dfee50:   00000007c009e958 0000000062ef2f01
0x0000004e55dfee60:   0000004e55dfeeb0 000000006308e562
0x0000004e55dfee70:   00000234cca3ceb0 00000007c009e010
0x0000004e55dfee80:   0000ac38f9386107 0000000000000000
0x0000004e55dfee90:   0000000000000001 000000006308e1fa
0x0000004e55dfeea0:   0000004e55dff010 00000234cf1f5000
0x0000004e55dfeeb0:   00000234cca3ceb0 00000234cf1f5000
0x0000004e55dfeec0:   00000234cca3ceb0 00000234cf1f5000
0x0000004e55dfeed0:   00000234cca3ceb0 00000234cf1f5000
0x0000004e55dfeee0:   00000234cf1f5000 0000000062f283f1
0x0000004e55dfeef0:   00000007c009e010 00000234cca3ceb0 

Instructions: (pc=0x00007ffb4b64382d)
0x00007ffb4b64380d:   11 45 f8 f2 0f 10 0d 40 d7 2f 00 f2 0f 11 4d 08
0x00007ffb4b64381d:   49 8b 86 a8 3b 00 00 48 8d 55 f0 e9 07 04 00 00
0x00007ffb4b64382d:   f3 0f 10 02 8b 44 fb 30 f3 0f 11 45 b0 41 3b c5
0x00007ffb4b64383d:   7e 3e f3 0f 10 42 04 f3 0f 11 45 b4 83 f8 02 7e 


Register to memory mapping:

RAX=0x0000000000000000 is an unknown value
RBX=0x00000234d1b832d0 is an unknown value
RCX=0x0000000000000000 is an unknown value
RDX=0x0000000000000000 is an unknown value
RSP=0x0000004e55dfee00 is pointing into the stack for thread: 0x00000234cf1f5000
RBP=0x0000004e55dfef00 is pointing into the stack for thread: 0x00000234cf1f5000
RSI=0x0000000000000015 is an unknown value
RDI=0x00000000000000bd is an unknown value
R8 =0x0000000000000000 is an unknown value
R9 =0x0000000000000000 is an unknown value
R10=0x00000234d3a7b120 is an unknown value
R11=0x0000000063088fd0 is an unknown value
R12=0x0000000000000069 is an unknown value
R13=0x0000000000000001 is an unknown value
R14=0x00000234d3a96840 is an unknown value
R15=0x0000000000000000 is an unknown value


Stack: [0x0000004e55d00000,0x0000004e55e00000],  sp=0x0000004e55dfee00,  free space=1019k
Native frames: (J=compiled Java code, j=interpreted, Vv=VM code, C=native code)
C  [igxelpicd64.dll+0xa2382d]
C  [igxelpicd64.dll+0xa235ad]
C  [igxelpicd64.dll+0xa386d4]
C  [igxelpicd64.dll+0xa39fee]
C  0x00000234b3e39c8e

Java frames: (J=compiled Java code, j=interpreted, Vv=VM code)
j  org.lwjgl.opengl.GL11.nglDrawArrays(IIIJ)V+0
j  org.lwjgl.opengl.GL11.glDrawArrays(III)V+20
j  com.mojang.minecraft.renderer.Tesselator.end()V+76
j  com.mojang.minecraft.renderer.LevelRenderer.compileSurroundingGround()V+590
j  com.mojang.minecraft.Minecraft.setLevel(Lcom/mojang/minecraft/level/Level;)V+47
j  com.mojang.minecraft.Minecraft.run()V+592
j  java.lang.Thread.run()V+11
v  ~StubRoutines::call_stub

---------------  P R O C E S S  ---------------

Java Threads: ( => current thread )
  0x00000234daece000 JavaThread "Java2D Disposer" daemon [_thread_blocked, id=23752, stack(0x0000004e56600000,0x0000004e56700000)]
  0x00000234d3070000 JavaThread "Thread-4" daemon [_thread_in_native, id=34288, stack(0x0000004e56500000,0x0000004e56600000)]
  0x00000234b209c800 JavaThread "DestroyJavaVM" [_thread_blocked, id=8296, stack(0x0000004e53a00000,0x0000004e53b00000)]
=>0x00000234cf1f5000 JavaThread "Thread-0" [_thread_in_native, id=9640, stack(0x0000004e55d00000,0x0000004e55e00000)]
  0x00000234cf139000 JavaThread "Service Thread" daemon [_thread_blocked, id=28592, stack(0x0000004e55b00000,0x0000004e55c00000)]
  0x00000234cf09a800 JavaThread "C1 CompilerThread11" daemon [_thread_blocked, id=33444, stack(0x0000004e55a00000,0x0000004e55b00000)]
  0x00000234cf096800 JavaThread "C1 CompilerThread10" daemon [_thread_blocked, id=25188, stack(0x0000004e55900000,0x0000004e55a00000)]
  0x00000234cf09a000 JavaThread "C1 CompilerThread9" daemon [_thread_blocked, id=14512, stack(0x0000004e55800000,0x0000004e55900000)]
  0x00000234cf097800 JavaThread "C1 CompilerThread8" daemon [_thread_blocked, id=26172, stack(0x0000004e55700000,0x0000004e55800000)]
  0x00000234cf099000 JavaThread "C2 CompilerThread7" daemon [_thread_blocked, id=6804, stack(0x0000004e55600000,0x0000004e55700000)]
  0x00000234cf098000 JavaThread "C2 CompilerThread6" daemon [_thread_blocked, id=5924, stack(0x0000004e55500000,0x0000004e55600000)]
  0x00000234cf096000 JavaThread "C2 CompilerThread5" daemon [_thread_blocked, id=17980, stack(0x0000004e55400000,0x0000004e55500000)]
  0x00000234cf06d000 JavaThread "C2 CompilerThread4" daemon [_thread_blocked, id=21660, stack(0x0000004e55300000,0x0000004e55400000)]
  0x00000234cf061000 JavaThread "C2 CompilerThread3" daemon [_thread_blocked, id=33860, stack(0x0000004e55200000,0x0000004e55300000)]
  0x00000234cf05a800 JavaThread "C2 CompilerThread2" daemon [_thread_blocked, id=3104, stack(0x0000004e55100000,0x0000004e55200000)]
  0x00000234cf058000 JavaThread "C2 CompilerThread1" daemon [_thread_blocked, id=20696, stack(0x0000004e55000000,0x0000004e55100000)]
  0x00000234cf056800 JavaThread "C2 CompilerThread0" daemon [_thread_blocked, id=19120, stack(0x0000004e54f00000,0x0000004e55000000)]
  0x00000234cf051000 JavaThread "Attach Listener" daemon [_thread_blocked, id=11608, stack(0x0000004e54e00000,0x0000004e54f00000)]
  0x00000234cf050000 JavaThread "Signal Dispatcher" daemon [_thread_blocked, id=16440, stack(0x0000004e54d00000,0x0000004e54e00000)]
  0x00000234cceac800 JavaThread "Finalizer" daemon [_thread_blocked, id=9468, stack(0x0000004e54c00000,0x0000004e54d00000)]
  0x00000234cf033000 JavaThread "Reference Handler" daemon [_thread_blocked, id=20472, stack(0x0000004e54b00000,0x0000004e54c00000)]

Other Threads:
  0x00000234cce9a800 VMThread [stack: 0x0000004e54a00000,0x0000004e54b00000] [id=16788]
  0x00000234cf13a800 WatcherThread [stack: 0x0000004e55c00000,0x0000004e55d00000] [id=25780]

VM state:not at safepoint (normal execution)

VM Mutex/Monitor currently owned by a thread: None

heap address: 0x00000006c4400000, size: 4028 MB, Compressed Oops mode: Zero based, Oop shift amount: 3
Narrow klass base: 0x0000000000000000, Narrow klass shift: 3
Compressed class space size: 1073741824 Address: 0x00000007c0000000

Heap:
 PSYoungGen      total 75264K, used 3870K [0x000000076c180000, 0x0000000771580000, 0x00000007c0000000)
  eden space 64512K, 6% used [0x000000076c180000,0x000000076c547b58,0x0000000770080000)
  from space 10752K, 0% used [0x0000000770080000,0x0000000770080000,0x0000000770b00000)
  to   space 10752K, 0% used [0x0000000770b00000,0x0000000770b00000,0x0000000771580000)
 ParOldGen       total 172032K, used 13354K [0x00000006c4400000, 0x00000006cec00000, 0x000000076c180000)
  object space 172032K, 7% used [0x00000006c4400000,0x00000006c510aa18,0x00000006cec00000)
 Metaspace       used 9318K, capacity 9453K, committed 9856K, reserved 1058816K
  class space    used 951K, capacity 1031K, committed 1152K, reserved 1048576K

Card table byte_map: [0x00000234c31e0000,0x00000234c39c0000] byte_map_base: 0x00000234bfbbe000

Marking Bits: (ParMarkBitMap*) 0x00000000636618f0
 Begin Bits: [0x00000234c3f00000, 0x00000234c7df0000)
 End Bits:   [0x00000234c7df0000, 0x00000234cbce0000)

Polling page: 0x00000234b2420000

CodeCache: size=245760Kb used=4801Kb max_used=4801Kb free=240958Kb
 bounds [0x00000234b3e20000, 0x00000234b42e0000, 0x00000234c2e20000]
 total_blobs=1325 nmethods=861 adapters=374
 compilation: enabled

Compilation events (10 events):
Event: 1.575 Thread 0x00000234cf096800  858       3       java.awt.image.IndexColorModel::getGreen (19 bytes)
Event: 1.575 Thread 0x00000234cf09a800  859       3       java.awt.image.ColorModel::getBlue (161 bytes)
Event: 1.575 Thread 0x00000234cf09a000  860       3       java.awt.image.IndexColorModel::getBlue (16 bytes)
Event: 1.575 Thread 0x00000234cf096800 nmethod 858 0x00000234b42ceb90 code [0x00000234b42cece0, 0x00000234b42cee78]
Event: 1.575 Thread 0x00000234cf09a000 nmethod 860 0x00000234b42cef50 code [0x00000234b42cf0a0, 0x00000234b42cf238]
Event: 1.575 Thread 0x00000234cf09a000  861       3       com.mojang.minecraft.renderer.Tesselator::vertexUV (42 bytes)
Event: 1.575 Thread 0x00000234cf09a000 nmethod 861 0x00000234b42cf310 code [0x00000234b42cf480, 0x00000234b42cf6f0]
Event: 1.575 Thread 0x00000234cf09a000  862       3       com.mojang.minecraft.renderer.Tesselator::vertex (205 bytes)
Event: 1.575 Thread 0x00000234cf09a800 nmethod 859 0x00000234b42cf790 code [0x00000234b42cf9c0, 0x00000234b42d0760]
Event: 1.575 Thread 0x00000234cf09a000 nmethod 862 0x00000234b42d0e90 code [0x00000234b42d1020, 0x00000234b42d14d0]

GC Heap History (4 events):
Event: 1.540 GC heap before
{Heap before GC invocations=1 (full 0):
 PSYoungGen      total 75264K, used 29850K [0x000000076c180000, 0x0000000771580000, 0x00000007c0000000)
  eden space 64512K, 46% used [0x000000076c180000,0x000000076dea69d8,0x0000000770080000)
  from space 10752K, 0% used [0x0000000770b00000,0x0000000770b00000,0x0000000771580000)
  to   space 10752K, 0% used [0x0000000770080000,0x0000000770080000,0x0000000770b00000)
 ParOldGen       total 172032K, used 0K [0x00000006c4400000, 0x00000006cec00000, 0x000000076c180000)
  object space 172032K, 0% used [0x00000006c4400000,0x00000006c4400000,0x00000006cec00000)
 Metaspace       used 9285K, capacity 9453K, committed 9856K, reserved 1058816K
  class space    used 948K, capacity 1031K, committed 1152K, reserved 1048576K
Event: 1.551 GC heap after
Heap after GC invocations=1 (full 0):
 PSYoungGen      total 75264K, used 10736K [0x000000076c180000, 0x0000000771580000, 0x00000007c0000000)
  eden space 64512K, 0% used [0x000000076c180000,0x000000076c180000,0x0000000770080000)
  from space 10752K, 99% used [0x0000000770080000,0x0000000770afc040,0x0000000770b00000)
  to   space 10752K, 0% used [0x0000000770b00000,0x0000000770b00000,0x0000000771580000)
 ParOldGen       total 172032K, used 2871K [0x00000006c4400000, 0x00000006cec00000, 0x000000076c180000)
  object space 172032K, 1% used [0x00000006c4400000,0x00000006c46cdf88,0x00000006cec00000)
 Metaspace       used 9285K, capacity 9453K, committed 9856K, reserved 1058816K
  class space    used 948K, capacity 1031K, committed 1152K, reserved 1048576K
}
Event: 1.551 GC heap before
{Heap before GC invocations=2 (full 1):
 PSYoungGen      total 75264K, used 10736K [0x000000076c180000, 0x0000000771580000, 0x00000007c0000000)
  eden space 64512K, 0% used [0x000000076c180000,0x000000076c180000,0x0000000770080000)
  from space 10752K, 99% used [0x0000000770080000,0x0000000770afc040,0x0000000770b00000)
  to   space 10752K, 0% used [0x0000000770b00000,0x0000000770b00000,0x0000000771580000)
 ParOldGen       total 172032K, used 2871K [0x00000006c4400000, 0x00000006cec00000, 0x000000076c180000)
  object space 172032K, 1% used [0x00000006c4400000,0x00000006c46cdf88,0x00000006cec00000)
 Metaspace       used 9285K, capacity 9453K, committed 9856K, reserved 1058816K
  class space    used 948K, capacity 1031K, committed 1152K, reserved 1048576K
Event: 1.563 GC heap after
Heap after GC invocations=2 (full 1):
 PSYoungGen      total 75264K, used 0K [0x000000076c180000, 0x0000000771580000, 0x00000007c0000000)
  eden space 64512K, 0% used [0x000000076c180000,0x000000076c180000,0x0000000770080000)
  from space 10752K, 0% used [0x0000000770080000,0x0000000770080000,0x0000000770b00000)
  to   space 10752K, 0% used [0x0000000770b00000,0x0000000770b00000,0x0000000771580000)
 ParOldGen       total 172032K, used 13354K [0x00000006c4400000, 0x00000006cec00000, 0x000000076c180000)
  object space 172032K, 7% used [0x00000006c4400000,0x00000006c510aa18,0x00000006cec00000)
 Metaspace       used 9285K, capacity 9453K, committed 9856K, reserved 1058816K
  class space    used 948K, capacity 1031K, committed 1152K, reserved 1048576K
}

Deoptimization events (4 events):
Event: 0.382 Thread 0x00000234cf1f5000 Uncommon trap: reason=loop_limit_check action=maybe_recompile pc=0x00000234b413e61c method=java.lang.String.indexOf([CII[CIII)I @ 79
Event: 0.446 Thread 0x00000234cf1f5000 Uncommon trap: reason=unstable_if action=reinterpret pc=0x00000234b4144d80 method=java.lang.String.indexOf([CII[CIII)I @ 3
Event: 0.454 Thread 0x00000234cf1f5000 Uncommon trap: reason=loop_limit_check action=maybe_recompile pc=0x00000234b417a934 method=java.lang.String.equals(Ljava/lang/Object;)Z @ 56
Event: 1.471 Thread 0x00000234cf1f5000 Uncommon trap: reason=unstable_if action=reinterpret pc=0x00000234b41cb560 method=sun.nio.cs.UTF_8$Encoder.encode([CII[B)I @ 33

Classes redefined (0 events):
No events

Internal exceptions (9 events):
Event: 0.016 Thread 0x00000234b209c800 Exception <a 'java/lang/NoSuchMethodError': Method sun.misc.Unsafe.defineClass(Ljava/lang/String;[BII)Ljava/lang/Class; name or signature does not match> (0x000000076c187cd8) thrown at [C:\workspace\openjdk-build\workspace\build\src\hotspot\src\share\vm\p
Event: 0.016 Thread 0x00000234b209c800 Exception <a 'java/lang/NoSuchMethodError': Method sun.misc.Unsafe.prefetchRead(Ljava/lang/Object;J)V name or signature does not match> (0x000000076c187fc0) thrown at [C:\workspace\openjdk-build\workspace\build\src\hotspot\src\share\vm\prims\jni.cpp, line
Event: 0.451 Thread 0x00000234cf1f5000 Exception <a 'java/security/PrivilegedActionException'> (0x000000076d0c1760) thrown at [C:\workspace\openjdk-build\workspace\build\src\hotspot\src\share\vm\prims\jvm.cpp, line 1514]
Event: 0.451 Thread 0x00000234cf1f5000 Exception <a 'java/security/PrivilegedActionException'> (0x000000076d0c1970) thrown at [C:\workspace\openjdk-build\workspace\build\src\hotspot\src\share\vm\prims\jvm.cpp, line 1514]
Event: 0.451 Thread 0x00000234cf1f5000 Exception <a 'java/security/PrivilegedActionException'> (0x000000076d0c6b08) thrown at [C:\workspace\openjdk-build\workspace\build\src\hotspot\src\share\vm\prims\jvm.cpp, line 1514]
Event: 0.451 Thread 0x00000234cf1f5000 Exception <a 'java/security/PrivilegedActionException'> (0x000000076d0c6d18) thrown at [C:\workspace\openjdk-build\workspace\build\src\hotspot\src\share\vm\prims\jvm.cpp, line 1514]
Event: 0.918 Thread 0x00000234cf1f5000 Exception <a 'java/io/FileNotFoundException'> (0x000000076d350510) thrown at [C:\workspace\openjdk-build\workspace\build\src\hotspot\src\share\vm\prims\jni.cpp, line 712]
Event: 0.942 Thread 0x00000234cf1f5000 Exception <a 'java/lang/NoSuchFieldError': method resolution failed> (0x000000076d562f38) thrown at [C:\workspace\openjdk-build\workspace\build\src\hotspot\src\share\vm\prims\methodHandles.cpp, line 1194]
Event: 0.943 Thread 0x00000234cf1f5000 Exception <a 'java/lang/NoSuchFieldError': method resolution failed> (0x000000076d5705f8) thrown at [C:\workspace\openjdk-build\workspace\build\src\hotspot\src\share\vm\prims\methodHandles.cpp, line 1194]

Events (10 events):
Event: 1.563 loading class com/mojang/minecraft/player/Player
Event: 1.563 loading class com/mojang/minecraft/player/Player done
Event: 1.564 loading class com/mojang/minecraft/particle/ParticleEngine
Event: 1.564 loading class com/mojang/minecraft/particle/ParticleEngine done
Event: 1.564 loading class com/mojang/minecraft/player/Inventory
Event: 1.564 loading class com/mojang/minecraft/player/Inventory done
Event: 1.565 loading class com/mojang/minecraft/User
Event: 1.565 loading class com/mojang/minecraft/User done
Event: 1.565 loading class com/mojang/minecraft/renderer/Chunk
Event: 1.565 loading class com/mojang/minecraft/renderer/Chunk done


Dynamic libraries:
0x00007ff702030000 - 0x00007ff702081000 	C:\Program Files\Eclipse Adoptium\jdk-8.0.422.5-hotspot\bin\javaw.exe
0x00007ffc38060000 - 0x00007ffc382c3000 	C:\WINDOWS\SYSTEM32\ntdll.dll
0x00007ffc36ae0000 - 0x00007ffc36ba8000 	C:\WINDOWS\System32\KERNEL32.DLL
0x00007ffc355b0000 - 0x00007ffc35962000 	C:\WINDOWS\System32\KERNELBASE.dll
0x00007ffc37820000 - 0x00007ffc378d4000 	C:\WINDOWS\System32\ADVAPI32.dll
0x00007ffc37950000 - 0x00007ffc379f9000 	C:\WINDOWS\System32\msvcrt.dll
0x00007ffc37770000 - 0x00007ffc37816000 	C:\WINDOWS\System32\sechost.dll
0x00007ffc36bb0000 - 0x00007ffc36cc6000 	C:\WINDOWS\System32\RPCRT4.dll
0x00007ffc35ec0000 - 0x00007ffc36088000 	C:\WINDOWS\System32\USER32.dll
0x00007ffc35400000 - 0x00007ffc35427000 	C:\WINDOWS\System32\win32u.dll
0x00007ffc35e90000 - 0x00007ffc35eba000 	C:\WINDOWS\System32\GDI32.dll
0x00007ffc35ac0000 - 0x00007ffc35beb000 	C:\WINDOWS\System32\gdi32full.dll
0x00007ffc35a10000 - 0x00007ffc35ab3000 	C:\WINDOWS\System32\msvcp_win.dll
0x00007ffc35bf0000 - 0x00007ffc35d3b000 	C:\WINDOWS\System32\ucrtbase.dll
0x00007ffc11bb0000 - 0x00007ffc11e40000 	C:\WINDOWS\WinSxS\amd64_microsoft.windows.common-controls_6595b64144ccf1df_6.0.26100.2454_none_3e0b68a2e331ad60\COMCTL32.dll
0x00007ffc37ec0000 - 0x00007ffc37eef000 	C:\WINDOWS\System32\IMM32.DLL
0x00007ffbf7990000 - 0x00007ffbf79a5000 	C:\Program Files\Eclipse Adoptium\jdk-8.0.422.5-hotspot\jre\bin\vcruntime140.dll
0x00007ffbec3c0000 - 0x00007ffbec45b000 	C:\Program Files\Eclipse Adoptium\jdk-8.0.422.5-hotspot\jre\bin\msvcp140.dll
0x0000000062e80000 - 0x00000000636da000 	C:\Program Files\Eclipse Adoptium\jdk-8.0.422.5-hotspot\jre\bin\server\jvm.dll
0x00007ffc36090000 - 0x00007ffc36098000 	C:\WINDOWS\System32\PSAPI.DLL
0x00007ffbf59c0000 - 0x00007ffbf59ca000 	C:\WINDOWS\SYSTEM32\WSOCK32.dll
0x00007ffc29110000 - 0x00007ffc29146000 	C:\WINDOWS\SYSTEM32\WINMM.dll
0x00007ffc2b5b0000 - 0x00007ffc2b5bb000 	C:\WINDOWS\SYSTEM32\VERSION.dll
0x00007ffc36440000 - 0x00007ffc364b4000 	C:\WINDOWS\System32\WS2_32.dll
0x00007ffc34350000 - 0x00007ffc3436a000 	C:\WINDOWS\SYSTEM32\kernel.appcore.dll
0x00007ffbf59b0000 - 0x00007ffbf59c0000 	C:\Program Files\Eclipse Adoptium\jdk-8.0.422.5-hotspot\jre\bin\verify.dll
0x00007ffbf1530000 - 0x00007ffbf155b000 	C:\Program Files\Eclipse Adoptium\jdk-8.0.422.5-hotspot\jre\bin\java.dll
0x00007ffbf1b90000 - 0x00007ffbf1ba8000 	C:\Program Files\Eclipse Adoptium\jdk-8.0.422.5-hotspot\jre\bin\zip.dll
0x00007ffc37060000 - 0x00007ffc37761000 	C:\WINDOWS\System32\SHELL32.dll
0x00007ffc33120000 - 0x00007ffc33951000 	C:\WINDOWS\SYSTEM32\windows.storage.dll
0x00007ffc36cd0000 - 0x00007ffc3704e000 	C:\WINDOWS\System32\combase.dll
0x00007ffc36570000 - 0x00007ffc3664a000 	C:\WINDOWS\System32\SHCORE.dll
0x00007ffc362c0000 - 0x00007ffc3631d000 	C:\WINDOWS\System32\shlwapi.dll
0x00007ffc35310000 - 0x00007ffc3533e000 	C:\WINDOWS\SYSTEM32\profapi.dll
0x0000000180000000 - 0x0000000180053000 	C:\Users\Administartor\Desktop\astra-eagler-main\classicport\classic-0.0.21a\desktopRuntime\lwjgl64.dll
0x00007ffbc16f0000 - 0x00007ffbc17fc000 	C:\WINDOWS\SYSTEM32\OPENGL32.dll
0x00007ffbc2970000 - 0x00007ffbc299d000 	C:\WINDOWS\SYSTEM32\GLU32.dll
0x00007ffc325a0000 - 0x00007ffc325e7000 	C:\WINDOWS\SYSTEM32\dxcore.dll
0x00007ffc31830000 - 0x00007ffc318f0000 	C:\WINDOWS\SYSTEM32\mscms.dll
0x00007ffc35970000 - 0x00007ffc35a09000 	C:\WINDOWS\System32\bcryptPrimitives.dll
0x00007ffc364c0000 - 0x00007ffc36568000 	C:\WINDOWS\System32\clbcatq.dll
0x00007ffc1cd30000 - 0x00007ffc1cd90000 	C:\Windows\System32\Windows.Internal.Graphics.Display.DisplayColorManagement.dll
0x00007ffc36a00000 - 0x00007ffc36ad6000 	C:\WINDOWS\System32\OLEAUT32.dll
0x00007ffc35090000 - 0x00007ffc350ef000 	C:\WINDOWS\SYSTEM32\cfgmgr32.dll
0x00007ffc31ea0000 - 0x00007ffc31f4d000 	C:\WINDOWS\system32\uxtheme.dll
0x00007ffc366d0000 - 0x00007ffc3682c000 	C:\WINDOWS\System32\MSCTF.dll
0x00007ffc32010000 - 0x00007ffc3206c000 	C:\WINDOWS\SYSTEM32\directxdatabasehelper.dll
0x00007ffc217f0000 - 0x00007ffc2180a000 	C:\WINDOWS\SYSTEM32\windows.staterepositorycore.dll
0x00007ffb4ac20000 - 0x00007ffb4bd4b000 	C:\WINDOWS\System32\DriverStore\FileRepository\iigd_dch.inf_amd64_a582115f5de863e1\igxelpicd64.dll
0x00007ffc36100000 - 0x00007ffc36299000 	C:\WINDOWS\System32\ole32.dll
0x00007ffc321e0000 - 0x00007ffc3220e000 	C:\WINDOWS\system32\dwmapi.dll
0x00007ffc32090000 - 0x00007ffc321bb000 	C:\WINDOWS\system32\dxgi.dll
0x00007ffb63730000 - 0x00007ffb63885000 	C:\WINDOWS\System32\DriverStore\FileRepository\iigd_dch.inf_amd64_a582115f5de863e1\igdml64.dll
0x00007ffc285c0000 - 0x00007ffc289f8000 	C:\WINDOWS\System32\DriverStore\FileRepository\iigd_dch.inf_amd64_a582115f5de863e1\igdgmm64.dll
0x00007ffc35060000 - 0x00007ffc3508d000 	C:\WINDOWS\SYSTEM32\DEVOBJ.dll
0x00007ffc35d40000 - 0x00007ffc35dbf000 	C:\WINDOWS\System32\WINTRUST.dll
0x00007ffc35430000 - 0x00007ffc355a6000 	C:\WINDOWS\System32\CRYPT32.dll
0x00007ffc34c10000 - 0x00007ffc34c23000 	C:\WINDOWS\SYSTEM32\MSASN1.dll
0x00007ffc20b30000 - 0x00007ffc20c76000 	C:\WINDOWS\SYSTEM32\textinputframework.dll
0x00007ffc30db0000 - 0x00007ffc30ed5000 	C:\WINDOWS\SYSTEM32\CoreMessaging.dll
0x00007ffc2bad0000 - 0x00007ffc2bdb3000 	C:\WINDOWS\SYSTEM32\CoreUIComponents.dll
0x00007ffc31540000 - 0x00007ffc316a8000 	C:\WINDOWS\SYSTEM32\wintypes.dll
0x00007ffc34b10000 - 0x00007ffc34b1c000 	C:\WINDOWS\SYSTEM32\CRYPTBASE.DLL
0x00007ffbc3350000 - 0x00007ffbc3399000 	C:\WINDOWS\SYSTEM32\icm32.dll
0x00007ffc242c0000 - 0x00007ffc2816d000 	C:\WINDOWS\System32\DriverStore\FileRepository\iigd_dch.inf_amd64_a582115f5de863e1\igc64.dll
0x00007ffc340b0000 - 0x00007ffc340fe000 	C:\WINDOWS\SYSTEM32\powrprof.dll
0x00007ffc34090000 - 0x00007ffc340a4000 	C:\WINDOWS\SYSTEM32\UMPDC.dll
0x00000234d0940000 - 0x00000234d0956000 	C:\Users\Administartor\Desktop\astra-eagler-main\classicport\classic-0.0.21a\desktopRuntime\jinput-dx8_64.dll
0x00007ffbc31b0000 - 0x00007ffbc31fb000 	C:\WINDOWS\SYSTEM32\DINPUT8.dll
0x00007ffc1e0e0000 - 0x00007ffc1e2bd000 	C:\WINDOWS\SYSTEM32\inputhost.dll
0x00007ffc33960000 - 0x00007ffc3396f000 	C:\WINDOWS\SYSTEM32\HID.DLL
0x00007ffc37a00000 - 0x00007ffc37e86000 	C:\WINDOWS\System32\SETUPAPI.DLL
0x00000234d2d50000 - 0x00000234d2d64000 	C:\Users\Administartor\Desktop\astra-eagler-main\classicport\classic-0.0.21a\desktopRuntime\jinput-raw_64.dll
0x00007ffb4c350000 - 0x00007ffb4c4e4000 	C:\Program Files\Eclipse Adoptium\jdk-8.0.422.5-hotspot\jre\bin\awt.dll
0x00007ffc31460000 - 0x00007ffc314fc000 	C:\WINDOWS\SYSTEM32\apphelp.dll
0x00007ffc34af0000 - 0x00007ffc34b0c000 	C:\WINDOWS\SYSTEM32\CRYPTSP.dll
0x00007ffc342b0000 - 0x00007ffc342e8000 	C:\WINDOWS\system32\rsaenh.dll
0x00007ffc348f0000 - 0x00007ffc3491b000 	C:\WINDOWS\SYSTEM32\USERENV.dll
0x00007ffc34d30000 - 0x00007ffc34d56000 	C:\WINDOWS\SYSTEM32\bcrypt.dll
0x00007ffbedf70000 - 0x00007ffbedf8c000 	C:\Program Files\Eclipse Adoptium\jdk-8.0.422.5-hotspot\jre\bin\net.dll
0x00007ffc34850000 - 0x00007ffc348b8000 	C:\WINDOWS\system32\mswsock.dll
0x00007ffc33cd0000 - 0x00007ffc33d02000 	C:\WINDOWS\SYSTEM32\IPHLPAPI.DLL
0x00007ffc362a0000 - 0x00007ffc362aa000 	C:\WINDOWS\System32\NSI.dll
0x00007ffc2f410000 - 0x00007ffc2f42e000 	C:\WINDOWS\SYSTEM32\dhcpcsvc6.DLL
0x00007ffc2eff0000 - 0x00007ffc2f015000 	C:\WINDOWS\SYSTEM32\dhcpcsvc.DLL
0x00007ffc33dc0000 - 0x00007ffc33ee5000 	C:\WINDOWS\SYSTEM32\DNSAPI.dll
0x00007ffbed130000 - 0x00007ffbed143000 	C:\Program Files\Eclipse Adoptium\jdk-8.0.422.5-hotspot\jre\bin\nio.dll
0x00007ffc32bd0000 - 0x00007ffc32e11000 	C:\WINDOWS\SYSTEM32\dbghelp.dll

VM Arguments:
jvm_args: -Djava.library.path=C:\Users\Administartor\Desktop\astra-eagler-main\classicport\classic-0.0.21a\desktopRuntime -Dfile.encoding=UTF-8 -Dstdout.encoding=UTF-8 -Dstderr.encoding=UTF-8 
java_command: com.demez.minecraft.Client.Client
java_class_path (initial): C:\Users\Administartor\Desktop\astra-eagler-main\classicport\classic-0.0.21a\desktopRuntime\EclipseProject\bin;C:\Users\Administartor\Desktop\astra-eagler-main\classicport\classic-0.0.21a\desktopRuntime\EclipseProject\deps-fix\asm-9.2.jar;C:\Users\Administartor\Desktop\astra-eagler-main\classicport\classic-0.0.21a\desktopRuntime\EclipseProject\deps-fix\asm-tree-9.2.jar;C:\Users\Administartor\Desktop\astra-eagler-main\classicport\classic-0.0.21a\desktopRuntime\EclipseProject\deps-fix\jinput-2.0.5.jar;C:\Users\Administartor\Desktop\astra-eagler-main\classicport\classic-0.0.21a\desktopRuntime\EclipseProject\deps-fix\json-20230311.jar;C:\Users\Administartor\Desktop\astra-eagler-main\classicport\classic-0.0.21a\desktopRuntime\EclipseProject\deps-fix\jutils-1.0.0.jar;C:\Users\Administartor\Desktop\astra-eagler-main\classicport\classic-0.0.21a\desktopRuntime\EclipseProject\deps-fix\lwjgl_util-2.9.4.jar;C:\Users\Administartor\Desktop\astra-eagler-main\classicport\classic-0.0.21a\desktopRuntime\EclipseProject\deps-fix\lwjgl-2.9.4.jar
Launcher Type: SUN_STANDARD

Environment Variables:
JAVA_HOME=C:\Program Files\Eclipse Adoptium\jdk-17.0.12.7-hotspot\
CLASSPATH=C:\Program Files\Apryse Software\Xodo PDF Studio\lib\xodopdfstudio.jar;C:\Program Files\Apryse Software\Xodo PDF Studio\lib\cmaps.jar
PATH=C:/Program Files/Eclipse Adoptium/jdk-21.0.4.7-hotspot/bin/server;C:/Program Files/Eclipse Adoptium/jdk-21.0.4.7-hotspot/bin;C:\Program Files\Eclipse Adoptium\jdk-17.0.12.7-hotspot\bin;C:\Program Files\Eclipse Adoptium\jdk-21.0.4.7-hotspot\bin;C:\Program Files\Eclipse Adoptium\jdk-8.0.422.5-hotspot\bin;C:\Program Files\Eclipse Foundation\jdk-16.0.2.7-hotspot\bin;C:\WINDOWS\system32;C:\WINDOWS;C:\WINDOWS\System32\Wbem;C:\WINDOWS\System32\WindowsPowerShell\v1.0\;C:\WINDOWS\System32\OpenSSH\;C:\Program Files\NVIDIA Corporation\NVIDIA NvDLISR;C:\Program Files (x86)\NVIDIA Corporation\PhysX\Common;C:\Program Files\Git\cmd;C:\Program Files\Apryse Software\Xodo PDF Studio\jre\bin\server;C:\Program Files\dotnet\;C:\Program Files\nodejs\;C:\Program Files\Cloudflare\Cloudflare WARP\;C:\Program Files\playit_gg\bin\;C:\Users\Administartor\AppData\Local\Programs\Python\Python313\Scripts\;C:\Users\Administartor\AppData\Local\Programs\Python\Python313\;C:\Users\Administartor\AppData\Local\Programs\Python\Launcher\;C:\Users\Administartor\AppData\Local\Microsoft\WindowsApps;C:\Users\Administartor\AppData\Local\GitHubDesktop\bin;C:\Users\Administartor\AppData\Local\Programs\Microsoft VS Code\bin;C:\Users\Administartor\AppData\Local\JetBrains\Toolbox\scripts;C:\Users\Administartor\.dotnet\tools;C:\Users\Administartor\AppData\Local\Microsoft\WindowsApps;C:\Users\Administartor\AppData\Roaming\npm;C:\WINDOWS\system32;
USERNAME=Administartor
OS=Windows_NT
PROCESSOR_IDENTIFIER=Intel64 Family 6 Model 154 Stepping 3, GenuineIntel



---------------  S Y S T E M  ---------------

OS: Windows 11 , 64 bit Build 26100 (10.0.26100.2454)

CPU:total 20 (initial active 20) (10 cores per cpu, 2 threads per core) family 6 model 154 stepping 3, cmov, cx8, fxsr, mmx, sse, sse2, sse3, ssse3, sse4.1, sse4.2, popcnt, avx, avx2, aes, clmul, erms, 3dnowpref, lzcnt, ht, tsc, tscinvbit, bmi1, bmi2, adx

Memory: 4k page, physical 16495096k(1748856k free), swap 37466616k(17633940k free)

vm_info: OpenJDK 64-Bit Server VM (25.422-b05) for windows-amd64 JRE (1.8.0_422-b05), built on Jul 18 2024 13:37:58 by "jenkins" with MS VC++ 15.9 (VS2017)

time: Sat Jan 25 08:36:09 2025
timezone: Türkiye Standart Saati
elapsed time: 1.594822 seconds (0d 0h 0m 1s)

