#
# A fatal error has been detected by the Java Runtime Environment:
#
#  EXCEPTION_ACCESS_VIOLATION (0xc0000005) at pc=0x7b58bfda, pid=30556, tid=20088
#
# JRE version: OpenJDK Runtime Environment (8.0_44-b02) (build 1.8.0_44-b02)
# Java VM: OpenJDK Client VM (25.40-b25 mixed mode windows-x86 )
# Problematic frame:
# C  [igxelpicd32.dll+0x8bbfda]
#
# Failed to write core dump. Minidumps are not enabled by default on client versions of Windows
#
# If you would like to submit a bug report, please visit:
#   http://bugreport.java.com/bugreport/crash.jsp
# The crash happened outside the Java Virtual Machine in native code.
# See problematic frame for where to report the bug.
#

---------------  T H R E A D  ---------------

Current thread (0x01f13c00):  JavaThread "Thread-0" [_thread_in_native, id=20088, stack(0x15ca0000,0x15cf0000)]

siginfo: ExceptionCode=0xc0000005, reading address 0x00000000

Registers:
EAX=0x00000006, EBX=0x00000015, ECX=0x00000000, EDX=0x00000000
ESP=0x15ceee98, EBP=0x15cef008, ESI=0x17ba3988, EDI=0x000004ec
EIP=0x7b58bfda, EFLAGS=0x00010293

Top of Stack: (sp=0x15ceee98)
0x15ceee98:   17183fc0 00000000 00010000 0000024c
0x15ceeea8:   17199ee8 00000000 7a9d12cd 159af5d8
0x15ceeeb8:   15cef104 7a8e5c4c 01f13c00 15ceeefc
0x15ceeec8:   7a8e7b55 159afce8 159afce8 159af5d8
0x15ceeed8:   01f13c00 159af5d8 01f13c00 00000000
0x15ceeee8:   01f13c00 7a8e7b65 01f13c00 00000000
0x15ceeef8:   01c4e858 15ceef58 7a8e84ce 159afce8
0x15ceef08:   159afce8 159af5d8 01f13c00 159af5d8 

Instructions: (pc=0x7b58bfda)
0x7b58bfba:   b4 1d 00 00 e9 4a 01 00 00 89 45 b4 8b b5 a0 fe
0x7b58bfca:   ff ff 8d 45 a8 8b b6 10 1e 00 00 e9 33 01 00 00
0x7b58bfda:   f3 0f 10 02 33 c9 8b 44 37 18 41 f3 0f 11 45 a8
0x7b58bfea:   3b c1 7e 2a f3 0f 10 42 04 f3 0f 11 45 ac 83 f8 


Register to memory mapping:

EAX=0x00000006 is an unknown value
EBX=0x00000015 is an unknown value
ECX=0x00000000 is an unknown value
EDX=0x00000000 is an unknown value
ESP=0x15ceee98 is pointing into the stack for thread: 0x01f13c00
EBP=0x15cef008 is pointing into the stack for thread: 0x01f13c00
ESI=0x17ba3988 is an unknown value
EDI=0x000004ec is an unknown value


Stack: [0x15ca0000,0x15cf0000],  sp=0x15ceee98,  free space=315k
Native frames: (J=compiled Java code, j=interpreted, Vv=VM code, C=native code)
C  [igxelpicd32.dll+0x8bbfda]
C  [igxelpicd32.dll+0x8bbad4]
C  [igxelpicd32.dll+0x8cd3dc]
C  [igxelpicd32.dll+0x8ce9fd]
C  [OPENGL32.dll+0x2cb55]
C  [lwjgl.dll+0x9d43]
j  org.lwjgl.opengl.GL11.glDrawArrays(III)V+20
j  com.mojang.minecraft.renderer.Tesselator.end()V+76
j  com.mojang.minecraft.renderer.LevelRenderer.compileSurroundingGround()V+590
j  com.mojang.minecraft.Minecraft.setLevel(Lcom/mojang/minecraft/level/Level;)V+47
j  com.mojang.minecraft.Minecraft.run()V+585
j  java.lang.Thread.run()V+11
v  ~StubRoutines::call_stub
V  [jvm.dll+0x139185]
V  [jvm.dll+0x1f63be]
V  [jvm.dll+0x13921e]
V  [jvm.dll+0x1393a6]
V  [jvm.dll+0x139417]
V  [jvm.dll+0xdf75f]
V  [jvm.dll+0x15bcfc]
V  [jvm.dll+0x15bddb]
V  [jvm.dll+0x19a686]
C  [msvcr100.dll+0x5c556]
C  [msvcr100.dll+0x5c600]
C  [KERNEL32.DLL+0x15d49]
C  [ntdll.dll+0x6cebb]
C  [ntdll.dll+0x6ce41]
C  0x00000000

Java frames: (J=compiled Java code, j=interpreted, Vv=VM code)
j  org.lwjgl.opengl.GL11.nglDrawArrays(IIIJ)V+0
j  org.lwjgl.opengl.GL11.glDrawArrays(III)V+20
j  com.mojang.minecraft.renderer.Tesselator.end()V+76
j  com.mojang.minecraft.renderer.LevelRenderer.compileSurroundingGround()V+590
j  com.mojang.minecraft.Minecraft.setLevel(Lcom/mojang/minecraft/level/Level;)V+47
j  com.mojang.minecraft.Minecraft.run()V+585
j  java.lang.Thread.run()V+11
v  ~StubRoutines::call_stub

---------------  P R O C E S S  ---------------

Java Threads: ( => current thread )
  0x225b6400 JavaThread "Java2D Disposer" daemon [_thread_blocked, id=28312, stack(0x20fa0000,0x20ff0000)]
  0x226ef400 JavaThread "Thread-4" daemon [_thread_in_native, id=31408, stack(0x20c80000,0x20cd0000)]
  0x01b8cc00 JavaThread "DestroyJavaVM" [_thread_blocked, id=17748, stack(0x01a40000,0x01a90000)]
=>0x01f13c00 JavaThread "Thread-0" [_thread_in_native, id=20088, stack(0x15ca0000,0x15cf0000)]
  0x01e2cc00 JavaThread "Service Thread" daemon [_thread_blocked, id=25796, stack(0x15b80000,0x15bd0000)]
  0x01e0dc00 JavaThread "C1 CompilerThread0" daemon [_thread_blocked, id=21112, stack(0x15af0000,0x15b40000)]
  0x01e0cc00 JavaThread "Attach Listener" daemon [_thread_blocked, id=10264, stack(0x15a60000,0x15ab0000)]
  0x01e0ac00 JavaThread "Signal Dispatcher" daemon [_thread_blocked, id=17436, stack(0x05570000,0x055c0000)]
  0x01de6400 JavaThread "Finalizer" daemon [_thread_blocked, id=24608, stack(0x054e0000,0x05530000)]
  0x01d2e400 JavaThread "Reference Handler" daemon [_thread_blocked, id=28592, stack(0x05450000,0x054a0000)]

Other Threads:
  0x01d2b000 VMThread [stack: 0x01d90000,0x01de0000] [id=9936]
  0x01e19400 WatcherThread [stack: 0x15c10000,0x15c60000] [id=32148]

VM state:not at safepoint (normal execution)

VM Mutex/Monitor currently owned by a thread: None

Heap:
 def new generation   total 10048K, used 335K [0x05600000, 0x060e0000, 0x0ab50000)
  eden space 8960K,   3% used [0x05600000, 0x05653ee0, 0x05ec0000)
  from space 1088K,   0% used [0x05ec0000, 0x05ec0000, 0x05fd0000)
  to   space 1088K,   0% used [0x05fd0000, 0x05fd0000, 0x060e0000)
 tenured generation   total 22144K, used 13285K [0x0ab50000, 0x0c0f0000, 0x15600000)
   the space 22144K,  59% used [0x0ab50000, 0x0b8496e8, 0x0b849800, 0x0c0f0000)
 Metaspace       used 5636K, capacity 5795K, committed 5888K, reserved 6528K

Card table byte_map: [0x01b90000,0x01c20000] byte_map_base: 0x01b65000

Polling page: 0x01a90000

CodeCache: size=32768Kb used=1136Kb max_used=1136Kb free=31631Kb
 bounds [0x03410000, 0x03530000, 0x05410000]
 total_blobs=599 nmethods=357 adapters=174
 compilation: enabled

Compilation events (10 events):
Event: 0.953 Thread 0x01e0dc00  353             org.lwjgl.opengl.GLContext::getCapabilitiesImpl (23 bytes)
Event: 0.953 Thread 0x01e0dc00 nmethod 353 0x034bdc88 code [0x034bdd90, 0x034bde6c]
Event: 0.953 Thread 0x01e0dc00  354             org.lwjgl.BufferChecks::checkFunctionAddress (23 bytes)
Event: 0.953 Thread 0x01e0dc00 nmethod 354 0x034bd9c8 code [0x034bdad0, 0x034bdbdc]
Event: 0.953 Thread 0x01e0dc00  355             com.mojang.minecraft.renderer.Chunk::reset (29 bytes)
Event: 0.954 Thread 0x01e0dc00 nmethod 355 0x034bce08 code [0x034bcf90, 0x034bd3c0]
Event: 0.961 Thread 0x01e0dc00  358             com.mojang.minecraft.renderer.Tesselator::vertexUV (42 bytes)
Event: 0.961 Thread 0x01e0dc00 nmethod 358 0x034bc6c8 code [0x034bc7c0, 0x034bc88c]
Event: 0.961 Thread 0x01e0dc00  359             com.mojang.minecraft.renderer.Tesselator::vertex (205 bytes)
Event: 0.961 Thread 0x01e0dc00 nmethod 359 0x034bc188 code [0x034bc2a0, 0x034bc4ac]

GC Heap History (10 events):
Event: 0.393 GC heap before
{Heap before GC invocations=2 (full 0):
 def new generation   total 4928K, used 4456K [0x05600000, 0x05b50000, 0x0ab50000)
  eden space 4416K, 100% used [0x05600000, 0x05a50000, 0x05a50000)
  from space 512K,   7% used [0x05a50000, 0x05a5a070, 0x05ad0000)
  to   space 512K,   0% used [0x05ad0000, 0x05ad0000, 0x05b50000)
 tenured generation   total 10944K, used 4535K [0x0ab50000, 0x0b600000, 0x15600000)
   the space 10944K,  41% used [0x0ab50000, 0x0afbdd70, 0x0afbde00, 0x0b600000)
 Metaspace       used 3490K, capacity 3525K, committed 3648K, reserved 4480K
Event: 0.394 GC heap after
Heap after GC invocations=3 (full 0):
 def new generation   total 4928K, used 512K [0x05600000, 0x05b50000, 0x0ab50000)
  eden space 4416K,   0% used [0x05600000, 0x05600000, 0x05a50000)
  from space 512K, 100% used [0x05ad0000, 0x05b50000, 0x05b50000)
  to   space 512K,   0% used [0x05a50000, 0x05a50000, 0x05ad0000)
 tenured generation   total 10944K, used 5194K [0x0ab50000, 0x0b600000, 0x15600000)
   the space 10944K,  47% used [0x0ab50000, 0x0b0629a8, 0x0b062a00, 0x0b600000)
 Metaspace       used 3490K, capacity 3525K, committed 3648K, reserved 4480K
}
Event: 0.887 GC heap before
{Heap before GC invocations=3 (full 0):
 def new generation   total 4928K, used 4928K [0x05600000, 0x05b50000, 0x0ab50000)
  eden space 4416K, 100% used [0x05600000, 0x05a50000, 0x05a50000)
  from space 512K, 100% used [0x05ad0000, 0x05b50000, 0x05b50000)
  to   space 512K,   0% used [0x05a50000, 0x05a50000, 0x05ad0000)
 tenured generation   total 10944K, used 5194K [0x0ab50000, 0x0b600000, 0x15600000)
   the space 10944K,  47% used [0x0ab50000, 0x0b0629a8, 0x0b062a00, 0x0b600000)
 Metaspace       used 4991K, capacity 5133K, committed 5248K, reserved 5504K
Event: 0.890 GC heap after
Heap after GC invocations=4 (full 0):
 def new generation   total 4928K, used 512K [0x05600000, 0x05b50000, 0x0ab50000)
  eden space 4416K,   0% used [0x05600000, 0x05600000, 0x05a50000)
  from space 512K, 100% used [0x05a50000, 0x05ad0000, 0x05ad0000)
  to   space 512K,   0% used [0x05ad0000, 0x05ad0000, 0x05b50000)
 tenured generation   total 10944K, used 6312K [0x0ab50000, 0x0b600000, 0x15600000)
   the space 10944K,  57% used [0x0ab50000, 0x0b17a0e0, 0x0b17a200, 0x0b600000)
 Metaspace       used 4991K, capacity 5133K, committed 5248K, reserved 5504K
}
Event: 0.921 GC heap before
{Heap before GC invocations=4 (full 0):
 def new generation   total 4928K, used 3671K [0x05600000, 0x05b50000, 0x0ab50000)
  eden space 4416K,  71% used [0x05600000, 0x05915e50, 0x05a50000)
  from space 512K, 100% used [0x05a50000, 0x05ad0000, 0x05ad0000)
  to   space 512K,   0% used [0x05ad0000, 0x05ad0000, 0x05b50000)
 tenured generation   total 10944K, used 6312K [0x0ab50000, 0x0b600000, 0x15600000)
   the space 10944K,  57% used [0x0ab50000, 0x0b17a0e0, 0x0b17a200, 0x0b600000)
 Metaspace       used 5610K, capacity 5761K, committed 5888K, reserved 6528K
Event: 0.923 GC heap after
Heap after GC invocations=5 (full 0):
 def new generation   total 4928K, used 70K [0x05600000, 0x05b50000, 0x0ab50000)
  eden space 4416K,   0% used [0x05600000, 0x05600000, 0x05a50000)
  from space 512K,  13% used [0x05ad0000, 0x05ae19f8, 0x05b50000)
  to   space 512K,   0% used [0x05a50000, 0x05a50000, 0x05ad0000)
 tenured generation   total 10944K, used 8856K [0x0ab50000, 0x0b600000, 0x15600000)
   the space 10944K,  80% used [0x0ab50000, 0x0b3f61f8, 0x0b3f6200, 0x0b600000)
 Metaspace       used 5610K, capacity 5761K, committed 5888K, reserved 6528K
}
Event: 0.932 GC heap before
{Heap before GC invocations=5 (full 0):
 def new generation   total 4928K, used 4262K [0x05600000, 0x05b50000, 0x0ab50000)
  eden space 4416K,  94% used [0x05600000, 0x05a18110, 0x05a50000)
  from space 512K,  13% used [0x05ad0000, 0x05ae19f8, 0x05b50000)
  to   space 512K,   0% used [0x05a50000, 0x05a50000, 0x05ad0000)
 tenured generation   total 10944K, used 8856K [0x0ab50000, 0x0b600000, 0x15600000)
   the space 10944K,  80% used [0x0ab50000, 0x0b3f61f8, 0x0b3f6200, 0x0b600000)
 Metaspace       used 5620K, capacity 5763K, committed 5888K, reserved 6528K
Event: 0.937 GC heap after
Heap after GC invocations=6 (full 1):
 def new generation   total 9792K, used 0K [0x05600000, 0x060a0000, 0x0ab50000)
  eden space 8704K,   0% used [0x05600000, 0x05600000, 0x05e80000)
  from space 1088K,   0% used [0x05e80000, 0x05e80000, 0x05f90000)
  to   space 1088K,   0% used [0x05f90000, 0x05f90000, 0x060a0000)
 tenured generation   total 21716K, used 13029K [0x0ab50000, 0x0c085000, 0x15600000)
   the space 21716K,  59% used [0x0ab50000, 0x0b809618, 0x0b809800, 0x0c085000)
 Metaspace       used 5620K, capacity 5763K, committed 5888K, reserved 6528K
}
Event: 0.947 GC heap before
{Heap before GC invocations=6 (full 1):
 def new generation   total 9792K, used 589K [0x05600000, 0x060a0000, 0x0ab50000)
  eden space 8704K,   6% used [0x05600000, 0x05693528, 0x05e80000)
  from space 1088K,   0% used [0x05e80000, 0x05e80000, 0x05f90000)
  to   space 1088K,   0% used [0x05f90000, 0x05f90000, 0x060a0000)
 tenured generation   total 21716K, used 13029K [0x0ab50000, 0x0c085000, 0x15600000)
   the space 21716K,  59% used [0x0ab50000, 0x0b809618, 0x0b809800, 0x0c085000)
 Metaspace       used 5620K, capacity 5763K, committed 5888K, reserved 6528K
Event: 0.950 GC heap after
Heap after GC invocations=7 (full 2):
 def new generation   total 10048K, used 0K [0x05600000, 0x060e0000, 0x0ab50000)
  eden space 8960K,   0% used [0x05600000, 0x05600000, 0x05ec0000)
  from space 1088K,   0% used [0x05ec0000, 0x05ec0000, 0x05fd0000)
  to   space 1088K,   0% used [0x05fd0000, 0x05fd0000, 0x060e0000)
 tenured generation   total 22144K, used 13285K [0x0ab50000, 0x0c0f0000, 0x15600000)
   the space 22144K,  59% used [0x0ab50000, 0x0b8496e8, 0x0b849800, 0x0c0f0000)
 Metaspace       used 5620K, capacity 5763K, committed 5888K, reserved 6528K
}

Deoptimization events (0 events):
No events

Internal exceptions (10 events):
Event: 0.286 Thread 0x01f13c00 Exception <a 'java/security/PrivilegedActionException'> (0x05997b30) thrown at [C:\jenkins\workspace\8-2-build-owindows-i586-cygwin-sans-NAS\jdk8u44\68\hotspot\src\share\vm\prims\jvm.cpp, line 1372]
Event: 0.286 Thread 0x01f13c00 Exception <a 'java/security/PrivilegedActionException'> (0x05997ce0) thrown at [C:\jenkins\workspace\8-2-build-owindows-i586-cygwin-sans-NAS\jdk8u44\68\hotspot\src\share\vm\prims\jvm.cpp, line 1372]
Event: 0.286 Thread 0x01f13c00 Exception <a 'java/security/PrivilegedActionException'> (0x0599cbd8) thrown at [C:\jenkins\workspace\8-2-build-owindows-i586-cygwin-sans-NAS\jdk8u44\68\hotspot\src\share\vm\prims\jvm.cpp, line 1372]
Event: 0.286 Thread 0x01f13c00 Exception <a 'java/security/PrivilegedActionException'> (0x0599cd88) thrown at [C:\jenkins\workspace\8-2-build-owindows-i586-cygwin-sans-NAS\jdk8u44\68\hotspot\src\share\vm\prims\jvm.cpp, line 1372]
Event: 0.286 Thread 0x01f13c00 Exception <a 'java/security/PrivilegedActionException'> (0x0599e950) thrown at [C:\jenkins\workspace\8-2-build-owindows-i586-cygwin-sans-NAS\jdk8u44\68\hotspot\src\share\vm\prims\jvm.cpp, line 1372]
Event: 0.286 Thread 0x01f13c00 Exception <a 'java/security/PrivilegedActionException'> (0x0599eb00) thrown at [C:\jenkins\workspace\8-2-build-owindows-i586-cygwin-sans-NAS\jdk8u44\68\hotspot\src\share\vm\prims\jvm.cpp, line 1372]
Event: 0.527 Thread 0x01f13c00 Exception <a 'java/io/FileNotFoundException'> (0x057fd470) thrown at [C:\jenkins\workspace\8-2-build-owindows-i586-cygwin-sans-NAS\jdk8u44\68\hotspot\src\share\vm\prims\jni.cpp, line 709]
Event: 0.527 Thread 0x01f13c00 Exception <a 'java/io/FileNotFoundException'> (0x057fdf00) thrown at [C:\jenkins\workspace\8-2-build-owindows-i586-cygwin-sans-NAS\jdk8u44\68\hotspot\src\share\vm\prims\jni.cpp, line 709]
Event: 0.884 Thread 0x01f13c00 Exception <a 'java/lang/NoSuchFieldError': method resolution failed> (0x05a0e8e0) thrown at [C:\jenkins\workspace\8-2-build-owindows-i586-cygwin-sans-NAS\jdk8u44\68\hotspot\src\share\vm\prims\methodHandles.cpp, line 1125]
Event: 0.885 Thread 0x01f13c00 Exception <a 'java/lang/NoSuchFieldError': method resolution failed> (0x05a1ba40) thrown at [C:\jenkins\workspace\8-2-build-owindows-i586-cygwin-sans-NAS\jdk8u44\68\hotspot\src\share\vm\prims\methodHandles.cpp, line 1125]

Events (10 events):
Event: 0.950 loading class com/mojang/minecraft/player/Player done
Event: 0.951 loading class com/mojang/minecraft/particle/ParticleEngine
Event: 0.951 loading class com/mojang/minecraft/particle/ParticleEngine done
Event: 0.952 loading class com/mojang/minecraft/player/Inventory
Event: 0.952 loading class com/mojang/minecraft/player/Inventory done
Event: 0.952 loading class com/mojang/minecraft/User
Event: 0.952 loading class com/mojang/minecraft/User done
Event: 0.952 loading class com/mojang/minecraft/renderer/Chunk
Event: 0.952 loading class com/mojang/minecraft/renderer/Chunk done
Event: 0.953 Thread 0x01e0dc00 flushing nmethod 0x034bc148


Dynamic libraries:
0x00860000 - 0x00891000 	C:\Users\Administartor\Downloads\TEXTURE PACKS\openjdk-8u44-windows-i586\java-se-8u44-ri\bin\javaw.exe
0x77820000 - 0x779da000 	C:\WINDOWS\SYSTEM32\ntdll.dll
0x755b0000 - 0x756a0000 	C:\WINDOWS\System32\KERNEL32.DLL
0x75a00000 - 0x75c99000 	C:\WINDOWS\System32\KERNELBASE.dll
0x75460000 - 0x754df000 	C:\WINDOWS\System32\ADVAPI32.dll
0x77420000 - 0x774e7000 	C:\WINDOWS\System32\msvcrt.dll
0x754f0000 - 0x75573000 	C:\WINDOWS\System32\sechost.dll
0x77230000 - 0x772e9000 	C:\WINDOWS\System32\RPCRT4.dll
0x756b0000 - 0x75873000 	C:\WINDOWS\System32\USER32.dll
0x75880000 - 0x7589a000 	C:\WINDOWS\System32\win32u.dll
0x75580000 - 0x755a2000 	C:\WINDOWS\System32\GDI32.dll
0x77720000 - 0x7780b000 	C:\WINDOWS\System32\gdi32full.dll
0x771a0000 - 0x77225000 	C:\WINDOWS\System32\msvcp_win.dll
0x76da0000 - 0x76eb0000 	C:\WINDOWS\System32\ucrtbase.dll
0x74ba0000 - 0x74dc7000 	C:\WINDOWS\WinSxS\x86_microsoft.windows.common-controls_6595b64144ccf1df_6.0.26100.2454_none_85b89f79f7add666\COMCTL32.dll
0x75ca0000 - 0x75cc5000 	C:\WINDOWS\System32\IMM32.DLL
0x7a7a0000 - 0x7a85f000 	C:\Users\Administartor\Downloads\TEXTURE PACKS\openjdk-8u44-windows-i586\java-se-8u44-ri\jre\bin\msvcr100.dll
0x7a880000 - 0x7ac03000 	C:\Users\Administartor\Downloads\TEXTURE PACKS\openjdk-8u44-windows-i586\java-se-8u44-ri\jre\bin\client\jvm.dll
0x76170000 - 0x76176000 	C:\WINDOWS\System32\PSAPI.DLL
0x74dd0000 - 0x74e03000 	C:\WINDOWS\SYSTEM32\WINMM.dll
0x74b00000 - 0x74b08000 	C:\WINDOWS\SYSTEM32\VERSION.dll
0x75260000 - 0x75268000 	C:\WINDOWS\SYSTEM32\WSOCK32.dll
0x77690000 - 0x776f0000 	C:\WINDOWS\System32\WS2_32.dll
0x601c0000 - 0x601cc000 	C:\Users\Administartor\Downloads\TEXTURE PACKS\openjdk-8u44-windows-i586\java-se-8u44-ri\jre\bin\verify.dll
0x60190000 - 0x601b1000 	C:\Users\Administartor\Downloads\TEXTURE PACKS\openjdk-8u44-windows-i586\java-se-8u44-ri\jre\bin\java.dll
0x7a860000 - 0x7a873000 	C:\Users\Administartor\Downloads\TEXTURE PACKS\openjdk-8u44-windows-i586\java-se-8u44-ri\jre\bin\zip.dll
0x767a0000 - 0x76d88000 	C:\WINDOWS\System32\SHELL32.dll
0x742d0000 - 0x74982000 	C:\WINDOWS\SYSTEM32\windows.storage.dll
0x75d90000 - 0x7600f000 	C:\WINDOWS\System32\combase.dll
0x75cd0000 - 0x75d8c000 	C:\WINDOWS\System32\SHCORE.dll
0x77150000 - 0x7719b000 	C:\WINDOWS\System32\shlwapi.dll
0x74250000 - 0x74271000 	C:\WINDOWS\SYSTEM32\profapi.dll
0x15cf0000 - 0x15d3f000 	C:\Users\Administartor\Desktop\astra-eagler-main\classicport\classic-0.0.21a\desktopRuntime\lwjgl.dll
0x62a90000 - 0x62b73000 	C:\WINDOWS\SYSTEM32\OPENGL32.dll
0x6abc0000 - 0x6ac02000 	C:\WINDOWS\SYSTEM32\GLU32.dll
0x6dd60000 - 0x6dd99000 	C:\WINDOWS\SYSTEM32\dxcore.dll
0x513a0000 - 0x51440000 	C:\WINDOWS\SYSTEM32\mscms.dll
0x74230000 - 0x74244000 	C:\WINDOWS\SYSTEM32\kernel.appcore.dll
0x77620000 - 0x77689000 	C:\WINDOWS\System32\bcryptPrimitives.dll
0x77390000 - 0x77411000 	C:\WINDOWS\System32\clbcatq.dll
0x7ac50000 - 0x7aca0000 	C:\Windows\System32\Windows.Internal.Graphics.Display.DisplayColorManagement.dll
0x76290000 - 0x7632e000 	C:\WINDOWS\System32\OLEAUT32.dll
0x741e0000 - 0x74229000 	C:\WINDOWS\SYSTEM32\cfgmgr32.dll
0x74b10000 - 0x74b92000 	C:\WINDOWS\system32\uxtheme.dll
0x77030000 - 0x77147000 	C:\WINDOWS\System32\MSCTF.dll
0x6c890000 - 0x6c8dc000 	C:\WINDOWS\SYSTEM32\directxdatabasehelper.dll
0x50500000 - 0x50515000 	C:\WINDOWS\SYSTEM32\windows.staterepositorycore.dll
0x7acd0000 - 0x7baff000 	C:\WINDOWS\System32\DriverStore\FileRepository\iigd_dch.inf_amd64_a582115f5de863e1\igxelpicd32.dll
0x758a0000 - 0x759f5000 	C:\WINDOWS\System32\ole32.dll
0x6bc40000 - 0x6bc65000 	C:\WINDOWS\system32\dwmapi.dll
0x6cb30000 - 0x6cc28000 	C:\WINDOWS\system32\dxgi.dll
0x7bb00000 - 0x7bc01000 	C:\WINDOWS\System32\DriverStore\FileRepository\iigd_dch.inf_amd64_a582115f5de863e1\igdml32.dll
0x50030000 - 0x50367000 	C:\WINDOWS\System32\DriverStore\FileRepository\iigd_dch.inf_amd64_a582115f5de863e1\igdgmm32.dll
0x67e50000 - 0x67e74000 	C:\WINDOWS\SYSTEM32\DEVOBJ.dll
0x76030000 - 0x76096000 	C:\WINDOWS\System32\WINTRUST.dll
0x76180000 - 0x76287000 	C:\WINDOWS\System32\CRYPT32.dll
0x6d9e0000 - 0x6d9ee000 	C:\WINDOWS\SYSTEM32\MSASN1.dll
0x67fe0000 - 0x680e1000 	C:\WINDOWS\SYSTEM32\textinputframework.dll
0x6c3d0000 - 0x6c4ab000 	C:\WINDOWS\SYSTEM32\CoreMessaging.dll
0x7bc10000 - 0x7bea2000 	C:\WINDOWS\SYSTEM32\CoreUIComponents.dll
0x73e60000 - 0x73f59000 	C:\WINDOWS\SYSTEM32\wintypes.dll
0x74280000 - 0x7428b000 	C:\WINDOWS\SYSTEM32\CRYPTBASE.DLL
0x7beb0000 - 0x7beed000 	C:\WINDOWS\SYSTEM32\icm32.dll
0x1bd40000 - 0x1f542000 	C:\WINDOWS\System32\DriverStore\FileRepository\iigd_dch.inf_amd64_a582115f5de863e1\igc32.dll
0x73900000 - 0x73945000 	C:\WINDOWS\SYSTEM32\powrprof.dll
0x738e0000 - 0x738ee000 	C:\WINDOWS\SYSTEM32\UMPDC.dll
0x20a00000 - 0x20a13000 	C:\Users\Administartor\Desktop\astra-eagler-main\classicport\classic-0.0.21a\desktopRuntime\jinput-dx8.dll
0x6c620000 - 0x6c658000 	C:\WINDOWS\SYSTEM32\DINPUT8.dll
0x6c4b0000 - 0x6c61d000 	C:\WINDOWS\SYSTEM32\inputhost.dll
0x6f990000 - 0x6f99b000 	C:\WINDOWS\SYSTEM32\HID.DLL
0x76340000 - 0x7678f000 	C:\WINDOWS\System32\SETUPAPI.DLL
0x20ba0000 - 0x20bb2000 	C:\Users\Administartor\Desktop\astra-eagler-main\classicport\classic-0.0.21a\desktopRuntime\jinput-raw.dll
0x7bef0000 - 0x7c034000 	C:\Users\Administartor\Downloads\TEXTURE PACKS\openjdk-8u44-windows-i586\java-se-8u44-ri\jre\bin\awt.dll
0x736c0000 - 0x7376c000 	C:\WINDOWS\SYSTEM32\apphelp.dll
0x74990000 - 0x749a5000 	C:\WINDOWS\SYSTEM32\CRYPTSP.dll
0x74290000 - 0x742c1000 	C:\WINDOWS\system32\rsaenh.dll
0x74f00000 - 0x74f1f000 	C:\WINDOWS\SYSTEM32\USERENV.dll
0x74a80000 - 0x74a9a000 	C:\WINDOWS\SYSTEM32\bcrypt.dll
0x7ac30000 - 0x7ac45000 	C:\Users\Administartor\Downloads\TEXTURE PACKS\openjdk-8u44-windows-i586\java-se-8u44-ri\jre\bin\net.dll
0x73350000 - 0x733a2000 	C:\WINDOWS\system32\mswsock.dll
0x74f30000 - 0x74f55000 	C:\WINDOWS\SYSTEM32\IPHLPAPI.DLL
0x76d90000 - 0x76d97000 	C:\WINDOWS\System32\NSI.dll
0x72420000 - 0x72438000 	C:\WINDOWS\SYSTEM32\dhcpcsvc6.DLL
0x72400000 - 0x7241d000 	C:\WINDOWS\SYSTEM32\dhcpcsvc.DLL
0x73bc0000 - 0x73c9b000 	C:\WINDOWS\SYSTEM32\DNSAPI.dll
0x60180000 - 0x6018f000 	C:\Users\Administartor\Downloads\TEXTURE PACKS\openjdk-8u44-windows-i586\java-se-8u44-ri\jre\bin\nio.dll
0x75270000 - 0x7544f000 	C:\WINDOWS\SYSTEM32\dbghelp.dll

VM Arguments:
jvm_args: -Djava.library.path=C:\Users\Administartor\Desktop\astra-eagler-main\classicport\classic-0.0.21a\desktopRuntime -Dfile.encoding=UTF-8 -Dstdout.encoding=UTF-8 -Dstderr.encoding=UTF-8 
java_command: com.demez.minecraft.Client.Client -Xmx8G -Xms4G
java_class_path (initial): C:\Users\Administartor\Desktop\astra-eagler-main\classicport\classic-0.0.21a\desktopRuntime\EclipseProject\bin;C:\Users\Administartor\Desktop\astra-eagler-main\classicport\classic-0.0.21a\desktopRuntime\EclipseProject\deps-fix\asm-9.2.jar;C:\Users\Administartor\Desktop\astra-eagler-main\classicport\classic-0.0.21a\desktopRuntime\EclipseProject\deps-fix\asm-tree-9.2.jar;C:\Users\Administartor\Desktop\astra-eagler-main\classicport\classic-0.0.21a\desktopRuntime\EclipseProject\deps-fix\json-20230311.jar;C:\Users\Administartor\Desktop\astra-eagler-main\classicport\classic-0.0.21a\desktopRuntime\EclipseProject\deps-fix\jutils-1.0.0.jar;C:\Users\Administartor\Desktop\astra-eagler-main\classicport\classic-0.0.21a\desktopRuntime\EclipseProject\deps-fix\lwjgl_util-2.9.4.jar;C:\Users\Administartor\Desktop\astra-eagler-main\classicport\classic-0.0.21a\desktopRuntime\EclipseProject\deps-fix\lwjgl-2.9.4.jar;C:\Users\Administartor\Desktop\astra-eagler-main\classicport\classic-0.0.21a\desktopRuntime\EclipseProject\deps-fix\jinput-2.0.5.jar
Launcher Type: SUN_STANDARD

Environment Variables:
JAVA_HOME=C:\Program Files\Eclipse Adoptium\jdk-17.0.12.7-hotspot\
CLASSPATH=C:\Program Files\Apryse Software\Xodo PDF Studio\lib\xodopdfstudio.jar;C:\Program Files\Apryse Software\Xodo PDF Studio\lib\cmaps.jar
PATH=C:/Program Files/Eclipse Adoptium/jdk-21.0.4.7-hotspot/bin/server;C:/Program Files/Eclipse Adoptium/jdk-21.0.4.7-hotspot/bin;C:\Program Files\Eclipse Adoptium\jdk-17.0.12.7-hotspot\bin;C:\Program Files\Eclipse Adoptium\jdk-21.0.4.7-hotspot\bin;C:\Program Files\Eclipse Adoptium\jdk-8.0.422.5-hotspot\bin;C:\Program Files\Eclipse Foundation\jdk-16.0.2.7-hotspot\bin;C:\WINDOWS\system32;C:\WINDOWS;C:\WINDOWS\System32\Wbem;C:\WINDOWS\System32\WindowsPowerShell\v1.0\;C:\WINDOWS\System32\OpenSSH\;C:\Program Files\NVIDIA Corporation\NVIDIA NvDLISR;C:\Program Files (x86)\NVIDIA Corporation\PhysX\Common;C:\Program Files\Git\cmd;C:\Program Files\Apryse Software\Xodo PDF Studio\jre\bin\server;C:\Program Files\dotnet\;C:\Program Files\nodejs\;C:\Program Files\Cloudflare\Cloudflare WARP\;C:\Program Files\playit_gg\bin\;C:\Users\Administartor\AppData\Local\Programs\Python\Python313\Scripts\;C:\Users\Administartor\AppData\Local\Programs\Python\Python313\;C:\Users\Administartor\AppData\Local\Programs\Python\Launcher\;C:\Users\Administartor\AppData\Local\Microsoft\WindowsApps;C:\Users\Administartor\AppData\Local\GitHubDesktop\bin;C:\Users\Administartor\AppData\Local\Programs\Microsoft VS Code\bin;C:\Users\Administartor\AppData\Local\JetBrains\Toolbox\scripts;C:\Users\Administartor\.dotnet\tools;C:\Users\Administartor\AppData\Local\Microsoft\WindowsApps;C:\Users\Administartor\AppData\Roaming\npm;C:\WINDOWS\system32;
USERNAME=Administartor
OS=Windows_NT
PROCESSOR_IDENTIFIER=Intel64 Family 6 Model 154 Stepping 3, GenuineIntel



---------------  S Y S T E M  ---------------

OS: Windows 10.0 , 64 bit Build 26100 (10.0.26100.2454)

CPU:total 20 (10 cores per cpu, 2 threads per core) family 6 model 154 stepping 3, cmov, cx8, fxsr, mmx, sse, sse2, sse3, ssse3, sse4.1, sse4.2, popcnt, avx, avx2, aes, clmul, erms, 3dnowpref, lzcnt, ht, tsc, tscinvbit, bmi1, bmi2, adx

Memory: 4k page, physical 16495096k(2525588k free), swap 37466616k(10368864k free)

vm_info: OpenJDK Client VM (25.40-b25) for windows-x86 JRE (1.8.0_44-b02), built on May 22 2024 04:06:09 by "java_re" with MS VC++ 10.0 (VS2010)

time: Sat Jan 25 09:50:43 2025
elapsed time: 0 seconds (0d 0h 0m 0s)

