#
# A fatal error has been detected by the Java Runtime Environment:
#
#  EXCEPTION_ACCESS_VIOLATION (0xc0000005) at pc=0x00007ffb4b64382d, pid=14776, tid=30308
#
# JRE version: OpenJDK Runtime Environment Temurin-21.0.4+7 (21.0.4+7) (build 21.0.4+7-LTS)
# Java VM: OpenJDK 64-Bit Server VM Temurin-21.0.4+7 (21.0.4+7-LTS, mixed mode, sharing, tiered, compressed oops, compressed class ptrs, g1 gc, windows-amd64)
# Problematic frame:
# C  [igxelpicd64.dll+0xa2382d]
#
# No core dump will be written. Minidumps are not enabled by default on client versions of Windows
#
# If you would like to submit a bug report, please visit:
#   https://github.com/adoptium/adoptium-support/issues
# The crash happened outside the Java Virtual Machine in native code.
# See problematic frame for where to report the bug.
#

---------------  S U M M A R Y ------------

Command Line: -Djava.library.path=C:\Users\Administartor\Desktop\astra-eagler-main\classicport\classic-0.0.21a\desktopRuntime -Dfile.encoding=UTF-8 -Dstdout.encoding=UTF-8 -Dstderr.encoding=UTF-8 -XX:+ShowCodeDetailsInExceptionMessages com.demez.minecraft.Client.Client

Host: 12th Gen Intel(R) Core(TM) i7-12700H, 20 cores, 15G,  Windows 11 , 64 bit Build 26100 (10.0.26100.2454)
Time: Sat Jan 25 08:35:43 2025 Türkiye Standart Saati elapsed time: 0.993588 seconds (0d 0h 0m 0s)

---------------  T H R E A D  ---------------

Current thread (0x000001f5932a9780):  JavaThread "Thread-0"         [_thread_in_native, id=30308, stack(0x0000006ce9700000,0x0000006ce9800000) (1024K)]

Stack: [0x0000006ce9700000,0x0000006ce9800000],  sp=0x0000006ce97feb00,  free space=1018k
Native frames: (J=compiled Java code, j=interpreted, Vv=VM code, C=native code)
C  [igxelpicd64.dll+0xa2382d]

Java frames: (J=compiled Java code, j=interpreted, Vv=VM code)
j  org.lwjgl.opengl.GL11.nglDrawArrays(IIIJ)V+0
j  org.lwjgl.opengl.GL11.glDrawArrays(III)V+20
j  com.mojang.minecraft.renderer.Tesselator.end()V+76
j  com.mojang.minecraft.renderer.LevelRenderer.compileSurroundingGround()V+590
j  com.mojang.minecraft.Minecraft.setLevel(Lcom/mojang/minecraft/level/Level;)V+47
j  com.mojang.minecraft.Minecraft.run()V+592
j  java.lang.Thread.runWith(Ljava/lang/Object;Ljava/lang/Runnable;)V+5 java.base@21.0.4
j  java.lang.Thread.run()V+19 java.base@21.0.4
v  ~StubRoutines::call_stub 0x000001f53cf6100d

siginfo: EXCEPTION_ACCESS_VIOLATION (0xc0000005), reading address 0x0000000000000000


Registers:
RAX=0x0000000000000000, RBX=0x000001f59612e440, RCX=0x0000000000000000, RDX=0x0000000000000000
RSP=0x0000006ce97feb00, RBP=0x0000006ce97fec00, RSI=0x0000000000000015, RDI=0x00000000000000bd
R8 =0x0000000000000000, R9 =0x0000000000000000, R10=0x000001f59655d660, R11=0x00000007056390d0
R12=0x0000000000000069, R13=0x0000000000000001, R14=0x000001f596578d80, R15=0x0000000000000000
RIP=0x00007ffb4b64382d, EFLAGS=0x0000000000010246


Register to memory mapping:

RAX=0x0 is null
RBX=0x000001f59612e440 points into unknown readable memory: 0x0000000000000000 | 00 00 00 00 00 00 00 00
RCX=0x0 is null
RDX=0x0 is null
RSP=0x0000006ce97feb00 is pointing into the stack for thread: 0x000001f5932a9780
RBP=0x0000006ce97fec00 is pointing into the stack for thread: 0x000001f5932a9780
RSI=0x0000000000000015 is an unknown value
RDI=0x00000000000000bd is an unknown value
R8 =0x0 is null
R9 =0x0 is null
R10=0x000001f59655d660 points into unknown readable memory: 0x000001f59d676100 | 00 61 67 9d f5 01 00 00
R11=0x00000007056390d0 is an oop: java.lang.Class 
{0x00000007056390d0} - klass: 'java/lang/Class'
 - ---- fields (total size 280 words):
 - private volatile transient 'classRedefinedCount' 'I' @12  0 (0x00000000)
 - injected 'klass' 'J' @16  2153104079752 (0x000001f54f00fb88)
 - injected 'array_klass' 'J' @24  0 (0x0000000000000000)
 - injected 'oop_size' 'I' @32  280 (0x00000118)
 - injected 'static_oop_field_count' 'I' @36  0 (0x00000000)
 - private volatile transient 'cachedConstructor' 'Ljava/lang/reflect/Constructor;' @40  null (0x00000000)
 - private transient 'name' 'Ljava/lang/String;' @44  "org.lwjgl.opengl.GL11"{0x0000000705639990} (0xe0ac7332)
 - private transient 'module' 'Ljava/lang/Module;' @48  a 'java/lang/Module'{0x0000000705a6efe0} (0xe0b4ddfc)
 - private final 'classLoader' 'Ljava/lang/ClassLoader;' @52  a 'jdk/internal/loader/ClassLoaders$AppClassLoader'{0x0000000705a6ee20} (0xe0b4ddc4)
 - private transient 'classData' 'Ljava/lang/Object;' @56  null (0x00000000)
 - private transient 'packageName' 'Ljava/lang/String;' @60  "org.lwjgl.opengl"{0x0000000705877888} (0xe0b0ef11)
 - private final 'componentType' 'Ljava/lang/Class;' @64  null (0x00000000)
 - private volatile transient 'reflectionData' 'Ljava/lang/ref/SoftReference;' @68  null (0x00000000)
 - private volatile transient 'genericInfo' 'Lsun/reflect/generics/repository/ClassRepository;' @72  null (0x00000000)
 - private volatile transient 'enumConstants' '[Ljava/lang/Object;' @76  null (0x00000000)
 - private volatile transient 'enumConstantDirectory' 'Ljava/util/Map;' @80  null (0x00000000)
 - private volatile transient 'annotationData' 'Ljava/lang/Class$AnnotationData;' @84  null (0x00000000)
 - private volatile transient 'annotationType' 'Lsun/reflect/annotation/AnnotationType;' @88  null (0x00000000)
 - transient 'classValueMap' 'Ljava/lang/ClassValue$ClassValueMap;' @92  null (0x00000000)
 - injected 'protection_domain' 'Ljava/lang/Object;' @96  a 'java/security/ProtectionDomain'{0x000000070586b358} (0xe0b0d66b)
 - injected 'signers_name' 'Ljava/lang/Object;' @100  null (0x00000000)
 - injected 'source_file' 'Ljava/lang/Object;' @104  null (0x00000000)
 - signature: Lorg/lwjgl/opengl/GL11;
 - ---- static fields (0):
 - public static final 'GL_ACCUM' 'I' @112  256 (0x00000100)
 - public static final 'GL_LOAD' 'I' @116  257 (0x00000101)
 - public static final 'GL_RETURN' 'I' @120  258 (0x00000102)
 - public static final 'GL_MULT' 'I' @124  259 (0x00000103)
 - public static final 'GL_ADD' 'I' @128  260 (0x00000104)
 - public static final 'GL_NEVER' 'I' @132  512 (0x00000200)
 - public static final 'GL_LESS' 'I' @136  513 (0x00000201)
 - public static final 'GL_EQUAL' 'I' @140  514 (0x00000202)
 - public static final 'GL_LEQUAL' 'I' @144  515 (0x00000203)
 - public static final 'GL_GREATER' 'I' @148  516 (0x00000204)
 - public static final 'GL_NOTEQUAL' 'I' @152  517 (0x00000205)
 - public static final 'GL_GEQUAL' 'I' @156  518 (0x00000206)
 - public static final 'GL_ALWAYS' 'I' @160  519 (0x00000207)
 - public static final 'GL_CURRENT_BIT' 'I' @164  1 (0x00000001)
 - public static final 'GL_POINT_BIT' 'I' @168  2 (0x00000002)
 - public static final 'GL_LINE_BIT' 'I' @172  4 (0x00000004)
 - public static final 'GL_POLYGON_BIT' 'I' @176  8 (0x00000008)
 - public static final 'GL_POLYGON_STIPPLE_BIT' 'I' @180  16 (0x00000010)
 - public static final 'GL_PIXEL_MODE_BIT' 'I' @184  32 (0x00000020)
 - public static final 'GL_LIGHTING_BIT' 'I' @188  64 (0x00000040)
 - public static final 'GL_FOG_BIT' 'I' @192  128 (0x00000080)
 - public static final 'GL_DEPTH_BUFFER_BIT' 'I' @196  256 (0x00000100)
 - public static final 'GL_ACCUM_BUFFER_BIT' 'I' @200  512 (0x00000200)
 - public static final 'GL_STENCIL_BUFFER_BIT' 'I' @204  1024 (0x00000400)
 - public static final 'GL_VIEWPORT_BIT' 'I' @208  2048 (0x00000800)
 - public static final 'GL_TRANSFORM_BIT' 'I' @212  4096 (0x00001000)
 - public static final 'GL_ENABLE_BIT' 'I' @216  8192 (0x00002000)
 - public static final 'GL_COLOR_BUFFER_BIT' 'I' @220  16384 (0x00004000)
 - public static final 'GL_HINT_BIT' 'I' @224  32768 (0x00008000)
 - public static final 'GL_EVAL_BIT' 'I' @228  65536 (0x00010000)
 - public static final 'GL_LIST_BIT' 'I' @232  131072 (0x00020000)
 - public static final 'GL_TEXTURE_BIT' 'I' @236  262144 (0x00040000)
 - public static final 'GL_SCISSOR_BIT' 'I' @240  524288 (0x00080000)
 - public static final 'GL_ALL_ATTRIB_BITS' 'I' @244  1048575 (0x000fffff)
 - public static final 'GL_POINTS' 'I' @248  0 (0x00000000)
 - public static final 'GL_LINES' 'I' @252  1 (0x00000001)
 - public static final 'GL_LINE_LOOP' 'I' @256  2 (0x00000002)
 - public static final 'GL_LINE_STRIP' 'I' @260  3 (0x00000003)
 - public static final 'GL_TRIANGLES' 'I' @264  4 (0x00000004)
 - public static final 'GL_TRIANGLE_STRIP' 'I' @268  5 (0x00000005)
 - public static final 'GL_TRIANGLE_FAN' 'I' @272  6 (0x00000006)
 - public static final 'GL_QUADS' 'I' @276  7 (0x00000007)
 - public static final 'GL_QUAD_STRIP' 'I' @280  8 (0x00000008)
 - public static final 'GL_POLYGON' 'I' @284  9 (0x00000009)
 - public static final 'GL_ZERO' 'I' @288  0 (0x00000000)
 - public static final 'GL_ONE' 'I' @292  1 (0x00000001)
 - public static final 'GL_SRC_COLOR' 'I' @296  768 (0x00000300)
 - public static final 'GL_ONE_MINUS_SRC_COLOR' 'I' @300  769 (0x00000301)
 - public static final 'GL_SRC_ALPHA' 'I' @304  770 (0x00000302)
 - public static final 'GL_ONE_MINUS_SRC_ALPHA' 'I' @308  771 (0x00000303)
 - public static final 'GL_DST_ALPHA' 'I' @312  772 (0x00000304)
 - public static final 'GL_ONE_MINUS_DST_ALPHA' 'I' @316  773 (0x00000305)
 - public static final 'GL_DST_COLOR' 'I' @320  774 (0x00000306)
 - public static final 'GL_ONE_MINUS_DST_COLOR' 'I' @324  775 (0x00000307)
 - public static final 'GL_SRC_ALPHA_SATURATE' 'I' @328  776 (0x00000308)
 - public static final 'GL_CONSTANT_COLOR' 'I' @332  32769 (0x00008001)
 - public static final 'GL_ONE_MINUS_CONSTANT_COLOR' 'I' @336  32770 (0x00008002)
 - public static final 'GL_CONSTANT_ALPHA' 'I' @340  32771 (0x00008003)
 - public static final 'GL_ONE_MINUS_CONSTANT_ALPHA' 'I' @344  32772 (0x00008004)
 - public static final 'GL_TRUE' 'I' @348  1 (0x00000001)
 - public static final 'GL_FALSE' 'I' @352  0 (0x00000000)
 - public static final 'GL_CLIP_PLANE0' 'I' @356  12288 (0x00003000)
 - public static final 'GL_CLIP_PLANE1' 'I' @360  12289 (0x00003001)
 - public static final 'GL_CLIP_PLANE2' 'I' @364  12290 (0x00003002)
 - public static final 'GL_CLIP_PLANE3' 'I' @368  12291 (0x00003003)
 - public static final 'GL_CLIP_PLANE4' 'I' @372  12292 (0x00003004)
 - public static final 'GL_CLIP_PLANE5' 'I' @376  12293 (0x00003005)
 - public static final 'GL_BYTE' 'I' @380  5120 (0x00001400)
 - public static final 'GL_UNSIGNED_BYTE' 'I' @384  5121 (0x00001401)
 - public static final 'GL_SHORT' 'I' @388  5122 (0x00001402)
 - public static final 'GL_UNSIGNED_SHORT' 'I' @392  5123 (0x00001403)
 - public static final 'GL_INT' 'I' @396  5124 (0x00001404)
 - public static final 'GL_UNSIGNED_INT' 'I' @400  5125 (0x00001405)
 - public static final 'GL_FLOAT' 'I' @404  5126 (0x00001406)
 - public static final 'GL_2_BYTES' 'I' @408  5127 (0x00001407)
 - public static final 'GL_3_BYTES' 'I' @412  5128 (0x00001408)
 - public static final 'GL_4_BYTES' 'I' @416  5129 (0x00001409)
 - public static final 'GL_DOUBLE' 'I' @420  5130 (0x0000140a)
 - public static final 'GL_NONE' 'I' @424  0 (0x00000000)
 - public static final 'GL_FRONT_LEFT' 'I' @428  1024 (0x00000400)
 - public static final 'GL_FRONT_RIGHT' 'I' @432  1025 (0x00000401)
 - public static final 'GL_BACK_LEFT' 'I' @436  1026 (0x00000402)
 - public static final 'GL_BACK_RIGHT' 'I' @440  1027 (0x00000403)
 - public static final 'GL_FRONT' 'I' @444  1028 (0x00000404)
 - public static final 'GL_BACK' 'I' @448  1029 (0x00000405)
 - public static final 'GL_LEFT' 'I' @452  1030 (0x00000406)
 - public static final 'GL_RIGHT' 'I' @456  1031 (0x00000407)
 - public static final 'GL_FRONT_AND_BACK' 'I' @460  1032 (0x00000408)
 - public static final 'GL_AUX0' 'I' @464  1033 (0x00000409)
 - public static final 'GL_AUX1' 'I' @468  1034 (0x0000040a)
 - public static final 'GL_AUX2' 'I' @472  1035 (0x0000040b)
 - public static final 'GL_AUX3' 'I' @476  1036 (0x0000040c)
 - public static final 'GL_NO_ERROR' 'I' @480  0 (0x00000000)
 - public static final 'GL_INVALID_ENUM' 'I' @484  1280 (0x00000500)
 - public static final 'GL_INVALID_VALUE' 'I' @488  1281 (0x00000501)
 - public static final 'GL_INVALID_OPERATION' 'I' @492  1282 (0x00000502)
 - public static final 'GL_STACK_OVERFLOW' 'I' @496  1283 (0x00000503)
 - public static final 'GL_STACK_UNDERFLOW' 'I' @500  1284 (0x00000504)
 - public static final 'GL_OUT_OF_MEMORY' 'I' @504  1285 (0x00000505)
 - public static final 'GL_2D' 'I' @508  1536 (0x00000600)
 - public static final 'GL_3D' 'I' @512  1537 (0x00000601)
 - public static final 'GL_3D_COLOR' 'I' @516  1538 (0x00000602)
 - public static final 'GL_3D_COLOR_TEXTURE' 'I' @520  1539 (0x00000603)
 - public static final 'GL_4D_COLOR_TEXTURE' 'I' @524  1540 (0x00000604)
 - public static final 'GL_PASS_THROUGH_TOKEN' 'I' @528  1792 (0x00000700)
 - public static final 'GL_POINT_TOKEN' 'I' @532  1793 (0x00000701)
 - public static final 'GL_LINE_TOKEN' 'I' @536  1794 (0x00000702)
 - public static final 'GL_POLYGON_TOKEN' 'I' @540  1795 (0x00000703)
 - public static final 'GL_BITMAP_TOKEN' 'I' @544  1796 (0x00000704)
 - public static final 'GL_DRAW_PIXEL_TOKEN' 'I' @548  1797 (0x00000705)
 - public static final 'GL_COPY_PIXEL_TOKEN' 'I' @552  1798 (0x00000706)
 - public static final 'GL_LINE_RESET_TOKEN' 'I' @556  1799 (0x00000707)
 - public static final 'GL_EXP' 'I' @560  2048 (0x00000800)
 - public static final 'GL_EXP2' 'I' @564  2049 (0x00000801)
 - public static final 'GL_CW' 'I' @568  2304 (0x00000900)
 - public static final 'GL_CCW' 'I' @572  2305 (0x00000901)
 - public static final 'GL_COEFF' 'I' @576  2560 (0x00000a00)
 - public static final 'GL_ORDER' 'I' @580  2561 (0x00000a01)
 - public static final 'GL_DOMAIN' 'I' @584  2562 (0x00000a02)
 - public static final 'GL_CURRENT_COLOR' 'I' @588  2816 (0x00000b00)
 - public static final 'GL_CURRENT_INDEX' 'I' @592  2817 (0x00000b01)
 - public static final 'GL_CURRENT_NORMAL' 'I' @596  2818 (0x00000b02)
 - public static final 'GL_CURRENT_TEXTURE_COORDS' 'I' @600  2819 (0x00000b03)
 - public static final 'GL_CURRENT_RASTER_COLOR' 'I' @604  2820 (0x00000b04)
 - public static final 'GL_CURRENT_RASTER_INDEX' 'I' @608  2821 (0x00000b05)
 - public static final 'GL_CURRENT_RASTER_TEXTURE_COORDS' 'I' @612  2822 (0x00000b06)
 - public static final 'GL_CURRENT_RASTER_POSITION' 'I' @616  2823 (0x00000b07)
 - public static final 'GL_CURRENT_RASTER_POSITION_VALID' 'I' @620  2824 (0x00000b08)
 - public static final 'GL_CURRENT_RASTER_DISTANCE' 'I' @624  2825 (0x00000b09)
 - public static final 'GL_POINT_SMOOTH' 'I' @628  2832 (0x00000b10)
 - public static final 'GL_POINT_SIZE' 'I' @632  2833 (0x00000b11)
 - public static final 'GL_POINT_SIZE_RANGE' 'I' @636  2834 (0x00000b12)
 - public static final 'GL_POINT_SIZE_GRANULARITY' 'I' @640  2835 (0x00000b13)
 - public static final 'GL_LINE_SMOOTH' 'I' @644  2848 (0x00000b20)
 - public static final 'GL_LINE_WIDTH' 'I' @648  2849 (0x00000b21)
 - public static final 'GL_LINE_WIDTH_RANGE' 'I' @652  2850 (0x00000b22)
 - public static final 'GL_LINE_WIDTH_GRANULARITY' 'I' @656  2851 (0x00000b23)
 - public static final 'GL_LINE_STIPPLE' 'I' @660  2852 (0x00000b24)
 - public static final 'GL_LINE_STIPPLE_PATTERN' 'I' @664  2853 (0x00000b25)
 - public static final 'GL_LINE_STIPPLE_REPEAT' 'I' @668  2854 (0x00000b26)
 - public static final 'GL_LIST_MODE' 'I' @672  2864 (0x00000b30)
 - public static final 'GL_MAX_LIST_NESTING' 'I' @676  2865 (0x00000b31)
 - public static final 'GL_LIST_BASE' 'I' @680  2866 (0x00000b32)
 - public static final 'GL_LIST_INDEX' 'I' @684  2867 (0x00000b33)
 - public static final 'GL_POLYGON_MODE' 'I' @688  2880 (0x00000b40)
 - public static final 'GL_POLYGON_SMOOTH' 'I' @692  2881 (0x00000b41)
 - public static final 'GL_POLYGON_STIPPLE' 'I' @696  2882 (0x00000b42)
 - public static final 'GL_EDGE_FLAG' 'I' @700  2883 (0x00000b43)
 - public static final 'GL_CULL_FACE' 'I' @704  2884 (0x00000b44)
 - public static final 'GL_CULL_FACE_MODE' 'I' @708  2885 (0x00000b45)
 - public static final 'GL_FRONT_FACE' 'I' @712  2886 (0x00000b46)
 - public static final 'GL_LIGHTING' 'I' @716  2896 (0x00000b50)
 - public static final 'GL_LIGHT_MODEL_LOCAL_VIEWER' 'I' @720  2897 (0x00000b51)
 - public static final 'GL_LIGHT_MODEL_TWO_SIDE' 'I' @724  2898 (0x00000b52)
 - public static final 'GL_LIGHT_MODEL_AMBIENT' 'I' @728  2899 (0x00000b53)
 - public static final 'GL_SHADE_MODEL' 'I' @732  2900 (0x00000b54)
 - public static final 'GL_COLOR_MATERIAL_FACE' 'I' @736  2901 (0x00000b55)
 - public static final 'GL_COLOR_MATERIAL_PARAMETER' 'I' @740  2902 (0x00000b56)
 - public static final 'GL_COLOR_MATERIAL' 'I' @744  2903 (0x00000b57)
 - public static final 'GL_FOG' 'I' @748  2912 (0x00000b60)
 - public static final 'GL_FOG_INDEX' 'I' @752  2913 (0x00000b61)
 - public static final 'GL_FOG_DENSITY' 'I' @756  2914 (0x00000b62)
 - public static final 'GL_FOG_START' 'I' @760  2915 (0x00000b63)
 - public static final 'GL_FOG_END' 'I' @764  2916 (0x00000b64)
 - public static final 'GL_FOG_MODE' 'I' @768  2917 (0x00000b65)
 - public static final 'GL_FOG_COLOR' 'I' @772  2918 (0x00000b66)
 - public static final 'GL_DEPTH_RANGE' 'I' @776  2928 (0x00000b70)
 - public static final 'GL_DEPTH_TEST' 'I' @780  2929 (0x00000b71)
 - public static final 'GL_DEPTH_WRITEMASK' 'I' @784  2930 (0x00000b72)
 - public static final 'GL_DEPTH_CLEAR_VALUE' 'I' @788  2931 (0x00000b73)
 - public static final 'GL_DEPTH_FUNC' 'I' @792  2932 (0x00000b74)
 - public static final 'GL_ACCUM_CLEAR_VALUE' 'I' @796  2944 (0x00000b80)
 - public static final 'GL_STENCIL_TEST' 'I' @800  2960 (0x00000b90)
 - public static final 'GL_STENCIL_CLEAR_VALUE' 'I' @804  2961 (0x00000b91)
 - public static final 'GL_STENCIL_FUNC' 'I' @808  2962 (0x00000b92)
 - public static final 'GL_STENCIL_VALUE_MASK' 'I' @812  2963 (0x00000b93)
 - public static final 'GL_STENCIL_FAIL' 'I' @816  2964 (0x00000b94)
 - public static final 'GL_STENCIL_PASS_DEPTH_FAIL' 'I' @820  2965 (0x00000b95)
 - public static final 'GL_STENCIL_PASS_DEPTH_PASS' 'I' @824  2966 (0x00000b96)
 - public static final 'GL_STENCIL_REF' 'I' @828  2967 (0x00000b97)
 - public static final 'GL_STENCIL_WRITEMASK' 'I' @832  2968 (0x00000b98)
 - public static final 'GL_MATRIX_MODE' 'I' @836  2976 (0x00000ba0)
 - public static final 'GL_NORMALIZE' 'I' @840  2977 (0x00000ba1)
 - public static final 'GL_VIEWPORT' 'I' @844  2978 (0x00000ba2)
 - public static final 'GL_MODELVIEW_STACK_DEPTH' 'I' @848  2979 (0x00000ba3)
 - public static final 'GL_PROJECTION_STACK_DEPTH' 'I' @852  2980 (0x00000ba4)
 - public static final 'GL_TEXTURE_STACK_DEPTH' 'I' @856  2981 (0x00000ba5)
 - public static final 'GL_MODELVIEW_MATRIX' 'I' @860  2982 (0x00000ba6)
 - public static final 'GL_PROJECTION_MATRIX' 'I' @864  2983 (0x00000ba7)
 - public static final 'GL_TEXTURE_MATRIX' 'I' @868  2984 (0x00000ba8)
 - public static final 'GL_ATTRIB_STACK_DEPTH' 'I' @872  2992 (0x00000bb0)
 - public static final 'GL_CLIENT_ATTRIB_STACK_DEPTH' 'I' @876  2993 (0x00000bb1)
 - public static final 'GL_ALPHA_TEST' 'I' @880  3008 (0x00000bc0)
 - public static final 'GL_ALPHA_TEST_FUNC' 'I' @884  3009 (0x00000bc1)
 - public static final 'GL_ALPHA_TEST_REF' 'I' @888  3010 (0x00000bc2)
 - public static final 'GL_DITHER' 'I' @892  3024 (0x00000bd0)
 - public static final 'GL_BLEND_DST' 'I' @896  3040 (0x00000be0)
 - public static final 'GL_BLEND_SRC' 'I' @900  3041 (0x00000be1)
 - public static final 'GL_BLEND' 'I' @904  3042 (0x00000be2)
 - public static final 'GL_LOGIC_OP_MODE' 'I' @908  3056 (0x00000bf0)
 - public static final 'GL_INDEX_LOGIC_OP' 'I' @912  3057 (0x00000bf1)
 - public static final 'GL_COLOR_LOGIC_OP' 'I' @916  3058 (0x00000bf2)
 - public static final 'GL_AUX_BUFFERS' 'I' @920  3072 (0x00000c00)
 - public static final 'GL_DRAW_BUFFER' 'I' @924  3073 (0x00000c01)
 - public static final 'GL_READ_BUFFER' 'I' @928  3074 (0x00000c02)
 - public static final 'GL_SCISSOR_BOX' 'I' @932  3088 (0x00000c10)
 - public static final 'GL_SCISSOR_TEST' 'I' @936  3089 (0x00000c11)
 - public static final 'GL_INDEX_CLEAR_VALUE' 'I' @940  3104 (0x00000c20)
 - public static final 'GL_INDEX_WRITEMASK' 'I' @944  3105 (0x00000c21)
 - public static final 'GL_COLOR_CLEAR_VALUE' 'I' @948  3106 (0x00000c22)
 - public static final 'GL_COLOR_WRITEMASK' 'I' @952  3107 (0x00000c23)
 - public static final 'GL_INDEX_MODE' 'I' @956  3120 (0x00000c30)
 - public static final 'GL_RGBA_MODE' 'I' @960  3121 (0x00000c31)
 - public static final 'GL_DOUBLEBUFFER' 'I' @964  3122 (0x00000c32)
 - public static final 'GL_STEREO' 'I' @968  3123 (0x00000c33)
 - public static final 'GL_RENDER_MODE' 'I' @972  3136 (0x00000c40)
 - public static final 'GL_PERSPECTIVE_CORRECTION_HINT' 'I' @976  3152 (0x00000c50)
 - public static final 'GL_POINT_SMOOTH_HINT' 'I' @980  3153 (0x00000c51)
 - public static final 'GL_LINE_SMOOTH_HINT' 'I' @984  3154 (0x00000c52)
 - public static final 'GL_POLYGON_SMOOTH_HINT' 'I' @988  3155 (0x00000c53)
 - public static final 'GL_FOG_HINT' 'I' @992  3156 (0x00000c54)
 - public static final 'GL_TEXTURE_GEN_S' 'I' @996  3168 (0x00000c60)
 - public static final 'GL_TEXTURE_GEN_T' 'I' @1000  3169 (0x00000c61)
 - public static final 'GL_TEXTURE_GEN_R' 'I' @1004  3170 (0x00000c62)
 - public static final 'GL_TEXTURE_GEN_Q' 'I' @1008  3171 (0x00000c63)
 - public static final 'GL_PIXEL_MAP_I_TO_I' 'I' @1012  3184 (0x00000c70)
 - public static final 'GL_PIXEL_MAP_S_TO_S' 'I' @1016  3185 (0x00000c71)
 - public static final 'GL_PIXEL_MAP_I_TO_R' 'I' @1020  3186 (0x00000c72)
 - public static final 'GL_PIXEL_MAP_I_TO_G' 'I' @1024  3187 (0x00000c73)
 - public static final 'GL_PIXEL_MAP_I_TO_B' 'I' @1028  3188 (0x00000c74)
 - public static final 'GL_PIXEL_MAP_I_TO_A' 'I' @1032  3189 (0x00000c75)
 - public static final 'GL_PIXEL_MAP_R_TO_R' 'I' @1036  3190 (0x00000c76)
 - public static final 'GL_PIXEL_MAP_G_TO_G' 'I' @1040  3191 (0x00000c77)
 - public static final 'GL_PIXEL_MAP_B_TO_B' 'I' @1044  3192 (0x00000c78)
 - public static final 'GL_PIXEL_MAP_A_TO_A' 'I' @1048  3193 (0x00000c79)
 - public static final 'GL_PIXEL_MAP_I_TO_I_SIZE' 'I' @1052  3248 (0x00000cb0)
 - public static final 'GL_PIXEL_MAP_S_TO_S_SIZE' 'I' @1056  3249 (0x00000cb1)
 - public static final 'GL_PIXEL_MAP_I_TO_R_SIZE' 'I' @1060  3250 (0x00000cb2)
 - public static final 'GL_PIXEL_MAP_I_TO_G_SIZE' 'I' @1064  3251 (0x00000cb3)
 - public static final 'GL_PIXEL_MAP_I_TO_B_SIZE' 'I' @1068  3252 (0x00000cb4)
 - public static final 'GL_PIXEL_MAP_I_TO_A_SIZE' 'I' @1072  3253 (0x00000cb5)
 - public static final 'GL_PIXEL_MAP_R_TO_R_SIZE' 'I' @1076  3254 (0x00000cb6)
 - public static final 'GL_PIXEL_MAP_G_TO_G_SIZE' 'I' @1080  3255 (0x00000cb7)
 - public static final 'GL_PIXEL_MAP_B_TO_B_SIZE' 'I' @1084  3256 (0x00000cb8)
 - public static final 'GL_PIXEL_MAP_A_TO_A_SIZE' 'I' @1088  3257 (0x00000cb9)
 - public static final 'GL_UNPACK_SWAP_BYTES' 'I' @1092  3312 (0x00000cf0)
 - public static final 'GL_UNPACK_LSB_FIRST' 'I' @1096  3313 (0x00000cf1)
 - public static final 'GL_UNPACK_ROW_LENGTH' 'I' @1100  3314 (0x00000cf2)
 - public static final 'GL_UNPACK_SKIP_ROWS' 'I' @1104  3315 (0x00000cf3)
 - public static final 'GL_UNPACK_SKIP_PIXELS' 'I' @1108  3316 (0x00000cf4)
 - public static final 'GL_UNPACK_ALIGNMENT' 'I' @1112  3317 (0x00000cf5)
 - public static final 'GL_PACK_SWAP_BYTES' 'I' @1116  3328 (0x00000d00)
 - public static final 'GL_PACK_LSB_FIRST' 'I' @1120  3329 (0x00000d01)
 - public static final 'GL_PACK_ROW_LENGTH' 'I' @1124  3330 (0x00000d02)
 - public static final 'GL_PACK_SKIP_ROWS' 'I' @1128  3331 (0x00000d03)
 - public static final 'GL_PACK_SKIP_PIXELS' 'I' @1132  3332 (0x00000d04)
 - public static final 'GL_PACK_ALIGNMENT' 'I' @1136  3333 (0x00000d05)
 - public static final 'GL_MAP_COLOR' 'I' @1140  3344 (0x00000d10)
 - public static final 'GL_MAP_STENCIL' 'I' @1144  3345 (0x00000d11)
 - public static final 'GL_INDEX_SHIFT' 'I' @1148  3346 (0x00000d12)
 - public static final 'GL_INDEX_OFFSET' 'I' @1152  3347 (0x00000d13)
 - public static final 'GL_RED_SCALE' 'I' @1156  3348 (0x00000d14)
 - public static final 'GL_RED_BIAS' 'I' @1160  3349 (0x00000d15)
 - public static final 'GL_ZOOM_X' 'I' @1164  3350 (0x00000d16)
 - public static final 'GL_ZOOM_Y' 'I' @1168  3351 (0x00000d17)
 - public static final 'GL_GREEN_SCALE' 'I' @1172  3352 (0x00000d18)
 - public static final 'GL_GREEN_BIAS' 'I' @1176  3353 (0x00000d19)
 - public static final 'GL_BLUE_SCALE' 'I' @1180  3354 (0x00000d1a)
 - public static final 'GL_BLUE_BIAS' 'I' @1184  3355 (0x00000d1b)
 - public static final 'GL_ALPHA_SCALE' 'I' @1188  3356 (0x00000d1c)
 - public static final 'GL_ALPHA_BIAS' 'I' @1192  3357 (0x00000d1d)
 - public static final 'GL_DEPTH_SCALE' 'I' @1196  3358 (0x00000d1e)
 - public static final 'GL_DEPTH_BIAS' 'I' @1200  3359 (0x00000d1f)
 - public static final 'GL_MAX_EVAL_ORDER' 'I' @1204  3376 (0x00000d30)
 - public static final 'GL_MAX_LIGHTS' 'I' @1208  3377 (0x00000d31)
 - public static final 'GL_MAX_CLIP_PLANES' 'I' @1212  3378 (0x00000d32)
 - public static final 'GL_MAX_TEXTURE_SIZE' 'I' @1216  3379 (0x00000d33)
 - public static final 'GL_MAX_PIXEL_MAP_TABLE' 'I' @1220  3380 (0x00000d34)
 - public static final 'GL_MAX_ATTRIB_STACK_DEPTH' 'I' @1224  3381 (0x00000d35)
 - public static final 'GL_MAX_MODELVIEW_STACK_DEPTH' 'I' @1228  3382 (0x00000d36)
 - public static final 'GL_MAX_NAME_STACK_DEPTH' 'I' @1232  3383 (0x00000d37)
 - public static final 'GL_MAX_PROJECTION_STACK_DEPTH' 'I' @1236  3384 (0x00000d38)
 - public static final 'GL_MAX_TEXTURE_STACK_DEPTH' 'I' @1240  3385 (0x00000d39)
 - public static final 'GL_MAX_VIEWPORT_DIMS' 'I' @1244  3386 (0x00000d3a)
 - public static final 'GL_MAX_CLIENT_ATTRIB_STACK_DEPTH' 'I' @1248  3387 (0x00000d3b)
 - public static final 'GL_SUBPIXEL_BITS' 'I' @1252  3408 (0x00000d50)
 - public static final 'GL_INDEX_BITS' 'I' @1256  3409 (0x00000d51)
 - public static final 'GL_RED_BITS' 'I' @1260  3410 (0x00000d52)
 - public static final 'GL_GREEN_BITS' 'I' @1264  3411 (0x00000d53)
 - public static final 'GL_BLUE_BITS' 'I' @1268  3412 (0x00000d54)
 - public static final 'GL_ALPHA_BITS' 'I' @1272  3413 (0x00000d55)
 - public static final 'GL_DEPTH_BITS' 'I' @1276  3414 (0x00000d56)
 - public static final 'GL_STENCIL_BITS' 'I' @1280  3415 (0x00000d57)
 - public static final 'GL_ACCUM_RED_BITS' 'I' @1284  3416 (0x00000d58)
 - public static final 'GL_ACCUM_GREEN_BITS' 'I' @1288  3417 (0x00000d59)
 - public static final 'GL_ACCUM_BLUE_BITS' 'I' @1292  3418 (0x00000d5a)
 - public static final 'GL_ACCUM_ALPHA_BITS' 'I' @1296  3419 (0x00000d5b)
 - public static final 'GL_NAME_STACK_DEPTH' 'I' @1300  3440 (0x00000d70)
 - public static final 'GL_AUTO_NORMAL' 'I' @1304  3456 (0x00000d80)
 - public static final 'GL_MAP1_COLOR_4' 'I' @1308  3472 (0x00000d90)
 - public static final 'GL_MAP1_INDEX' 'I' @1312  3473 (0x00000d91)
 - public static final 'GL_MAP1_NORMAL' 'I' @1316  3474 (0x00000d92)
 - public static final 'GL_MAP1_TEXTURE_COORD_1' 'I' @1320  3475 (0x00000d93)
 - public static final 'GL_MAP1_TEXTURE_COORD_2' 'I' @1324  3476 (0x00000d94)
 - public static final 'GL_MAP1_TEXTURE_COORD_3' 'I' @1328  3477 (0x00000d95)
 - public static final 'GL_MAP1_TEXTURE_COORD_4' 'I' @1332  3478 (0x00000d96)
 - public static final 'GL_MAP1_VERTEX_3' 'I' @1336  3479 (0x00000d97)
 - public static final 'GL_MAP1_VERTEX_4' 'I' @1340  3480 (0x00000d98)
 - public static final 'GL_MAP2_COLOR_4' 'I' @1344  3504 (0x00000db0)
 - public static final 'GL_MAP2_INDEX' 'I' @1348  3505 (0x00000db1)
 - public static final 'GL_MAP2_NORMAL' 'I' @1352  3506 (0x00000db2)
 - public static final 'GL_MAP2_TEXTURE_COORD_1' 'I' @1356  3507 (0x00000db3)
 - public static final 'GL_MAP2_TEXTURE_COORD_2' 'I' @1360  3508 (0x00000db4)
 - public static final 'GL_MAP2_TEXTURE_COORD_3' 'I' @1364  3509 (0x00000db5)
 - public static final 'GL_MAP2_TEXTURE_COORD_4' 'I' @1368  3510 (0x00000db6)
 - public static final 'GL_MAP2_VERTEX_3' 'I' @1372  3511 (0x00000db7)
 - public static final 'GL_MAP2_VERTEX_4' 'I' @1376  3512 (0x00000db8)
 - public static final 'GL_MAP1_GRID_DOMAIN' 'I' @1380  3536 (0x00000dd0)
 - public static final 'GL_MAP1_GRID_SEGMENTS' 'I' @1384  3537 (0x00000dd1)
 - public static final 'GL_MAP2_GRID_DOMAIN' 'I' @1388  3538 (0x00000dd2)
 - public static final 'GL_MAP2_GRID_SEGMENTS' 'I' @1392  3539 (0x00000dd3)
 - public static final 'GL_TEXTURE_1D' 'I' @1396  3552 (0x00000de0)
 - public static final 'GL_TEXTURE_2D' 'I' @1400  3553 (0x00000de1)
 - public static final 'GL_FEEDBACK_BUFFER_POINTER' 'I' @1404  3568 (0x00000df0)
 - public static final 'GL_FEEDBACK_BUFFER_SIZE' 'I' @1408  3569 (0x00000df1)
 - public static final 'GL_FEEDBACK_BUFFER_TYPE' 'I' @1412  3570 (0x00000df2)
 - public static final 'GL_SELECTION_BUFFER_POINTER' 'I' @1416  3571 (0x00000df3)
 - public static final 'GL_SELECTION_BUFFER_SIZE' 'I' @1420  3572 (0x00000df4)
 - public static final 'GL_TEXTURE_WIDTH' 'I' @1424  4096 (0x00001000)
 - public static final 'GL_TEXTURE_HEIGHT' 'I' @1428  4097 (0x00001001)
 - public static final 'GL_TEXTURE_INTERNAL_FORMAT' 'I' @1432  4099 (0x00001003)
 - public static final 'GL_TEXTURE_BORDER_COLOR' 'I' @1436  4100 (0x00001004)
 - public static final 'GL_TEXTURE_BORDER' 'I' @1440  4101 (0x00001005)
 - public static final 'GL_DONT_CARE' 'I' @1444  4352 (0x00001100)
 - public static final 'GL_FASTEST' 'I' @1448  4353 (0x00001101)
 - public static final 'GL_NICEST' 'I' @1452  4354 (0x00001102)
 - public static final 'GL_LIGHT0' 'I' @1456  16384 (0x00004000)
 - public static final 'GL_LIGHT1' 'I' @1460  16385 (0x00004001)
 - public static final 'GL_LIGHT2' 'I' @1464  16386 (0x00004002)
 - public static final 'GL_LIGHT3' 'I' @1468  16387 (0x00004003)
 - public static final 'GL_LIGHT4' 'I' @1472  16388 (0x00004004)
 - public static final 'GL_LIGHT5' 'I' @1476  16389 (0x00004005)
 - public static final 'GL_LIGHT6' 'I' @1480  16390 (0x00004006)
 - public static final 'GL_LIGHT7' 'I' @1484  16391 (0x00004007)
 - public static final 'GL_AMBIENT' 'I' @1488  4608 (0x00001200)
 - public static final 'GL_DIFFUSE' 'I' @1492  4609 (0x00001201)
 - public static final 'GL_SPECULAR' 'I' @1496  4610 (0x00001202)
 - public static final 'GL_POSITION' 'I' @1500  4611 (0x00001203)
 - public static final 'GL_SPOT_DIRECTION' 'I' @1504  4612 (0x00001204)
 - public static final 'GL_SPOT_EXPONENT' 'I' @1508  4613 (0x00001205)
 - public static final 'GL_SPOT_CUTOFF' 'I' @1512  4614 (0x00001206)
 - public static final 'GL_CONSTANT_ATTENUATION' 'I' @1516  4615 (0x00001207)
 - public static final 'GL_LINEAR_ATTENUATION' 'I' @1520  4616 (0x00001208)
 - public static final 'GL_QUADRATIC_ATTENUATION' 'I' @1524  4617 (0x00001209)
 - public static final 'GL_COMPILE' 'I' @1528  4864 (0x00001300)
 - public static final 'GL_COMPILE_AND_EXECUTE' 'I' @1532  4865 (0x00001301)
 - public static final 'GL_CLEAR' 'I' @1536  5376 (0x00001500)
 - public static final 'GL_AND' 'I' @1540  5377 (0x00001501)
 - public static final 'GL_AND_REVERSE' 'I' @1544  5378 (0x00001502)
 - public static final 'GL_COPY' 'I' @1548  5379 (0x00001503)
 - public static final 'GL_AND_INVERTED' 'I' @1552  5380 (0x00001504)
 - public static final 'GL_NOOP' 'I' @1556  5381 (0x00001505)
 - public static final 'GL_XOR' 'I' @1560  5382 (0x00001506)
 - public static final 'GL_OR' 'I' @1564  5383 (0x00001507)
 - public static final 'GL_NOR' 'I' @1568  5384 (0x00001508)
 - public static final 'GL_EQUIV' 'I' @1572  5385 (0x00001509)
 - public static final 'GL_INVERT' 'I' @1576  5386 (0x0000150a)
 - public static final 'GL_OR_REVERSE' 'I' @1580  5387 (0x0000150b)
 - public static final 'GL_COPY_INVERTED' 'I' @1584  5388 (0x0000150c)
 - public static final 'GL_OR_INVERTED' 'I' @1588  5389 (0x0000150d)
 - public static final 'GL_NAND' 'I' @1592  5390 (0x0000150e)
 - public static final 'GL_SET' 'I' @1596  5391 (0x0000150f)
 - public static final 'GL_EMISSION' 'I' @1600  5632 (0x00001600)
 - public static final 'GL_SHININESS' 'I' @1604  5633 (0x00001601)
 - public static final 'GL_AMBIENT_AND_DIFFUSE' 'I' @1608  5634 (0x00001602)
 - public static final 'GL_COLOR_INDEXES' 'I' @1612  5635 (0x00001603)
 - public static final 'GL_MODELVIEW' 'I' @1616  5888 (0x00001700)
 - public static final 'GL_PROJECTION' 'I' @1620  5889 (0x00001701)
 - public static final 'GL_TEXTURE' 'I' @1624  5890 (0x00001702)
 - public static final 'GL_COLOR' 'I' @1628  6144 (0x00001800)
 - public static final 'GL_DEPTH' 'I' @1632  6145 (0x00001801)
 - public static final 'GL_STENCIL' 'I' @1636  6146 (0x00001802)
 - public static final 'GL_COLOR_INDEX' 'I' @1640  6400 (0x00001900)
 - public static final 'GL_STENCIL_INDEX' 'I' @1644  6401 (0x00001901)
 - public static final 'GL_DEPTH_COMPONENT' 'I' @1648  6402 (0x00001902)
 - public static final 'GL_RED' 'I' @1652  6403 (0x00001903)
 - public static final 'GL_GREEN' 'I' @1656  6404 (0x00001904)
 - public static final 'GL_BLUE' 'I' @1660  6405 (0x00001905)
 - public static final 'GL_ALPHA' 'I' @1664  6406 (0x00001906)
 - public static final 'GL_RGB' 'I' @1668  6407 (0x00001907)
 - public static final 'GL_RGBA' 'I' @1672  6408 (0x00001908)
 - public static final 'GL_LUMINANCE' 'I' @1676  6409 (0x00001909)
 - public static final 'GL_LUMINANCE_ALPHA' 'I' @1680  6410 (0x0000190a)
 - public static final 'GL_BITMAP' 'I' @1684  6656 (0x00001a00)
 - public static final 'GL_POINT' 'I' @1688  6912 (0x00001b00)
 - public static final 'GL_LINE' 'I' @1692  6913 (0x00001b01)
 - public static final 'GL_FILL' 'I' @1696  6914 (0x00001b02)
 - public static final 'GL_RENDER' 'I' @1700  7168 (0x00001c00)
 - public static final 'GL_FEEDBACK' 'I' @1704  7169 (0x00001c01)
 - public static final 'GL_SELECT' 'I' @1708  7170 (0x00001c02)
 - public static final 'GL_FLAT' 'I' @1712  7424 (0x00001d00)
 - public static final 'GL_SMOOTH' 'I' @1716  7425 (0x00001d01)
 - public static final 'GL_KEEP' 'I' @1720  7680 (0x00001e00)
 - public static final 'GL_REPLACE' 'I' @1724  7681 (0x00001e01)
 - public static final 'GL_INCR' 'I' @1728  7682 (0x00001e02)
 - public static final 'GL_DECR' 'I' @1732  7683 (0x00001e03)
 - public static final 'GL_VENDOR' 'I' @1736  7936 (0x00001f00)
 - public static final 'GL_RENDERER' 'I' @1740  7937 (0x00001f01)
 - public static final 'GL_VERSION' 'I' @1744  7938 (0x00001f02)
 - public static final 'GL_EXTENSIONS' 'I' @1748  7939 (0x00001f03)
 - public static final 'GL_S' 'I' @1752  8192 (0x00002000)
 - public static final 'GL_T' 'I' @1756  8193 (0x00002001)
 - public static final 'GL_R' 'I' @1760  8194 (0x00002002)
 - public static final 'GL_Q' 'I' @1764  8195 (0x00002003)
 - public static final 'GL_MODULATE' 'I' @1768  8448 (0x00002100)
 - public static final 'GL_DECAL' 'I' @1772  8449 (0x00002101)
 - public static final 'GL_TEXTURE_ENV_MODE' 'I' @1776  8704 (0x00002200)
 - public static final 'GL_TEXTURE_ENV_COLOR' 'I' @1780  8705 (0x00002201)
 - public static final 'GL_TEXTURE_ENV' 'I' @1784  8960 (0x00002300)
 - public static final 'GL_EYE_LINEAR' 'I' @1788  9216 (0x00002400)
 - public static final 'GL_OBJECT_LINEAR' 'I' @1792  9217 (0x00002401)
 - public static final 'GL_SPHERE_MAP' 'I' @1796  9218 (0x00002402)
 - public static final 'GL_TEXTURE_GEN_MODE' 'I' @1800  9472 (0x00002500)
 - public static final 'GL_OBJECT_PLANE' 'I' @1804  9473 (0x00002501)
 - public static final 'GL_EYE_PLANE' 'I' @1808  9474 (0x00002502)
 - public static final 'GL_NEAREST' 'I' @1812  9728 (0x00002600)
 - public static final 'GL_LINEAR' 'I' @1816  9729 (0x00002601)
 - public static final 'GL_NEAREST_MIPMAP_NEAREST' 'I' @1820  9984 (0x00002700)
 - public static final 'GL_LINEAR_MIPMAP_NEAREST' 'I' @1824  9985 (0x00002701)
 - public static final 'GL_NEAREST_MIPMAP_LINEAR' 'I' @1828  9986 (0x00002702)
 - public static final 'GL_LINEAR_MIPMAP_LINEAR' 'I' @1832  9987 (0x00002703)
 - public static final 'GL_TEXTURE_MAG_FILTER' 'I' @1836  10240 (0x00002800)
 - public static final 'GL_TEXTURE_MIN_FILTER' 'I' @1840  10241 (0x00002801)
 - public static final 'GL_TEXTURE_WRAP_S' 'I' @1844  10242 (0x00002802)
 - public static final 'GL_TEXTURE_WRAP_T' 'I' @1848  10243 (0x00002803)
 - public static final 'GL_CLAMP' 'I' @1852  10496 (0x00002900)
 - public static final 'GL_REPEAT' 'I' @1856  10497 (0x00002901)
 - public static final 'GL_CLIENT_PIXEL_STORE_BIT' 'I' @1860  1 (0x00000001)
 - public static final 'GL_CLIENT_VERTEX_ARRAY_BIT' 'I' @1864  2 (0x00000002)
 - public static final 'GL_ALL_CLIENT_ATTRIB_BITS' 'I' @1868  -1 (0xffffffff)
 - public static final 'GL_POLYGON_OFFSET_FACTOR' 'I' @1872  32824 (0x00008038)
 - public static final 'GL_POLYGON_OFFSET_UNITS' 'I' @1876  10752 (0x00002a00)
 - public static final 'GL_POLYGON_OFFSET_POINT' 'I' @1880  10753 (0x00002a01)
 - public static final 'GL_POLYGON_OFFSET_LINE' 'I' @1884  10754 (0x00002a02)
 - public static final 'GL_POLYGON_OFFSET_FILL' 'I' @1888  32823 (0x00008037)
 - public static final 'GL_ALPHA4' 'I' @1892  32827 (0x0000803b)
 - public static final 'GL_ALPHA8' 'I' @1896  32828 (0x0000803c)
 - public static final 'GL_ALPHA12' 'I' @1900  32829 (0x0000803d)
 - public static final 'GL_ALPHA16' 'I' @1904  32830 (0x0000803e)
 - public static final 'GL_LUMINANCE4' 'I' @1908  32831 (0x0000803f)
 - public static final 'GL_LUMINANCE8' 'I' @1912  32832 (0x00008040)
 - public static final 'GL_LUMINANCE12' 'I' @1916  32833 (0x00008041)
 - public static final 'GL_LUMINANCE16' 'I' @1920  32834 (0x00008042)
 - public static final 'GL_LUMINANCE4_ALPHA4' 'I' @1924  32835 (0x00008043)
 - public static final 'GL_LUMINANCE6_ALPHA2' 'I' @1928  32836 (0x00008044)
 - public static final 'GL_LUMINANCE8_ALPHA8' 'I' @1932  32837 (0x00008045)
 - public static final 'GL_LUMINANCE12_ALPHA4' 'I' @1936  32838 (0x00008046)
 - public static final 'GL_LUMINANCE12_ALPHA12' 'I' @1940  32839 (0x00008047)
 - public static final 'GL_LUMINANCE16_ALPHA16' 'I' @1944  32840 (0x00008048)
 - public static final 'GL_INTENSITY' 'I' @1948  32841 (0x00008049)
 - public static final 'GL_INTENSITY4' 'I' @1952  32842 (0x0000804a)
 - public static final 'GL_INTENSITY8' 'I' @1956  32843 (0x0000804b)
 - public static final 'GL_INTENSITY12' 'I' @1960  32844 (0x0000804c)
 - public static final 'GL_INTENSITY16' 'I' @1964  32845 (0x0000804d)
 - public static final 'GL_R3_G3_B2' 'I' @1968  10768 (0x00002a10)
 - public static final 'GL_RGB4' 'I' @1972  32847 (0x0000804f)
 - public static final 'GL_RGB5' 'I' @1976  32848 (0x00008050)
 - public static final 'GL_RGB8' 'I' @1980  32849 (0x00008051)
 - public static final 'GL_RGB10' 'I' @1984  32850 (0x00008052)
 - public static final 'GL_RGB12' 'I' @1988  32851 (0x00008053)
 - public static final 'GL_RGB16' 'I' @1992  32852 (0x00008054)
 - public static final 'GL_RGBA2' 'I' @1996  32853 (0x00008055)
 - public static final 'GL_RGBA4' 'I' @2000  32854 (0x00008056)
 - public static final 'GL_RGB5_A1' 'I' @2004  32855 (0x00008057)
 - public static final 'GL_RGBA8' 'I' @2008  32856 (0x00008058)
 - public static final 'GL_RGB10_A2' 'I' @2012  32857 (0x00008059)
 - public static final 'GL_RGBA12' 'I' @2016  32858 (0x0000805a)
 - public static final 'GL_RGBA16' 'I' @2020  32859 (0x0000805b)
 - public static final 'GL_TEXTURE_RED_SIZE' 'I' @2024  32860 (0x0000805c)
 - public static final 'GL_TEXTURE_GREEN_SIZE' 'I' @2028  32861 (0x0000805d)
 - public static final 'GL_TEXTURE_BLUE_SIZE' 'I' @2032  32862 (0x0000805e)
 - public static final 'GL_TEXTURE_ALPHA_SIZE' 'I' @2036  32863 (0x0000805f)
 - public static final 'GL_TEXTURE_LUMINANCE_SIZE' 'I' @2040  32864 (0x00008060)
 - public static final 'GL_TEXTURE_INTENSITY_SIZE' 'I' @2044  32865 (0x00008061)
 - public static final 'GL_PROXY_TEXTURE_1D' 'I' @2048  32867 (0x00008063)
 - public static final 'GL_PROXY_TEXTURE_2D' 'I' @2052  32868 (0x00008064)
 - public static final 'GL_TEXTURE_PRIORITY' 'I' @2056  32870 (0x00008066)
 - public static final 'GL_TEXTURE_RESIDENT' 'I' @2060  32871 (0x00008067)
 - public static final 'GL_TEXTURE_BINDING_1D' 'I' @2064  32872 (0x00008068)
 - public static final 'GL_TEXTURE_BINDING_2D' 'I' @2068  32873 (0x00008069)
 - public static final 'GL_VERTEX_ARRAY' 'I' @2072  32884 (0x00008074)
 - public static final 'GL_NORMAL_ARRAY' 'I' @2076  32885 (0x00008075)
 - public static final 'GL_COLOR_ARRAY' 'I' @2080  32886 (0x00008076)
 - public static final 'GL_INDEX_ARRAY' 'I' @2084  32887 (0x00008077)
 - public static final 'GL_TEXTURE_COORD_ARRAY' 'I' @2088  32888 (0x00008078)
 - public static final 'GL_EDGE_FLAG_ARRAY' 'I' @2092  32889 (0x00008079)
 - public static final 'GL_VERTEX_ARRAY_SIZE' 'I' @2096  32890 (0x0000807a)
 - public static final 'GL_VERTEX_ARRAY_TYPE' 'I' @2100  32891 (0x0000807b)
 - public static final 'GL_VERTEX_ARRAY_STRIDE' 'I' @2104  32892 (0x0000807c)
 - public static final 'GL_NORMAL_ARRAY_TYPE' 'I' @2108  32894 (0x0000807e)
 - public static final 'GL_NORMAL_ARRAY_STRIDE' 'I' @2112  32895 (0x0000807f)
 - public static final 'GL_COLOR_ARRAY_SIZE' 'I' @2116  32897 (0x00008081)
 - public static final 'GL_COLOR_ARRAY_TYPE' 'I' @2120  32898 (0x00008082)
 - public static final 'GL_COLOR_ARRAY_STRIDE' 'I' @2124  32899 (0x00008083)
 - public static final 'GL_INDEX_ARRAY_TYPE' 'I' @2128  32901 (0x00008085)
 - public static final 'GL_INDEX_ARRAY_STRIDE' 'I' @2132  32902 (0x00008086)
 - public static final 'GL_TEXTURE_COORD_ARRAY_SIZE' 'I' @2136  32904 (0x00008088)
 - public static final 'GL_TEXTURE_COORD_ARRAY_TYPE' 'I' @2140  32905 (0x00008089)
 - public static final 'GL_TEXTURE_COORD_ARRAY_STRIDE' 'I' @2144  32906 (0x0000808a)
 - public static final 'GL_EDGE_FLAG_ARRAY_STRIDE' 'I' @2148  32908 (0x0000808c)
 - public static final 'GL_VERTEX_ARRAY_POINTER' 'I' @2152  32910 (0x0000808e)
 - public static final 'GL_NORMAL_ARRAY_POINTER' 'I' @2156  32911 (0x0000808f)
 - public static final 'GL_COLOR_ARRAY_POINTER' 'I' @2160  32912 (0x00008090)
 - public static final 'GL_INDEX_ARRAY_POINTER' 'I' @2164  32913 (0x00008091)
 - public static final 'GL_TEXTURE_COORD_ARRAY_POINTER' 'I' @2168  32914 (0x00008092)
 - public static final 'GL_EDGE_FLAG_ARRAY_POINTER' 'I' @2172  32915 (0x00008093)
 - public static final 'GL_V2F' 'I' @2176  10784 (0x00002a20)
 - public static final 'GL_V3F' 'I' @2180  10785 (0x00002a21)
 - public static final 'GL_C4UB_V2F' 'I' @2184  10786 (0x00002a22)
 - public static final 'GL_C4UB_V3F' 'I' @2188  10787 (0x00002a23)
 - public static final 'GL_C3F_V3F' 'I' @2192  10788 (0x00002a24)
 - public static final 'GL_N3F_V3F' 'I' @2196  10789 (0x00002a25)
 - public static final 'GL_C4F_N3F_V3F' 'I' @2200  10790 (0x00002a26)
 - public static final 'GL_T2F_V3F' 'I' @2204  10791 (0x00002a27)
 - public static final 'GL_T4F_V4F' 'I' @2208  10792 (0x00002a28)
 - public static final 'GL_T2F_C4UB_V3F' 'I' @2212  10793 (0x00002a29)
 - public static final 'GL_T2F_C3F_V3F' 'I' @2216  10794 (0x00002a2a)
 - public static final 'GL_T2F_N3F_V3F' 'I' @2220  10795 (0x00002a2b)
 - public static final 'GL_T2F_C4F_N3F_V3F' 'I' @2224  10796 (0x00002a2c)
 - public static final 'GL_T4F_C4F_N3F_V4F' 'I' @2228  10797 (0x00002a2d)
 - public static final 'GL_LOGIC_OP' 'I' @2232  3057 (0x00000bf1)
 - public static final 'GL_TEXTURE_COMPONENTS' 'I' @2236  4099 (0x00001003)
R12=0x0000000000000069 is an unknown value
R13=0x0000000000000001 is an unknown value
R14=0x000001f596578d80 points into unknown readable memory: 0x0000000000000150 | 50 01 00 00 00 00 00 00
R15=0x0 is null

Top of Stack: (sp=0x0000006ce97feb00)
0x0000006ce97feb00:   000001f59612e440 00007ffbe04a2933
0x0000006ce97feb10:   0000006ce97fec60 00007ffbe02d1f39
0x0000006ce97feb20:   000001f53cf6ce1c 0000000000000000
0x0000006ce97feb30:   41f0000045100000 000001f53cf6d488
0x0000006ce97feb40:   000001f54e44ca78 0000006ce97febf8
0x0000006ce97feb50:   0000000000000148 0000000000000655
0x0000006ce97feb60:   0000000000000000 000001f59ed13040
0x0000006ce97feb70:   0000000000016940 0000000705a1f4f0
0x0000006ce97feb80:   000001f5932a0000 000001f535b8b820
0x0000006ce97feb90:   0000006ce97fec08 000001f53cf68860
0x0000006ce97feba0:   000001f59ed13040 0000000000000000
0x0000006ce97febb0:   0000006ce97febb0 00007ffbe034a7ad
0x0000006ce97febc0:   000001f5932a9780 0000006ce97feea8
0x0000006ce97febd0:   0000006ce97feee0 0000000000000000
0x0000006ce97febe0:   000001f535b9a690 00007ffbe02d1f39
0x0000006ce97febf0:   000001f535b9a690 0000000000000000
0x0000006ce97fec00:   0000006ce97fed30 000001f535b9a690
0x0000006ce97fec10:   000001f535b9a690 0000000000000000
0x0000006ce97fec20:   000001f535b9a818 000001f535b9a818
0x0000006ce97fec30:   000001f535b9a690 000001f535b9a934
0x0000006ce97fec40:   000000000000002c 000001f535b9a80e
0x0000006ce97fec50:   0000000704a00000 000001f535b9a820
0x0000006ce97fec60:   000001f535b9a820 000001f535b9a908
0x0000006ce97fec70:   000001f535b9a820 000001f535b9a908
0x0000006ce97fec80:   000001f535b9a940 00007ffbe05880a0
0x0000006ce97fec90:   0000000000000000 00007ffbdfd66a92
0x0000006ce97feca0:   0000006ce97fecb8 0000006ce97fed48
0x0000006ce97fecb0:   00009db2818fc3e5 0000000000016940
0x0000006ce97fecc0:   000001f535b9a690 00007ffbdfd66dd1
0x0000006ce97fecd0:   0000006ce97feee0 0000000000000000
0x0000006ce97fece0:   000001f52b89ae60 000001f52b89ae60
0x0000006ce97fecf0:   000001f52b89ae60 00007ffbdfd6684b 

Instructions: (pc=0x00007ffb4b64382d)
0x00007ffb4b64372d:   41 2b cd 0f 84 6c 01 00 00 41 2b cd 0f 84 ee 00
0x00007ffb4b64373d:   00 00 83 e9 04 74 75 41 3b cd 0f 85 ef 04 00 00
0x00007ffb4b64374d:   0f b7 02 8b 4c fb 30 66 89 85 10 01 00 00 41 3b
0x00007ffb4b64375d:   cd 7e 37 0f b7 42 02 66 89 85 12 01 00 00 83 f9
0x00007ffb4b64376d:   02 7e 1d 0f b7 42 04 66 89 85 14 01 00 00 83 f9
0x00007ffb4b64377d:   03 7e 1e 0f b7 42 06 66 89 85 16 01 00 00 eb 19
0x00007ffb4b64378d:   66 44 89 85 14 01 00 00 eb 07 44 89 85 12 01 00
0x00007ffb4b64379d:   00 66 44 89 ad 16 01 00 00 49 8b 86 d0 3b 00 00
0x00007ffb4b6437ad:   48 8d 95 10 01 00 00 e9 7b 04 00 00 f2 0f 10 02
0x00007ffb4b6437bd:   8b 44 fb 30 f2 0f 11 45 f0 41 3b c5 7e 3e f2 0f
0x00007ffb4b6437cd:   10 42 08 f2 0f 11 45 f8 83 f8 02 7e 25 f2 0f 10
0x00007ffb4b6437dd:   42 10 f2 0f 11 45 00 83 f8 03 7e 0c f2 0f 10 42
0x00007ffb4b6437ed:   18 f2 0f 11 45 08 eb 28 f2 0f 10 05 5b d7 2f 00
0x00007ffb4b6437fd:   eb ef 0f 57 c0 f2 0f 11 45 00 eb 07 0f 57 c0 0f
0x00007ffb4b64380d:   11 45 f8 f2 0f 10 0d 40 d7 2f 00 f2 0f 11 4d 08
0x00007ffb4b64381d:   49 8b 86 a8 3b 00 00 48 8d 55 f0 e9 07 04 00 00
0x00007ffb4b64382d:   f3 0f 10 02 8b 44 fb 30 f3 0f 11 45 b0 41 3b c5
0x00007ffb4b64383d:   7e 3e f3 0f 10 42 04 f3 0f 11 45 b4 83 f8 02 7e
0x00007ffb4b64384d:   25 f3 0f 10 42 08 f3 0f 11 45 b8 83 f8 03 7e 0c
0x00007ffb4b64385d:   f3 0f 10 42 0c f3 0f 11 45 bc eb 29 f3 0f 10 05
0x00007ffb4b64386d:   87 d6 2f 00 eb ef 0f 57 c0 f3 0f 11 45 b8 eb 08
0x00007ffb4b64387d:   44 21 45 b4 44 21 45 b8 f3 0f 10 0d 6b d6 2f 00
0x00007ffb4b64388d:   f3 0f 11 4d bc 49 8b 86 c8 3b 00 00 48 8d 55 b0
0x00007ffb4b64389d:   e9 92 03 00 00 8b 4c fb 30 8b 02 89 44 24 30 41
0x00007ffb4b6438ad:   3b cd 7e 45 8b 42 04 89 44 24 34 83 f9 02 7e 19
0x00007ffb4b6438bd:   8b 42 08 89 44 24 38 83 f9 03 7e 12 8b 42 0c 89
0x00007ffb4b6438cd:   44 24 3c 8a 44 fb 3c eb 1a 44 89 44 24 38 8a 44
0x00007ffb4b6438dd:   fb 3c c7 44 24 3c 08 f7 ff ff 84 c0 75 1f 44 89
0x00007ffb4b6438ed:   6c 24 3c 84 c0 74 2c eb 14 4c 89 44 24 34 44 38
0x00007ffb4b6438fd:   44 fb 3c 74 19 c7 44 24 3c 08 f7 ff ff 49 8b 86
0x00007ffb4b64390d:   68 3b 00 00 48 8d 54 24 30 e9 19 03 00 00 44 89
0x00007ffb4b64391d:   6c 24 3c 49 8b 86 20 3c 00 00 48 8d 54 24 30 e9 


Stack slot to memory mapping:

stack at sp + 0 slots: 0x000001f59612e440 points into unknown readable memory: 0x0000000000000000 | 00 00 00 00 00 00 00 00
stack at sp + 1 slots: 0x00007ffbe04a2933 jvm.dll
stack at sp + 2 slots: 0x0000006ce97fec60 is pointing into the stack for thread: 0x000001f5932a9780
stack at sp + 3 slots: 0x00007ffbe02d1f39 jvm.dll
stack at sp + 4 slots: 0x000001f53cf6ce1c is at code_begin+1020 in an Interpreter codelet
native method entry point (kind = native)  [0x000001f53cf6ca20, 0x000001f53cf6d548]  2856 bytes
stack at sp + 5 slots: 0x0 is null
stack at sp + 6 slots: 0x41f0000045100000 is an unknown value
stack at sp + 7 slots: 0x000001f53cf6d488 is at code_begin+2664 in an Interpreter codelet
native method entry point (kind = native)  [0x000001f53cf6ca20, 0x000001f53cf6d548]  2856 bytes


---------------  P R O C E S S  ---------------

Threads class SMR info:
_java_thread_list=0x000001f5932e2c80, length=19, elements={
0x000001f54d606270, 0x000001f54d608de0, 0x000001f54d6188a0, 0x000001f54d6198c0,
0x000001f54d61a450, 0x000001f54d61e4e0, 0x000001f5930083c0, 0x000001f593008f90,
0x000001f5930afbd0, 0x000001f5931e9cd0, 0x000001f593203020, 0x000001f5932a9780,
0x000001f52b893a30, 0x000001f59d835920, 0x000001f595f60f00, 0x000001f5964b3570,
0x000001f59481c510, 0x000001f59648e980, 0x000001f595dc5310
}

Java Threads: ( => current thread )
  0x000001f54d606270 JavaThread "Reference Handler"          daemon [_thread_blocked, id=33324, stack(0x0000006ce8c00000,0x0000006ce8d00000) (1024K)]
  0x000001f54d608de0 JavaThread "Finalizer"                  daemon [_thread_blocked, id=2876, stack(0x0000006ce8d00000,0x0000006ce8e00000) (1024K)]
  0x000001f54d6188a0 JavaThread "Signal Dispatcher"          daemon [_thread_blocked, id=3112, stack(0x0000006ce8e00000,0x0000006ce8f00000) (1024K)]
  0x000001f54d6198c0 JavaThread "Attach Listener"            daemon [_thread_blocked, id=33620, stack(0x0000006ce8f00000,0x0000006ce9000000) (1024K)]
  0x000001f54d61a450 JavaThread "Service Thread"             daemon [_thread_blocked, id=4576, stack(0x0000006ce9000000,0x0000006ce9100000) (1024K)]
  0x000001f54d61e4e0 JavaThread "Monitor Deflation Thread"   daemon [_thread_blocked, id=4352, stack(0x0000006ce9100000,0x0000006ce9200000) (1024K)]
  0x000001f5930083c0 JavaThread "C2 CompilerThread0"         daemon [_thread_blocked, id=7956, stack(0x0000006ce9200000,0x0000006ce9300000) (1024K)]
  0x000001f593008f90 JavaThread "C1 CompilerThread0"         daemon [_thread_blocked, id=15356, stack(0x0000006ce9300000,0x0000006ce9400000) (1024K)]
  0x000001f5930afbd0 JavaThread "C1 CompilerThread1"         daemon [_thread_blocked, id=28404, stack(0x0000006ce9400000,0x0000006ce9500000) (1024K)]
  0x000001f5931e9cd0 JavaThread "Notification Thread"        daemon [_thread_blocked, id=21904, stack(0x0000006ce9500000,0x0000006ce9600000) (1024K)]
  0x000001f593203020 JavaThread "Common-Cleaner"             daemon [_thread_blocked, id=17900, stack(0x0000006ce9600000,0x0000006ce9700000) (1024K)]
=>0x000001f5932a9780 JavaThread "Thread-0"                          [_thread_in_native, id=30308, stack(0x0000006ce9700000,0x0000006ce9800000) (1024K)]
  0x000001f52b893a30 JavaThread "DestroyJavaVM"                     [_thread_blocked, id=30640, stack(0x0000006ce8400000,0x0000006ce8500000) (1024K)]
  0x000001f59d835920 JavaThread "C1 CompilerThread2"         daemon [_thread_blocked, id=15324, stack(0x0000006ce9c00000,0x0000006ce9d00000) (1024K)]
  0x000001f595f60f00 JavaThread "C1 CompilerThread3"         daemon [_thread_blocked, id=28224, stack(0x0000006ce9d00000,0x0000006ce9e00000) (1024K)]
  0x000001f5964b3570 JavaThread "C2 CompilerThread1"         daemon [_thread_blocked, id=22768, stack(0x0000006ce9e00000,0x0000006ce9f00000) (1024K)]
  0x000001f59481c510 JavaThread "C2 CompilerThread2"         daemon [_thread_blocked, id=12336, stack(0x0000006ce9f00000,0x0000006cea000000) (1024K)]
  0x000001f59648e980 JavaThread "Thread-3"                   daemon [_thread_in_native, id=3808, stack(0x0000006cea300000,0x0000006cea400000) (1024K)]
  0x000001f595dc5310 JavaThread "Java2D Disposer"            daemon [_thread_blocked, id=20908, stack(0x0000006cea400000,0x0000006cea500000) (1024K)]
Total: 19

Other Threads:
  0x000001f52b870400 VMThread "VM Thread"                           [id=27892, stack(0x0000006ce8b00000,0x0000006ce8c00000) (1024K)]
  0x000001f54d5caa20 WatcherThread "VM Periodic Task Thread"        [id=16740, stack(0x0000006ce8a00000,0x0000006ce8b00000) (1024K)]
  0x000001f52b870ee0 WorkerThread "GC Thread#0"                     [id=31880, stack(0x0000006ce8500000,0x0000006ce8600000) (1024K)]
  0x000001f59dbb3790 WorkerThread "GC Thread#1"                     [id=22048, stack(0x0000006cea500000,0x0000006cea600000) (1024K)]
  0x000001f59dbb3b30 WorkerThread "GC Thread#2"                     [id=29328, stack(0x0000006cea600000,0x0000006cea700000) (1024K)]
  0x000001f59dbb3ed0 WorkerThread "GC Thread#3"                     [id=4084, stack(0x0000006cea700000,0x0000006cea800000) (1024K)]
  0x000001f59dbb4270 WorkerThread "GC Thread#4"                     [id=32304, stack(0x0000006cea800000,0x0000006cea900000) (1024K)]
  0x000001f59dbb4610 WorkerThread "GC Thread#5"                     [id=9340, stack(0x0000006cea900000,0x0000006ceaa00000) (1024K)]
  0x000001f59dbb4d50 WorkerThread "GC Thread#6"                     [id=1148, stack(0x0000006ceaa00000,0x0000006ceab00000) (1024K)]
  0x000001f59dbb49b0 WorkerThread "GC Thread#7"                     [id=10912, stack(0x0000006ceab00000,0x0000006ceac00000) (1024K)]
  0x000001f59dbb33f0 WorkerThread "GC Thread#8"                     [id=16048, stack(0x0000006ceac00000,0x0000006cead00000) (1024K)]
  0x000001f59db82200 WorkerThread "GC Thread#9"                     [id=19652, stack(0x0000006cead00000,0x0000006ceae00000) (1024K)]
  0x000001f52bc05010 ConcurrentGCThread "G1 Main Marker"            [id=10976, stack(0x0000006ce8600000,0x0000006ce8700000) (1024K)]
  0x000001f52b871d60 WorkerThread "G1 Conc#0"                       [id=14192, stack(0x0000006ce8700000,0x0000006ce8800000) (1024K)]
  0x000001f54d498df0 ConcurrentGCThread "G1 Refine#0"               [id=29580, stack(0x0000006ce8800000,0x0000006ce8900000) (1024K)]
  0x000001f54d499960 ConcurrentGCThread "G1 Service"                [id=23812, stack(0x0000006ce8900000,0x0000006ce8a00000) (1024K)]
Total: 16

Threads with active compile tasks:
Total: 0

VM state: not at safepoint (normal execution)

VM Mutex/Monitor currently owned by a thread: None

Heap address: 0x0000000704400000, size: 4028 MB, Compressed Oops mode: Zero based, Oop shift amount: 3

CDS archive(s) mapped at: [0x000001f54e000000-0x000001f54ec90000-0x000001f54ec90000), size 13172736, SharedBaseAddress: 0x000001f54e000000, ArchiveRelocationMode: 1.
Compressed class space mapped at: 0x000001f54f000000-0x000001f58f000000, reserved size: 1073741824
Narrow klass base: 0x000001f54e000000, Narrow klass shift: 0, Narrow klass range: 0x100000000

GC Precious Log:
 CardTable entry size: 512
 Card Set container configuration: InlinePtr #cards 4 size 8 Array Of Cards #cards 16 size 48 Howl #buckets 8 coarsen threshold 3686 Howl Bitmap #cards 512 size 80 coarsen threshold 460 Card regions per heap region 1 cards per card region 4096
 CPUs: 20 total, 20 available
 Memory: 16108M
 Large Page Support: Disabled
 NUMA Support: Disabled
 Compressed Oops: Enabled (Zero based)
 Heap Region Size: 2M
 Heap Min Capacity: 8M
 Heap Initial Capacity: 252M
 Heap Max Capacity: 4028M
 Pre-touch: Disabled
 Parallel Workers: 15
 Concurrent Workers: 4
 Concurrent Refinement Workers: 15
 Periodic GC: Disabled

Heap:
 garbage-first heap   total 96256K, used 19807K [0x0000000704400000, 0x0000000800000000)
  region size 2048K, 1 young (2048K), 0 survivors (0K)
 Metaspace       used 5883K, committed 6144K, reserved 1114112K
  class space    used 491K, committed 640K, reserved 1048576K

Heap Regions: E=young(eden), S=young(survivor), O=old, HS=humongous(starts), HC=humongous(continues), CS=collection set, F=free, TAMS=top-at-mark-start, PB=parsable bottom
|   0|0x0000000704400000, 0x0000000704600000, 0x0000000704600000|100%|HS|  |TAMS 0x0000000704400000| PB 0x0000000704400000| Untracked 
|   1|0x0000000704600000, 0x0000000704800000, 0x0000000704800000|100%|HC|  |TAMS 0x0000000704600000| PB 0x0000000704600000| Untracked 
|   2|0x0000000704800000, 0x0000000704a00000, 0x0000000704a00000|100%|HC|  |TAMS 0x0000000704800000| PB 0x0000000704800000| Untracked 
|   3|0x0000000704a00000, 0x0000000704c00000, 0x0000000704c00000|100%|HS|  |TAMS 0x0000000704a00000| PB 0x0000000704a00000| Untracked 
|   4|0x0000000704c00000, 0x0000000704e00000, 0x0000000704e00000|100%|HC|  |TAMS 0x0000000704c00000| PB 0x0000000704c00000| Untracked 
|   5|0x0000000704e00000, 0x0000000705000000, 0x0000000705000000|100%|HS|  |TAMS 0x0000000704e00000| PB 0x0000000704e00000| Untracked 
|   6|0x0000000705000000, 0x0000000705200000, 0x0000000705200000|100%|HC|  |TAMS 0x0000000705000000| PB 0x0000000705000000| Untracked 
|   7|0x0000000705200000, 0x0000000705400000, 0x0000000705400000|100%|HC|  |TAMS 0x0000000705200000| PB 0x0000000705200000| Untracked 
|   8|0x0000000705400000, 0x0000000705463098, 0x0000000705600000| 19%| O|  |TAMS 0x0000000705400000| PB 0x0000000705400000| Untracked 
|   9|0x0000000705600000, 0x000000070565b5d8, 0x0000000705800000| 17%| O|  |TAMS 0x0000000705600000| PB 0x0000000705600000| Untracked 
|  10|0x0000000705800000, 0x000000070587d238, 0x0000000705a00000| 24%| O|  |TAMS 0x0000000705800000| PB 0x0000000705800000| Untracked 
|  11|0x0000000705a00000, 0x0000000705a98ef0, 0x0000000705c00000| 29%| O|  |TAMS 0x0000000705a00000| PB 0x0000000705a00000| Untracked 
|  12|0x0000000705c00000, 0x0000000705c75600, 0x0000000705e00000| 22%| O|  |TAMS 0x0000000705c00000| PB 0x0000000705c00000| Untracked 
|  13|0x0000000705e00000, 0x0000000705f0e1c8, 0x0000000706000000| 52%| O|  |TAMS 0x0000000705e00000| PB 0x0000000705e00000| Untracked 
|  14|0x0000000706000000, 0x0000000706000000, 0x0000000706200000|  0%| F|  |TAMS 0x0000000706000000| PB 0x0000000706000000| Untracked 
|  15|0x0000000706200000, 0x0000000706200000, 0x0000000706400000|  0%| F|  |TAMS 0x0000000706200000| PB 0x0000000706200000| Untracked 
|  16|0x0000000706400000, 0x0000000706400000, 0x0000000706600000|  0%| F|  |TAMS 0x0000000706400000| PB 0x0000000706400000| Untracked 
|  17|0x0000000706600000, 0x0000000706600000, 0x0000000706800000|  0%| F|  |TAMS 0x0000000706600000| PB 0x0000000706600000| Untracked 
|  18|0x0000000706800000, 0x0000000706800000, 0x0000000706a00000|  0%| F|  |TAMS 0x0000000706800000| PB 0x0000000706800000| Untracked 
|  19|0x0000000706a00000, 0x0000000706a00000, 0x0000000706c00000|  0%| F|  |TAMS 0x0000000706a00000| PB 0x0000000706a00000| Untracked 
|  20|0x0000000706c00000, 0x0000000706c00000, 0x0000000706e00000|  0%| F|  |TAMS 0x0000000706c00000| PB 0x0000000706c00000| Untracked 
|  21|0x0000000706e00000, 0x0000000706e00000, 0x0000000707000000|  0%| F|  |TAMS 0x0000000706e00000| PB 0x0000000706e00000| Untracked 
|  22|0x0000000707000000, 0x0000000707000000, 0x0000000707200000|  0%| F|  |TAMS 0x0000000707000000| PB 0x0000000707000000| Untracked 
|  23|0x0000000707200000, 0x0000000707200000, 0x0000000707400000|  0%| F|  |TAMS 0x0000000707200000| PB 0x0000000707200000| Untracked 
|  24|0x0000000707400000, 0x0000000707400000, 0x0000000707600000|  0%| F|  |TAMS 0x0000000707400000| PB 0x0000000707400000| Untracked 
|  25|0x0000000707600000, 0x0000000707600000, 0x0000000707800000|  0%| F|  |TAMS 0x0000000707600000| PB 0x0000000707600000| Untracked 
|  26|0x0000000707800000, 0x0000000707800000, 0x0000000707a00000|  0%| F|  |TAMS 0x0000000707800000| PB 0x0000000707800000| Untracked 
|  27|0x0000000707a00000, 0x0000000707a00000, 0x0000000707c00000|  0%| F|  |TAMS 0x0000000707a00000| PB 0x0000000707a00000| Untracked 
|  28|0x0000000707c00000, 0x0000000707c00000, 0x0000000707e00000|  0%| F|  |TAMS 0x0000000707c00000| PB 0x0000000707c00000| Untracked 
|  29|0x0000000707e00000, 0x0000000707e00000, 0x0000000708000000|  0%| F|  |TAMS 0x0000000707e00000| PB 0x0000000707e00000| Untracked 
|  30|0x0000000708000000, 0x0000000708000000, 0x0000000708200000|  0%| F|  |TAMS 0x0000000708000000| PB 0x0000000708000000| Untracked 
|  31|0x0000000708200000, 0x0000000708200000, 0x0000000708400000|  0%| F|  |TAMS 0x0000000708200000| PB 0x0000000708200000| Untracked 
|  32|0x0000000708400000, 0x0000000708400000, 0x0000000708600000|  0%| F|  |TAMS 0x0000000708400000| PB 0x0000000708400000| Untracked 
|  33|0x0000000708600000, 0x0000000708600000, 0x0000000708800000|  0%| F|  |TAMS 0x0000000708600000| PB 0x0000000708600000| Untracked 
|  34|0x0000000708800000, 0x0000000708800000, 0x0000000708a00000|  0%| F|  |TAMS 0x0000000708800000| PB 0x0000000708800000| Untracked 
|  35|0x0000000708a00000, 0x0000000708a00000, 0x0000000708c00000|  0%| F|  |TAMS 0x0000000708a00000| PB 0x0000000708a00000| Untracked 
|  36|0x0000000708c00000, 0x0000000708c00000, 0x0000000708e00000|  0%| F|  |TAMS 0x0000000708c00000| PB 0x0000000708c00000| Untracked 
|  37|0x0000000708e00000, 0x0000000708e00000, 0x0000000709000000|  0%| F|  |TAMS 0x0000000708e00000| PB 0x0000000708e00000| Untracked 
|  38|0x0000000709000000, 0x0000000709000000, 0x0000000709200000|  0%| F|  |TAMS 0x0000000709000000| PB 0x0000000709000000| Untracked 
|  39|0x0000000709200000, 0x0000000709200000, 0x0000000709400000|  0%| F|  |TAMS 0x0000000709200000| PB 0x0000000709200000| Untracked 
|  40|0x0000000709400000, 0x0000000709400000, 0x0000000709600000|  0%| F|  |TAMS 0x0000000709400000| PB 0x0000000709400000| Untracked 
|  41|0x0000000709600000, 0x0000000709600000, 0x0000000709800000|  0%| F|  |TAMS 0x0000000709600000| PB 0x0000000709600000| Untracked 
|  42|0x0000000709800000, 0x0000000709800000, 0x0000000709a00000|  0%| F|  |TAMS 0x0000000709800000| PB 0x0000000709800000| Untracked 
|  43|0x0000000709a00000, 0x0000000709a00000, 0x0000000709c00000|  0%| F|  |TAMS 0x0000000709a00000| PB 0x0000000709a00000| Untracked 
|  44|0x0000000709c00000, 0x0000000709c00000, 0x0000000709e00000|  0%| F|  |TAMS 0x0000000709c00000| PB 0x0000000709c00000| Untracked 
|  45|0x0000000709e00000, 0x0000000709e00000, 0x000000070a000000|  0%| F|  |TAMS 0x0000000709e00000| PB 0x0000000709e00000| Untracked 
|  46|0x000000070a000000, 0x000000070a114048, 0x000000070a200000| 53%| E|  |TAMS 0x000000070a000000| PB 0x000000070a000000| Complete 

Card table byte_map: [0x000001f5463d0000,0x000001f546bb0000] _byte_map_base: 0x000001f542bae000

Marking Bits: (CMBitMap*) 0x000001f52bbb59b0
 Bits: [0x000001f546bb0000, 0x000001f54aaa0000)

Polling page: 0x000001f52b800000

Metaspace:

Usage:
  Non-class:      5.27 MB used.
      Class:    491.70 KB used.
       Both:      5.75 MB used.

Virtual space:
  Non-class space:       64.00 MB reserved,       5.38 MB (  8%) committed,  1 nodes.
      Class space:        1.00 GB reserved,     640.00 KB ( <1%) committed,  1 nodes.
             Both:        1.06 GB reserved,       6.00 MB ( <1%) committed. 

Chunk freelists:
   Non-Class:  10.42 MB
       Class:  15.25 MB
        Both:  25.67 MB

MaxMetaspaceSize: unlimited
CompressedClassSpaceSize: 1.00 GB
Initial GC threshold: 21.00 MB
Current GC threshold: 21.00 MB
CDS: on
 - commit_granule_bytes: 65536.
 - commit_granule_words: 8192.
 - virtual_space_node_default_size: 8388608.
 - enlarge_chunks_in_place: 1.
 - use_allocation_guard: 0.


Internal statistics:

num_allocs_failed_limit: 0.
num_arena_births: 116.
num_arena_deaths: 0.
num_vsnodes_births: 2.
num_vsnodes_deaths: 0.
num_space_committed: 94.
num_space_uncommitted: 0.
num_chunks_returned_to_freelist: 0.
num_chunks_taken_from_freelist: 232.
num_chunk_merges: 0.
num_chunk_splits: 133.
num_chunks_enlarged: 54.
num_inconsistent_stats: 0.

CodeHeap 'non-profiled nmethods': size=119168Kb used=361Kb max_used=361Kb free=118806Kb
 bounds [0x000001f53d6b0000, 0x000001f53d920000, 0x000001f544b10000]
CodeHeap 'profiled nmethods': size=119104Kb used=1993Kb max_used=1993Kb free=117110Kb
 bounds [0x000001f535b10000, 0x000001f535d80000, 0x000001f53cf60000]
CodeHeap 'non-nmethods': size=7488Kb used=3193Kb max_used=3208Kb free=4295Kb
 bounds [0x000001f53cf60000, 0x000001f53d290000, 0x000001f53d6b0000]
 total_blobs=1798 nmethods=1213 adapters=487
 compilation: enabled
              stopped_count=0, restarted_count=0
 full_count=0

Compilation events (20 events):
Event: 0.985 Thread 0x000001f595f60f00 nmethod 1203 0x000001f535cfb210 code [0x000001f535cfb3c0, 0x000001f535cfb610]
Event: 0.985 Thread 0x000001f59d835920 nmethod 1202 0x000001f535cfb710 code [0x000001f535cfb8e0, 0x000001f535cfbda0]
Event: 0.987 Thread 0x000001f593008f90 1204       3       jdk.internal.misc.Unsafe::putIntUnaligned (14 bytes)
Event: 0.987 Thread 0x000001f59d835920 1205       3       jdk.internal.misc.Unsafe::putIntUnaligned (79 bytes)
Event: 0.987 Thread 0x000001f595f60f00 1206       3       java.lang.invoke.VarHandleGuards::guard_LII_V (135 bytes)
Event: 0.987 Thread 0x000001f5930afbd0 1207       3       java.lang.invoke.VarHandleByteArrayAsInts$ArrayHandle::set (39 bytes)
Event: 0.987 Thread 0x000001f5930afbd0 nmethod 1207 0x000001f535cfbf90 code [0x000001f535cfc160, 0x000001f535cfc590]
Event: 0.987 Thread 0x000001f593008f90 nmethod 1204 0x000001f535cfc710 code [0x000001f535cfc8c0, 0x000001f535cfcb08]
Event: 0.987 Thread 0x000001f59d835920 nmethod 1205 0x000001f535cfcc10 code [0x000001f535cfcde0, 0x000001f535cfd188]
Event: 0.987 Thread 0x000001f5930083c0 1209       4       java.util.Objects::requireNonNull (15 bytes)
Event: 0.987 Thread 0x000001f5930083c0 nmethod 1209 0x000001f53d70a490 code [0x000001f53d70a600, 0x000001f53d70a688]
Event: 0.988 Thread 0x000001f595f60f00 nmethod 1206 0x000001f535cfd290 code [0x000001f535cfd6a0, 0x000001f535cffc90]
Event: 0.989 Thread 0x000001f595f60f00 1210       3       java.awt.image.ColorModel::getBlue (139 bytes)
Event: 0.989 Thread 0x000001f5930afbd0 1211       3       java.awt.image.IndexColorModel::getBlue (16 bytes)
Event: 0.989 Thread 0x000001f5930afbd0 nmethod 1211 0x000001f535d00790 code [0x000001f535d00920, 0x000001f535d00a68]
Event: 0.989 Thread 0x000001f595f60f00 nmethod 1210 0x000001f535d00b90 code [0x000001f535d00dc0, 0x000001f535d01648]
Event: 0.989 Thread 0x000001f595f60f00 1212       3       com.mojang.minecraft.renderer.Tesselator::vertexUV (42 bytes)
Event: 0.989 Thread 0x000001f5930afbd0 1213       3       com.mojang.minecraft.renderer.Tesselator::vertex (205 bytes)
Event: 0.989 Thread 0x000001f595f60f00 nmethod 1212 0x000001f535d01910 code [0x000001f535d01ac0, 0x000001f535d01c48]
Event: 0.990 Thread 0x000001f5930afbd0 nmethod 1213 0x000001f535d01d10 code [0x000001f535d01ee0, 0x000001f535d022c8]

GC Heap History (2 events):
Event: 0.974 GC heap before
{Heap before GC invocations=0 (full 0):
 garbage-first heap   total 258048K, used 30720K [0x0000000704400000, 0x0000000800000000)
  region size 2048K, 8 young (16384K), 0 survivors (0K)
 Metaspace       used 5853K, committed 6080K, reserved 1114112K
  class space    used 488K, committed 640K, reserved 1048576K
}
Event: 0.979 GC heap after
{Heap after GC invocations=1 (full 1):
 garbage-first heap   total 96256K, used 19807K [0x0000000704400000, 0x0000000800000000)
  region size 2048K, 0 young (0K), 0 survivors (0K)
 Metaspace       used 5853K, committed 6080K, reserved 1114112K
  class space    used 488K, committed 640K, reserved 1048576K
}

Dll operation events (11 events):
Event: 0.005 Loaded shared library C:\Program Files\Eclipse Adoptium\jdk-21.0.4.7-hotspot\bin\java.dll
Event: 0.043 Loaded shared library C:\Program Files\Eclipse Adoptium\jdk-21.0.4.7-hotspot\bin\jsvml.dll
Event: 0.061 Loaded shared library C:\Program Files\Eclipse Adoptium\jdk-21.0.4.7-hotspot\bin\net.dll
Event: 0.062 Loaded shared library C:\Program Files\Eclipse Adoptium\jdk-21.0.4.7-hotspot\bin\nio.dll
Event: 0.064 Loaded shared library C:\Program Files\Eclipse Adoptium\jdk-21.0.4.7-hotspot\bin\zip.dll
Event: 0.073 Loaded shared library C:\Program Files\Eclipse Adoptium\jdk-21.0.4.7-hotspot\bin\verify.dll
Event: 0.096 Loaded shared library C:\Users\Administartor\Desktop\astra-eagler-main\classicport\classic-0.0.21a\desktopRuntime\lwjgl64.dll
Event: 0.596 Loaded shared library C:\Program Files\Eclipse Adoptium\jdk-21.0.4.7-hotspot\bin\jimage.dll
Event: 0.637 Loaded shared library C:\Users\Administartor\Desktop\astra-eagler-main\classicport\classic-0.0.21a\desktopRuntime\jinput-dx8_64.dll
Event: 0.796 Loaded shared library C:\Users\Administartor\Desktop\astra-eagler-main\classicport\classic-0.0.21a\desktopRuntime\jinput-raw_64.dll
Event: 0.830 Loaded shared library C:\Program Files\Eclipse Adoptium\jdk-21.0.4.7-hotspot\bin\awt.dll

Deoptimization events (20 events):
Event: 0.898 Thread 0x000001f5932a9780 DEOPT PACKING pc=0x000001f53d6ddca4 sp=0x0000006ce97feab0
Event: 0.898 Thread 0x000001f5932a9780 DEOPT UNPACKING pc=0x000001f53cfb46a2 sp=0x0000006ce97fe9b0 mode 2
Event: 0.898 Thread 0x000001f5932a9780 Uncommon trap: trap_request=0xffffffde fr.pc=0x000001f53d6ddca4 relative=0x00000000000013c4
Event: 0.898 Thread 0x000001f5932a9780 Uncommon trap: reason=class_check action=maybe_recompile pc=0x000001f53d6ddca4 method=java.io.BufferedInputStream.implRead([BII)I @ 100 c2
Event: 0.898 Thread 0x000001f5932a9780 DEOPT PACKING pc=0x000001f53d6ddca4 sp=0x0000006ce97feab0
Event: 0.898 Thread 0x000001f5932a9780 DEOPT UNPACKING pc=0x000001f53cfb46a2 sp=0x0000006ce97fe9b0 mode 2
Event: 0.940 Thread 0x000001f5932a9780 Uncommon trap: trap_request=0xffffffc6 fr.pc=0x000001f53d702354 relative=0x00000000000015d4
Event: 0.940 Thread 0x000001f5932a9780 Uncommon trap: reason=bimorphic_or_optimized_type_check action=maybe_recompile pc=0x000001f53d702354 method=java.io.DataInputStream.readFully([BII)V @ 30 c2
Event: 0.940 Thread 0x000001f5932a9780 DEOPT PACKING pc=0x000001f53d702354 sp=0x0000006ce97fef20
Event: 0.940 Thread 0x000001f5932a9780 DEOPT UNPACKING pc=0x000001f53cfb46a2 sp=0x0000006ce97fef28 mode 2
Event: 0.959 Thread 0x000001f5932a9780 Uncommon trap: trap_request=0xffffffc6 fr.pc=0x000001f53d702354 relative=0x00000000000015d4
Event: 0.959 Thread 0x000001f5932a9780 Uncommon trap: reason=bimorphic_or_optimized_type_check action=maybe_recompile pc=0x000001f53d702354 method=java.io.DataInputStream.readFully([BII)V @ 30 c2
Event: 0.959 Thread 0x000001f5932a9780 DEOPT PACKING pc=0x000001f53d702354 sp=0x0000006ce97fe4f0
Event: 0.959 Thread 0x000001f5932a9780 DEOPT UNPACKING pc=0x000001f53cfb46a2 sp=0x0000006ce97fe4f8 mode 2
Event: 0.967 Thread 0x000001f5932a9780 DEOPT PACKING pc=0x000001f535cf508b sp=0x0000006ce97feed0
Event: 0.967 Thread 0x000001f5932a9780 DEOPT UNPACKING pc=0x000001f53cfb4e42 sp=0x0000006ce97fe400 mode 0
Event: 0.980 Thread 0x000001f54d606270 Uncommon trap: trap_request=0xffffff45 fr.pc=0x000001f53d6d14c0 relative=0x0000000000000040
Event: 0.980 Thread 0x000001f54d606270 Uncommon trap: reason=unstable_if action=reinterpret pc=0x000001f53d6d14c0 method=java.util.concurrent.locks.AbstractQueuedSynchronizer.signalNext(Ljava/util/concurrent/locks/AbstractQueuedSynchronizer$Node;)V @ 1 c2
Event: 0.980 Thread 0x000001f54d606270 DEOPT PACKING pc=0x000001f53d6d14c0 sp=0x0000006ce8cff4d0
Event: 0.980 Thread 0x000001f54d606270 DEOPT UNPACKING pc=0x000001f53cfb46a2 sp=0x0000006ce8cff460 mode 2

Classes loaded (20 events):
Event: 0.949 Loading class java/lang/CloneNotSupportedException
Event: 0.949 Loading class java/lang/CloneNotSupportedException done
Event: 0.949 Loading class java/io/ClassCache$CacheRef
Event: 0.949 Loading class java/io/ClassCache$CacheRef done
Event: 0.949 Loading class java/io/ObjectStreamClass$FieldReflectorKey
Event: 0.949 Loading class java/io/ObjectStreamClass$FieldReflectorKey done
Event: 0.949 Loading class java/io/ObjectStreamClass$FieldReflector
Event: 0.949 Loading class java/io/ObjectStreamClass$FieldReflector done
Event: 0.949 Loading class java/io/ObjectStreamClass$ClassDataSlot
Event: 0.949 Loading class java/io/ObjectStreamClass$ClassDataSlot done
Event: 0.949 Loading class java/io/ObjectInputStream$FieldValues
Event: 0.949 Loading class java/io/ObjectInputStream$GetField
Event: 0.949 Loading class java/io/ObjectInputStream$GetField done
Event: 0.949 Loading class java/io/ObjectInputStream$FieldValues done
Event: 0.949 Loading class java/io/ObjectStreamClass$ExceptionInfo
Event: 0.949 Loading class java/io/ObjectStreamClass$ExceptionInfo done
Event: 0.957 Loading class java/util/function/UnaryOperator
Event: 0.957 Loading class java/util/function/UnaryOperator done
Event: 0.958 Loading class java/io/SerialCallbackContext
Event: 0.958 Loading class java/io/SerialCallbackContext done

Classes unloaded (0 events):
No events

Classes redefined (0 events):
No events

Internal exceptions (10 events):
Event: 0.334 Thread 0x000001f5932a9780 Exception <a 'java/lang/NoSuchMethodError'{0x0000000713a878c8}: 'int java.lang.invoke.Invokers$Holder.invokeExact_MT(java.lang.Object, java.lang.Object)'> (0x0000000713a878c8) 
thrown [s\src\hotspot\share\interpreter\linkResolver.cpp, line 773]
Event: 0.612 Thread 0x000001f5932a9780 Exception <a 'java/lang/NoSuchMethodError'{0x0000000713650348}: 'void java.lang.invoke.DirectMethodHandle$Holder.invokeSpecial(java.lang.Object, java.lang.Object, java.lang.Object)'> (0x0000000713650348) 
thrown [s\src\hotspot\share\interpreter\linkResolver.cpp, line 773]
Event: 0.619 Thread 0x000001f5932a9780 Exception <a 'java/lang/ClassNotFoundException'{0x00000007136933d8}: sun/util/logging/resources/spi/loggingProvider> (0x00000007136933d8) 
thrown [s\src\hotspot\share\classfile\systemDictionary.cpp, line 312]
Event: 0.828 Thread 0x000001f5932a9780 Exception <a 'java/lang/ClassNotFoundException'{0x00000007134bb4a0}: sun/awt/resources/spi/awtProvider> (0x00000007134bb4a0) 
thrown [s\src\hotspot\share\classfile\systemDictionary.cpp, line 312]
Event: 0.831 Thread 0x000001f5932a9780 Exception <a 'java/io/FileNotFoundException'{0x00000007134c1808}> (0x00000007134c1808) 
thrown [s\src\hotspot\share\prims\jni.cpp, line 520]
Event: 0.835 Thread 0x000001f5932a9780 Exception <a 'java/io/FileNotFoundException'{0x000000071355ce98}> (0x000000071355ce98) 
thrown [s\src\hotspot\share\prims\jni.cpp, line 520]
Event: 0.866 Thread 0x000001f5932a9780 Exception <a 'java/lang/NoSuchMethodError'{0x00000007135d8dd0}: 'java.lang.Object java.lang.invoke.DirectMethodHandle$Holder.invokeStaticInit(java.lang.Object, int, int, int, int)'> (0x00000007135d8dd0) 
thrown [s\src\hotspot\share\interpreter\linkResolver.cpp, line 773]
Event: 0.882 Thread 0x000001f5932a9780 Exception <a 'java/lang/NoSuchMethodError'{0x00000007132a2f38}: 'java.lang.Object java.lang.invoke.DirectMethodHandle$Holder.invokeStaticInit(java.lang.Object, java.lang.Object, int, int, int, int)'> (0x00000007132a2f38) 
thrown [s\src\hotspot\share\interpreter\linkResolver.cpp, line 773]
Event: 0.945 Thread 0x000001f5932a9780 Exception <a 'java/lang/NoSuchMethodError'{0x00000007133df690}: 'long java.lang.invoke.DirectMethodHandle$Holder.invokeSpecial(java.lang.Object, java.lang.Object)'> (0x00000007133df690) 
thrown [s\src\hotspot\share\interpreter\linkResolver.cpp, line 773]
Event: 0.945 Thread 0x000001f5932a9780 Exception <a 'java/lang/NoSuchMethodError'{0x00000007133e2ab8}: 'long java.lang.invoke.Invokers$Holder.invokeExact_MT(java.lang.Object, java.lang.Object)'> (0x00000007133e2ab8) 
thrown [s\src\hotspot\share\interpreter\linkResolver.cpp, line 773]

ZGC Phase Switch (0 events):
No events

VM Operations (14 events):
Event: 0.068 Executing VM operation: HandshakeAllThreads (Deoptimize)
Event: 0.068 Executing VM operation: HandshakeAllThreads (Deoptimize) done
Event: 0.598 Executing VM operation: HandshakeAllThreads (Deoptimize)
Event: 0.598 Executing VM operation: HandshakeAllThreads (Deoptimize) done
Event: 0.641 Executing VM operation: HandshakeAllThreads (Deoptimize)
Event: 0.641 Executing VM operation: HandshakeAllThreads (Deoptimize) done
Event: 0.849 Executing VM operation: HandshakeAllThreads (Deoptimize)
Event: 0.849 Executing VM operation: HandshakeAllThreads (Deoptimize) done
Event: 0.942 Executing VM operation: ICBufferFull
Event: 0.942 Executing VM operation: ICBufferFull done
Event: 0.944 Executing VM operation: HandshakeAllThreads (Deoptimize)
Event: 0.944 Executing VM operation: HandshakeAllThreads (Deoptimize) done
Event: 0.973 Executing VM operation: G1CollectFull (System.gc())
Event: 0.979 Executing VM operation: G1CollectFull (System.gc()) done

Memory protections (0 events):
No events

Nmethod flushes (0 events):
No events

Events (20 events):
Event: 0.041 Thread 0x000001f52b893a30 Thread added: 0x000001f54d606270
Event: 0.041 Thread 0x000001f52b893a30 Thread added: 0x000001f54d608de0
Event: 0.041 Thread 0x000001f52b893a30 Thread added: 0x000001f54d6188a0
Event: 0.041 Thread 0x000001f52b893a30 Thread added: 0x000001f54d6198c0
Event: 0.041 Thread 0x000001f52b893a30 Thread added: 0x000001f54d61a450
Event: 0.042 Thread 0x000001f52b893a30 Thread added: 0x000001f54d61e4e0
Event: 0.042 Thread 0x000001f52b893a30 Thread added: 0x000001f5930083c0
Event: 0.042 Thread 0x000001f52b893a30 Thread added: 0x000001f593008f90
Event: 0.044 Thread 0x000001f593008f90 Thread added: 0x000001f5930afbd0
Event: 0.054 Thread 0x000001f52b893a30 Thread added: 0x000001f5931e9cd0
Event: 0.056 Thread 0x000001f52b893a30 Thread added: 0x000001f593203020
Event: 0.085 Thread 0x000001f52b893a30 Thread added: 0x000001f5932a9780
Event: 0.085 Thread 0x000001f52b893a30 Thread exited: 0x000001f52b893a30
Event: 0.085 Thread 0x000001f52b893a30 Thread added: 0x000001f52b893a30
Event: 0.548 Thread 0x000001f593008f90 Thread added: 0x000001f59d835920
Event: 0.548 Thread 0x000001f593008f90 Thread added: 0x000001f595f60f00
Event: 0.606 Thread 0x000001f5930083c0 Thread added: 0x000001f5964b3570
Event: 0.606 Thread 0x000001f5930083c0 Thread added: 0x000001f59481c510
Event: 0.815 Thread 0x000001f5932a9780 Thread added: 0x000001f59648e980
Event: 0.889 Thread 0x000001f5932a9780 Thread added: 0x000001f595dc5310


Dynamic libraries:
0x00007ff6bb7c0000 - 0x00007ff6bb7ce000 	C:\Program Files\Eclipse Adoptium\jdk-21.0.4.7-hotspot\bin\javaw.exe
0x00007ffc38060000 - 0x00007ffc382c3000 	C:\WINDOWS\SYSTEM32\ntdll.dll
0x00007ffc36ae0000 - 0x00007ffc36ba8000 	C:\WINDOWS\System32\KERNEL32.DLL
0x00007ffc355b0000 - 0x00007ffc35962000 	C:\WINDOWS\System32\KERNELBASE.dll
0x00007ffc35bf0000 - 0x00007ffc35d3b000 	C:\WINDOWS\System32\ucrtbase.dll
0x00007ffbf5a00000 - 0x00007ffbf5a18000 	C:\Program Files\Eclipse Adoptium\jdk-21.0.4.7-hotspot\bin\jli.dll
0x00007ffbf59e0000 - 0x00007ffbf59fb000 	C:\Program Files\Eclipse Adoptium\jdk-21.0.4.7-hotspot\bin\VCRUNTIME140.dll
0x00007ffc35ec0000 - 0x00007ffc36088000 	C:\WINDOWS\System32\USER32.dll
0x00007ffc35400000 - 0x00007ffc35427000 	C:\WINDOWS\System32\win32u.dll
0x00007ffc11bb0000 - 0x00007ffc11e40000 	C:\WINDOWS\WinSxS\amd64_microsoft.windows.common-controls_6595b64144ccf1df_6.0.26100.2454_none_3e0b68a2e331ad60\COMCTL32.dll
0x00007ffc37950000 - 0x00007ffc379f9000 	C:\WINDOWS\System32\msvcrt.dll
0x00007ffc35e90000 - 0x00007ffc35eba000 	C:\WINDOWS\System32\GDI32.dll
0x00007ffc35ac0000 - 0x00007ffc35beb000 	C:\WINDOWS\System32\gdi32full.dll
0x00007ffc35a10000 - 0x00007ffc35ab3000 	C:\WINDOWS\System32\msvcp_win.dll
0x00007ffc37ec0000 - 0x00007ffc37eef000 	C:\WINDOWS\System32\IMM32.DLL
0x00007ffbf7d40000 - 0x00007ffbf7d4c000 	C:\Program Files\Eclipse Adoptium\jdk-21.0.4.7-hotspot\bin\vcruntime140_1.dll
0x00007ffbec4c0000 - 0x00007ffbec54e000 	C:\Program Files\Eclipse Adoptium\jdk-21.0.4.7-hotspot\bin\msvcp140.dll
0x00007ffbdfc30000 - 0x00007ffbe09b8000 	C:\Program Files\Eclipse Adoptium\jdk-21.0.4.7-hotspot\bin\server\jvm.dll
0x00007ffc37820000 - 0x00007ffc378d4000 	C:\WINDOWS\System32\ADVAPI32.dll
0x00007ffc37770000 - 0x00007ffc37816000 	C:\WINDOWS\System32\sechost.dll
0x00007ffc36bb0000 - 0x00007ffc36cc6000 	C:\WINDOWS\System32\RPCRT4.dll
0x00007ffc36440000 - 0x00007ffc364b4000 	C:\WINDOWS\System32\WS2_32.dll
0x00007ffc340b0000 - 0x00007ffc340fe000 	C:\WINDOWS\SYSTEM32\POWRPROF.dll
0x00007ffc29110000 - 0x00007ffc29146000 	C:\WINDOWS\SYSTEM32\WINMM.dll
0x00007ffc2b5b0000 - 0x00007ffc2b5bb000 	C:\WINDOWS\SYSTEM32\VERSION.dll
0x00007ffc34090000 - 0x00007ffc340a4000 	C:\WINDOWS\SYSTEM32\UMPDC.dll
0x00007ffc34350000 - 0x00007ffc3436a000 	C:\WINDOWS\SYSTEM32\kernel.appcore.dll
0x00007ffbfe5d0000 - 0x00007ffbfe5da000 	C:\Program Files\Eclipse Adoptium\jdk-21.0.4.7-hotspot\bin\jimage.dll
0x00007ffc32bd0000 - 0x00007ffc32e11000 	C:\WINDOWS\SYSTEM32\DBGHELP.DLL
0x00007ffc36cd0000 - 0x00007ffc3704e000 	C:\WINDOWS\System32\combase.dll
0x00007ffc36a00000 - 0x00007ffc36ad6000 	C:\WINDOWS\System32\OLEAUT32.dll
0x00007ffbf1120000 - 0x00007ffbf1159000 	C:\WINDOWS\SYSTEM32\dbgcore.DLL
0x00007ffc35970000 - 0x00007ffc35a09000 	C:\WINDOWS\System32\bcryptPrimitives.dll
0x00007ffbf4e90000 - 0x00007ffbf4eaf000 	C:\Program Files\Eclipse Adoptium\jdk-21.0.4.7-hotspot\bin\java.dll
0x00007ffc37060000 - 0x00007ffc37761000 	C:\WINDOWS\System32\SHELL32.dll
0x00007ffc33120000 - 0x00007ffc33951000 	C:\WINDOWS\SYSTEM32\windows.storage.dll
0x00007ffc36570000 - 0x00007ffc3664a000 	C:\WINDOWS\System32\SHCORE.dll
0x00007ffc362c0000 - 0x00007ffc3631d000 	C:\WINDOWS\System32\shlwapi.dll
0x00007ffc35310000 - 0x00007ffc3533e000 	C:\WINDOWS\SYSTEM32\profapi.dll
0x00007ffbf0c70000 - 0x00007ffbf0d47000 	C:\Program Files\Eclipse Adoptium\jdk-21.0.4.7-hotspot\bin\jsvml.dll
0x00007ffbfe5c0000 - 0x00007ffbfe5d0000 	C:\Program Files\Eclipse Adoptium\jdk-21.0.4.7-hotspot\bin\net.dll
0x00007ffc2f240000 - 0x00007ffc2f366000 	C:\WINDOWS\SYSTEM32\WINHTTP.dll
0x00007ffc34850000 - 0x00007ffc348b8000 	C:\WINDOWS\system32\mswsock.dll
0x00007ffbed1f0000 - 0x00007ffbed206000 	C:\Program Files\Eclipse Adoptium\jdk-21.0.4.7-hotspot\bin\nio.dll
0x00007ffbed1d0000 - 0x00007ffbed1e8000 	C:\Program Files\Eclipse Adoptium\jdk-21.0.4.7-hotspot\bin\zip.dll
0x00007ffbf7910000 - 0x00007ffbf7920000 	C:\Program Files\Eclipse Adoptium\jdk-21.0.4.7-hotspot\bin\verify.dll
0x0000000180000000 - 0x0000000180053000 	C:\Users\Administartor\Desktop\astra-eagler-main\classicport\classic-0.0.21a\desktopRuntime\lwjgl64.dll
0x00007ffbc16f0000 - 0x00007ffbc17fc000 	C:\WINDOWS\SYSTEM32\OPENGL32.dll
0x00007ffbc2970000 - 0x00007ffbc299d000 	C:\WINDOWS\SYSTEM32\GLU32.dll
0x00007ffc325a0000 - 0x00007ffc325e7000 	C:\WINDOWS\SYSTEM32\dxcore.dll
0x00007ffc31830000 - 0x00007ffc318f0000 	C:\WINDOWS\SYSTEM32\mscms.dll
0x00007ffc364c0000 - 0x00007ffc36568000 	C:\WINDOWS\System32\clbcatq.dll
0x00007ffc1cd30000 - 0x00007ffc1cd90000 	C:\Windows\System32\Windows.Internal.Graphics.Display.DisplayColorManagement.dll
0x00007ffc35090000 - 0x00007ffc350ef000 	C:\WINDOWS\SYSTEM32\cfgmgr32.dll
0x00007ffc31ea0000 - 0x00007ffc31f4d000 	C:\WINDOWS\system32\uxtheme.dll
0x00007ffc366d0000 - 0x00007ffc3682c000 	C:\WINDOWS\System32\MSCTF.dll
0x00007ffc32010000 - 0x00007ffc3206c000 	C:\WINDOWS\SYSTEM32\directxdatabasehelper.dll
0x00007ffc217f0000 - 0x00007ffc2180a000 	C:\WINDOWS\SYSTEM32\windows.staterepositorycore.dll
0x00007ffb4ac20000 - 0x00007ffb4bd4b000 	C:\WINDOWS\System32\DriverStore\FileRepository\iigd_dch.inf_amd64_a582115f5de863e1\igxelpicd64.dll
0x00007ffc36100000 - 0x00007ffc36299000 	C:\WINDOWS\System32\ole32.dll
0x00007ffc321e0000 - 0x00007ffc3220e000 	C:\WINDOWS\system32\dwmapi.dll
0x00007ffc32090000 - 0x00007ffc321bb000 	C:\WINDOWS\system32\dxgi.dll
0x00007ffb9fc20000 - 0x00007ffb9fd75000 	C:\WINDOWS\System32\DriverStore\FileRepository\iigd_dch.inf_amd64_a582115f5de863e1\igdml64.dll
0x00007ffc285c0000 - 0x00007ffc289f8000 	C:\WINDOWS\System32\DriverStore\FileRepository\iigd_dch.inf_amd64_a582115f5de863e1\igdgmm64.dll
0x00007ffc35060000 - 0x00007ffc3508d000 	C:\WINDOWS\SYSTEM32\DEVOBJ.dll
0x00007ffc35d40000 - 0x00007ffc35dbf000 	C:\WINDOWS\System32\WINTRUST.dll
0x00007ffc35430000 - 0x00007ffc355a6000 	C:\WINDOWS\System32\CRYPT32.dll
0x00007ffc34c10000 - 0x00007ffc34c23000 	C:\WINDOWS\SYSTEM32\MSASN1.dll
0x00007ffc20b30000 - 0x00007ffc20c76000 	C:\WINDOWS\SYSTEM32\textinputframework.dll
0x00007ffc30db0000 - 0x00007ffc30ed5000 	C:\WINDOWS\SYSTEM32\CoreMessaging.dll
0x00007ffc2bad0000 - 0x00007ffc2bdb3000 	C:\WINDOWS\SYSTEM32\CoreUIComponents.dll
0x00007ffc31540000 - 0x00007ffc316a8000 	C:\WINDOWS\SYSTEM32\wintypes.dll
0x00007ffc34b10000 - 0x00007ffc34b1c000 	C:\WINDOWS\SYSTEM32\CRYPTBASE.DLL
0x00007ffbc3350000 - 0x00007ffbc3399000 	C:\WINDOWS\SYSTEM32\icm32.dll
0x00007ffc242c0000 - 0x00007ffc2816d000 	C:\WINDOWS\System32\DriverStore\FileRepository\iigd_dch.inf_amd64_a582115f5de863e1\igc64.dll
0x000001f593550000 - 0x000001f593566000 	C:\Users\Administartor\Desktop\astra-eagler-main\classicport\classic-0.0.21a\desktopRuntime\jinput-dx8_64.dll
0x00007ffbc31b0000 - 0x00007ffbc31fb000 	C:\WINDOWS\SYSTEM32\DINPUT8.dll
0x00007ffc1e0e0000 - 0x00007ffc1e2bd000 	C:\WINDOWS\SYSTEM32\inputhost.dll
0x00007ffc33960000 - 0x00007ffc3396f000 	C:\WINDOWS\SYSTEM32\HID.DLL
0x00007ffc37a00000 - 0x00007ffc37e86000 	C:\WINDOWS\System32\SETUPAPI.DLL
0x000001f595970000 - 0x000001f595984000 	C:\Users\Administartor\Desktop\astra-eagler-main\classicport\classic-0.0.21a\desktopRuntime\jinput-raw_64.dll
0x00007ffbd2690000 - 0x00007ffbd281e000 	C:\Program Files\Eclipse Adoptium\jdk-21.0.4.7-hotspot\bin\awt.dll
0x00007ffc31460000 - 0x00007ffc314fc000 	C:\WINDOWS\SYSTEM32\apphelp.dll
0x00007ffc34af0000 - 0x00007ffc34b0c000 	C:\WINDOWS\SYSTEM32\CRYPTSP.dll
0x00007ffc342b0000 - 0x00007ffc342e8000 	C:\WINDOWS\system32\rsaenh.dll
0x00007ffc348f0000 - 0x00007ffc3491b000 	C:\WINDOWS\SYSTEM32\USERENV.dll
0x00007ffc34d30000 - 0x00007ffc34d56000 	C:\WINDOWS\SYSTEM32\bcrypt.dll
0x00007ffc33cd0000 - 0x00007ffc33d02000 	C:\WINDOWS\SYSTEM32\IPHLPAPI.DLL
0x00007ffc362a0000 - 0x00007ffc362aa000 	C:\WINDOWS\System32\NSI.dll

dbghelp: loaded successfully - version: 4.0.5 - missing functions: none
symbol engine: initialized successfully - sym options: 0x614 - pdb path: .;C:\Program Files\Eclipse Adoptium\jdk-21.0.4.7-hotspot\bin;C:\WINDOWS\SYSTEM32;C:\WINDOWS\WinSxS\amd64_microsoft.windows.common-controls_6595b64144ccf1df_6.0.26100.2454_none_3e0b68a2e331ad60;C:\Program Files\Eclipse Adoptium\jdk-21.0.4.7-hotspot\bin\server;C:\Users\Administartor\Desktop\astra-eagler-main\classicport\classic-0.0.21a\desktopRuntime;C:\WINDOWS\System32\DriverStore\FileRepository\iigd_dch.inf_amd64_a582115f5de863e1

VM Arguments:
jvm_args: -Djava.library.path=C:\Users\Administartor\Desktop\astra-eagler-main\classicport\classic-0.0.21a\desktopRuntime -Dfile.encoding=UTF-8 -Dstdout.encoding=UTF-8 -Dstderr.encoding=UTF-8 -XX:+ShowCodeDetailsInExceptionMessages 
java_command: com.demez.minecraft.Client.Client
java_class_path (initial): C:\Users\Administartor\Desktop\astra-eagler-main\classicport\classic-0.0.21a\desktopRuntime\EclipseProject\bin;C:\Users\Administartor\Desktop\astra-eagler-main\classicport\classic-0.0.21a\desktopRuntime\EclipseProject\deps-fix\asm-9.2.jar;C:\Users\Administartor\Desktop\astra-eagler-main\classicport\classic-0.0.21a\desktopRuntime\EclipseProject\deps-fix\asm-tree-9.2.jar;C:\Users\Administartor\Desktop\astra-eagler-main\classicport\classic-0.0.21a\desktopRuntime\EclipseProject\deps-fix\jinput-2.0.5.jar;C:\Users\Administartor\Desktop\astra-eagler-main\classicport\classic-0.0.21a\desktopRuntime\EclipseProject\deps-fix\json-20230311.jar;C:\Users\Administartor\Desktop\astra-eagler-main\classicport\classic-0.0.21a\desktopRuntime\EclipseProject\deps-fix\jutils-1.0.0.jar;C:\Users\Administartor\Desktop\astra-eagler-main\classicport\classic-0.0.21a\desktopRuntime\EclipseProject\deps-fix\lwjgl_util-2.9.4.jar;C:\Users\Administartor\Desktop\astra-eagler-main\classicport\classic-0.0.21a\desktopRuntime\EclipseProject\deps-fix\lwjgl-2.9.4.jar
Launcher Type: SUN_STANDARD

[Global flags]
     intx CICompilerCount                          = 12                                        {product} {ergonomic}
     uint ConcGCThreads                            = 4                                         {product} {ergonomic}
     uint G1ConcRefinementThreads                  = 15                                        {product} {ergonomic}
   size_t G1HeapRegionSize                         = 2097152                                   {product} {ergonomic}
    uintx GCDrainStackTargetSize                   = 64                                        {product} {ergonomic}
   size_t InitialHeapSize                          = 264241152                                 {product} {ergonomic}
   size_t MarkStackSize                            = 4194304                                   {product} {ergonomic}
   size_t MaxHeapSize                              = 4223664128                                {product} {ergonomic}
   size_t MaxNewSize                               = 2533359616                                {product} {ergonomic}
   size_t MinHeapDeltaBytes                        = 2097152                                   {product} {ergonomic}
   size_t MinHeapSize                              = 8388608                                   {product} {ergonomic}
    uintx NonNMethodCodeHeapSize                   = 7602480                                {pd product} {ergonomic}
    uintx NonProfiledCodeHeapSize                  = 122027880                              {pd product} {ergonomic}
    uintx ProfiledCodeHeapSize                     = 122027880                              {pd product} {ergonomic}
    uintx ReservedCodeCacheSize                    = 251658240                              {pd product} {ergonomic}
     bool SegmentedCodeCache                       = true                                      {product} {ergonomic}
     bool ShowCodeDetailsInExceptionMessages       = true                                   {manageable} {command line}
   size_t SoftMaxHeapSize                          = 4223664128                             {manageable} {ergonomic}
     bool UseCompressedOops                        = true                           {product lp64_product} {ergonomic}
     bool UseG1GC                                  = true                                      {product} {ergonomic}
     bool UseLargePagesIndividualAllocation        = false                                  {pd product} {ergonomic}

Logging:
Log output configuration:
 #0: stdout all=warning uptime,level,tags foldmultilines=false
 #1: stderr all=off uptime,level,tags foldmultilines=false

Environment Variables:
JAVA_HOME=C:\Program Files\Eclipse Adoptium\jdk-17.0.12.7-hotspot\
CLASSPATH=C:\Program Files\Apryse Software\Xodo PDF Studio\lib\xodopdfstudio.jar;C:\Program Files\Apryse Software\Xodo PDF Studio\lib\cmaps.jar
PATH=C:/Program Files/Eclipse Adoptium/jdk-21.0.4.7-hotspot/bin/server;C:/Program Files/Eclipse Adoptium/jdk-21.0.4.7-hotspot/bin;C:\Program Files\Eclipse Adoptium\jdk-17.0.12.7-hotspot\bin;C:\Program Files\Eclipse Adoptium\jdk-21.0.4.7-hotspot\bin;C:\Program Files\Eclipse Adoptium\jdk-8.0.422.5-hotspot\bin;C:\Program Files\Eclipse Foundation\jdk-16.0.2.7-hotspot\bin;C:\WINDOWS\system32;C:\WINDOWS;C:\WINDOWS\System32\Wbem;C:\WINDOWS\System32\WindowsPowerShell\v1.0\;C:\WINDOWS\System32\OpenSSH\;C:\Program Files\NVIDIA Corporation\NVIDIA NvDLISR;C:\Program Files (x86)\NVIDIA Corporation\PhysX\Common;C:\Program Files\Git\cmd;C:\Program Files\Apryse Software\Xodo PDF Studio\jre\bin\server;C:\Program Files\dotnet\;C:\Program Files\nodejs\;C:\Program Files\Cloudflare\Cloudflare WARP\;C:\Program Files\playit_gg\bin\;C:\Users\Administartor\AppData\Local\Programs\Python\Python313\Scripts\;C:\Users\Administartor\AppData\Local\Programs\Python\Python313\;C:\Users\Administartor\AppData\Local\Programs\Python\Launcher\;C:\Users\Administartor\AppData\Local\Microsoft\WindowsApps;C:\Users\Administartor\AppData\Local\GitHubDesktop\bin;C:\Users\Administartor\AppData\Local\Programs\Microsoft VS Code\bin;C:\Users\Administartor\AppData\Local\JetBrains\Toolbox\scripts;C:\Users\Administartor\.dotnet\tools;C:\Users\Administartor\AppData\Local\Microsoft\WindowsApps;C:\Users\Administartor\AppData\Roaming\npm;C:\WINDOWS\system32;
USERNAME=Administartor
OS=Windows_NT
PROCESSOR_IDENTIFIER=Intel64 Family 6 Model 154 Stepping 3, GenuineIntel
TMP=C:\Users\ADMINI~1\AppData\Local\Temp
TEMP=C:\Users\ADMINI~1\AppData\Local\Temp




Periodic native trim disabled

---------------  S Y S T E M  ---------------

OS:
 Windows 11 , 64 bit Build 26100 (10.0.26100.2454)
OS uptime: 0 days 0:10 hours
Hyper-V role detected

CPU: total 20 (initial active 20) (10 cores per cpu, 2 threads per core) family 6 model 154 stepping 3 microcode 0x424, cx8, cmov, fxsr, ht, mmx, 3dnowpref, sse, sse2, sse3, ssse3, sse4.1, sse4.2, popcnt, lzcnt, tsc, tscinvbit, avx, avx2, aes, erms, clmul, bmi1, bmi2, adx, sha, fma, vzeroupper, clflush, clflushopt, clwb, hv, serialize, rdtscp, rdpid, fsrm, f16c, cet_ibt, cet_ss
Processor Information for processor 0
  Max Mhz: 2300, Current Mhz: 2300, Mhz Limit: 2300
Processor Information for processor 1
  Max Mhz: 2300, Current Mhz: 2300, Mhz Limit: 2300
Processor Information for processor 2
  Max Mhz: 2300, Current Mhz: 2300, Mhz Limit: 2300
Processor Information for processor 3
  Max Mhz: 2300, Current Mhz: 2300, Mhz Limit: 2300
Processor Information for processor 4
  Max Mhz: 2300, Current Mhz: 2300, Mhz Limit: 2300
Processor Information for processor 5
  Max Mhz: 2300, Current Mhz: 2300, Mhz Limit: 2300
Processor Information for processor 6
  Max Mhz: 2300, Current Mhz: 2300, Mhz Limit: 2300
Processor Information for processor 7
  Max Mhz: 2300, Current Mhz: 2300, Mhz Limit: 2300
Processor Information for processor 8
  Max Mhz: 2300, Current Mhz: 2300, Mhz Limit: 2300
Processor Information for processor 9
  Max Mhz: 2300, Current Mhz: 2300, Mhz Limit: 2300
Processor Information for processor 10
  Max Mhz: 2300, Current Mhz: 2300, Mhz Limit: 2300
Processor Information for processor 11
  Max Mhz: 2300, Current Mhz: 2300, Mhz Limit: 2300
Processor Information for processor 12
  Max Mhz: 2300, Current Mhz: 1500, Mhz Limit: 1679
Processor Information for processor 13
  Max Mhz: 2300, Current Mhz: 1500, Mhz Limit: 1679
Processor Information for processor 14
  Max Mhz: 2300, Current Mhz: 1700, Mhz Limit: 1679
Processor Information for processor 15
  Max Mhz: 2300, Current Mhz: 1500, Mhz Limit: 1679
Processor Information for processor 16
  Max Mhz: 2300, Current Mhz: 1500, Mhz Limit: 1679
Processor Information for processor 17
  Max Mhz: 2300, Current Mhz: 1700, Mhz Limit: 1679
Processor Information for processor 18
  Max Mhz: 2300, Current Mhz: 1500, Mhz Limit: 1679
Processor Information for processor 19
  Max Mhz: 2300, Current Mhz: 1500, Mhz Limit: 1679

Memory: 4k page, system-wide physical 16108M (1682M free)
TotalPageFile size 36588M (AvailPageFile size 17409M)
current process WorkingSet (physical memory assigned to process): 179M, peak: 189M
current process commit charge ("private bytes"): 277M, peak: 453M

vm_info: OpenJDK 64-Bit Server VM (21.0.4+7-LTS) for windows-amd64 JRE (21.0.4+7-LTS), built on 2024-07-16T00:00:00Z by "admin" with MS VC++ 17.7 (VS2022)

END.
