#
# A fatal error has been detected by the Java Runtime Environment:
#
#  EXCEPTION_ACCESS_VIOLATION (0xc0000005) at pc=0x0000000052bd7c20, pid=2140, tid=0x0000000000001db4
#
# JRE version: Java(TM) SE Runtime Environment (8.0_431) (build 1.8.0_431-b10)
# Java VM: Java HotSpot(TM) 64-Bit Server VM (25.431-b10 mixed mode windows-amd64 compressed oops)
# Problematic frame:
# C  [nvoglv64.dll+0xfc7c20]
#
# Failed to write core dump. Minidumps are not enabled by default on client versions of Windows
#
# If you would like to submit a bug report, please visit:
#   http://bugreport.java.com/bugreport/crash.jsp
# The crash happened outside the Java Virtual Machine in native code.
# See problematic frame for where to report the bug.
#

---------------  T H R E A D  ---------------

Current thread (0x000001cfdce25800):  JavaThread "Thread-0" [_thread_in_native, id=7604, stack(0x0000007b93300000,0x0000007b93400000)]

siginfo: ExceptionCode=0xc0000005, reading address 0x0000000000000000

Registers:
RAX=0x0000000000000040, RBX=0x000001cfddbc6890, RCX=0x000001cfde44fcd4, RDX=0xfffffe3021bb032c
RSP=0x0000007b933febc8, RBP=0x0000000000000109, RSI=0x0000000000000004, RDI=0x000001cfde44fcd4
R8 =0x0000000000000040, R9 =0x0000000000000004, R10=0x0000000000000000, R11=0x000001cfde44fcd4
R12=0x0000000000000000, R13=0x0000000051c10000, R14=0x0000000000000000, R15=0x000001cfddbc6810
RIP=0x0000000052bd7c20, EFLAGS=0x0000000000010287

Top of Stack: (sp=0x0000007b933febc8)
0x0000007b933febc8:   000000005272425a 0000007b933fecf8
0x0000007b933febd8:   00007ff971106272 0000007b933fec10
0x0000007b933febe8:   00000000525bc28b 000001cfdce25800
0x0000007b933febf8:   0000000000000004 0000000000000000
0x0000007b933fec08:   000000000006810b 000001cfddbc6810
0x0000007b933fec18:   0000000052725042 000001cfddbc6080
0x0000007b933fec28:   0000000000000007 0000000000000000
0x0000007b933fec38:   000001cfc79f9ec6 000001cfdce25800
0x0000007b933fec48:   0000007b933fed38 000001cfda9a8ba8
0x0000007b933fec58:   0000000000000000 000001cfc79e83fd
0x0000007b933fec68:   000001cfc79fa06e 000001cfda9a8ba8
0x0000007b933fec78:   0000007b933fecf8 0000000000001df8
0x0000007b933fec88:   000001cfc79f9d7b 000001cf00000004
0x0000007b933fec98:   0000000052677100 0000000000001df8
0x0000007b933feca8:   000001cfdce25800 000001cfc79f9d22
0x0000007b933fecb8:   0000007b933fecb8 000001cfda9a8ba8 

Instructions: (pc=0x0000000052bd7c20)
0x0000000052bd7c00:   29 41 c0 0f 29 49 d0 0f 10 44 0a e0 0f 10 4c 0a
0x0000000052bd7c10:   f0 75 ad 0f 29 41 e0 49 83 e0 7f 0f 28 c1 eb 0c
0x0000000052bd7c20:   0f 10 04 0a 48 83 c1 10 49 83 e8 10 4d 8b c8 49
0x0000000052bd7c30:   c1 e9 04 74 1c 66 66 66 0f 1f 84 00 00 00 00 00 


Register to memory mapping:

RAX=0x0000000000000040 is an unknown value
RBX=0x000001cfddbc6890 is an unknown value
RCX=0x000001cfde44fcd4 is an unknown value
RDX=0xfffffe3021bb032c is an unknown value
RSP=0x0000007b933febc8 is pointing into the stack for thread: 0x000001cfdce25800
RBP=0x0000000000000109 is an unknown value
RSI=0x0000000000000004 is an unknown value
RDI=0x000001cfde44fcd4 is an unknown value
R8 =0x0000000000000040 is an unknown value
R9 =0x0000000000000004 is an unknown value
R10=0x0000000000000000 is an unknown value
R11=0x000001cfde44fcd4 is an unknown value
R12=0x0000000000000000 is an unknown value
R13=0x0000000051c10000 is an unknown value
R14=0x0000000000000000 is an unknown value
R15=0x000001cfddbc6810 is an unknown value


Stack: [0x0000007b93300000,0x0000007b93400000],  sp=0x0000007b933febc8,  free space=1018k
Native frames: (J=compiled Java code, j=interpreted, Vv=VM code, C=native code)
C  [nvoglv64.dll+0xfc7c20]
C  [nvoglv64.dll+0xb1425a]
C  [nvoglv64.dll+0xb15042]
C  0x000001cfc79fa06e

Java frames: (J=compiled Java code, j=interpreted, Vv=VM code)
j  org.lwjgl.opengl.GL11.nglDrawArrays(IIIJ)V+0
j  org.lwjgl.opengl.GL11.glDrawArrays(III)V+20
j  com.mojang.minecraft.renderer.Tesselator.end()V+76
j  com.mojang.minecraft.Minecraft.setLoadingProgress(I)V+160
j  com.mojang.minecraft.Minecraft.levelLoadUpdate(Ljava/lang/String;)V+22
j  com.mojang.minecraft.level.LevelIO.load(Ljava/io/InputStream;)Lcom/mojang/minecraft/level/Level;+29
j  com.mojang.minecraft.Minecraft.run()V+426
j  java.lang.Thread.run()V+11
v  ~StubRoutines::call_stub

---------------  P R O C E S S  ---------------

Java Threads: ( => current thread )
  0x000001cfe17b1800 JavaThread "Java2D Disposer" daemon [_thread_blocked, id=6776, stack(0x0000007b93e00000,0x0000007b93f00000)]
  0x000001cfe1544000 JavaThread "Thread-4" daemon [_thread_in_native, id=3200, stack(0x0000007b93d00000,0x0000007b93e00000)]
  0x000001cfc5e94800 JavaThread "DestroyJavaVM" [_thread_blocked, id=264, stack(0x0000007b91f00000,0x0000007b92000000)]
=>0x000001cfdce25800 JavaThread "Thread-0" [_thread_in_native, id=7604, stack(0x0000007b93300000,0x0000007b93400000)]
  0x000001cfdcd18800 JavaThread "Service Thread" daemon [_thread_blocked, id=8480, stack(0x0000007b93100000,0x0000007b93200000)]
  0x000001cfdb949000 JavaThread "C1 CompilerThread3" daemon [_thread_blocked, id=8044, stack(0x0000007b93000000,0x0000007b93100000)]
  0x000001cfdb945000 JavaThread "C2 CompilerThread2" daemon [_thread_blocked, id=10940, stack(0x0000007b92f00000,0x0000007b93000000)]
  0x000001cfdb8f1800 JavaThread "C2 CompilerThread1" daemon [_thread_blocked, id=3436, stack(0x0000007b92e00000,0x0000007b92f00000)]
  0x000001cfdb8ed000 JavaThread "C2 CompilerThread0" daemon [_thread_blocked, id=4600, stack(0x0000007b92d00000,0x0000007b92e00000)]
  0x000001cfdb939800 JavaThread "Attach Listener" daemon [_thread_blocked, id=10848, stack(0x0000007b92c00000,0x0000007b92d00000)]
  0x000001cfdb938800 JavaThread "Signal Dispatcher" daemon [_thread_blocked, id=4500, stack(0x0000007b92b00000,0x0000007b92c00000)]
  0x000001cfdb8bf800 JavaThread "Finalizer" daemon [_thread_blocked, id=10460, stack(0x0000007b92a00000,0x0000007b92b00000)]
  0x000001cfdb8b8800 JavaThread "Reference Handler" daemon [_thread_blocked, id=8240, stack(0x0000007b92900000,0x0000007b92a00000)]

Other Threads:
  0x000001cfc621d000 VMThread [stack: 0x0000007b92800000,0x0000007b92900000] [id=1528]
  0x000001cfdcd23000 WatcherThread [stack: 0x0000007b93200000,0x0000007b93300000] [id=8812]

VM state:not at safepoint (normal execution)

VM Mutex/Monitor currently owned by a thread: None

heap address: 0x00000000a1a00000, size: 1510 MB, Compressed Oops mode: 32-bit
Narrow klass base: 0x0000000000000000, Narrow klass shift: 3
Compressed class space size: 1073741824 Address: 0x0000000100000000

Heap:
 PSYoungGen      total 28672K, used 18174K [0x00000000e0900000, 0x00000000e2900000, 0x0000000100000000)
  eden space 24576K, 73% used [0x00000000e0900000,0x00000000e1abf978,0x00000000e2100000)
  from space 4096K, 0% used [0x00000000e2500000,0x00000000e2500000,0x00000000e2900000)
  to   space 4096K, 0% used [0x00000000e2100000,0x00000000e2100000,0x00000000e2500000)
 ParOldGen       total 65536K, used 0K [0x00000000a1a00000, 0x00000000a5a00000, 0x00000000e0900000)
  object space 65536K, 0% used [0x00000000a1a00000,0x00000000a1a00000,0x00000000a5a00000)
 Metaspace       used 8879K, capacity 9057K, committed 9216K, reserved 1056768K
  class space    used 920K, capacity 989K, committed 1024K, reserved 1048576K

Card table byte_map: [0x000001cfd6da0000,0x000001cfd70a0000] byte_map_base: 0x000001cfd6893000

Marking Bits: (ParMarkBitMap*) 0x00007ff971870200
 Begin Bits: [0x000001cfd72a0000, 0x000001cfd8a38000)
 End Bits:   [0x000001cfd8a38000, 0x000001cfda1d0000)

Polling page: 0x000001cfc60d0000

CodeCache: size=245760Kb used=2581Kb max_used=2581Kb free=243178Kb
 bounds [0x000001cfc79e0000, 0x000001cfc7c70000, 0x000001cfd69e0000]
 total_blobs=1112 nmethods=650 adapters=375
 compilation: enabled

Compilation events (10 events):
Event: 2.117 Thread 0x000001cfdb949000 nmethod 644 0x000001cfc7c5f4d0 code [0x000001cfc7c5f660, 0x000001cfc7c5f890]
Event: 2.117 Thread 0x000001cfdb949000  645       3       javax.imageio.ImageReader::processImageProgress (56 bytes)
Event: 2.118 Thread 0x000001cfdb949000 nmethod 645 0x000001cfc7c628d0 code [0x000001cfc7c62a80, 0x000001cfc7c62fd0]
Event: 2.124 Thread 0x000001cfdb949000  646       1       java.nio.Buffer::limit (5 bytes)
Event: 2.124 Thread 0x000001cfdb949000 nmethod 646 0x000001cfc7c5a750 code [0x000001cfc7c5a8a0, 0x000001cfc7c5a9b8]
Event: 2.128 Thread 0x000001cfdb949000  647       3       java.lang.ref.PhantomReference::<init> (7 bytes)
Event: 2.128 Thread 0x000001cfdb949000 nmethod 647 0x000001cfc7c62390 code [0x000001cfc7c62500, 0x000001cfc7c627b8]
Event: 2.129 Thread 0x000001cfdb949000  648       3       javax.imageio.stream.ImageInputStreamImpl::checkClosed (18 bytes)
Event: 2.129 Thread 0x000001cfdb949000 nmethod 648 0x000001cfc7c61f10 code [0x000001cfc7c62080, 0x000001cfc7c622d0]
Event: 2.131 Thread 0x000001cfdb949000  649       3       java.awt.image.ColorModel::getRGB (35 bytes)

GC Heap History (0 events):
No events

Deoptimization events (3 events):
Event: 1.335 Thread 0x000001cfdce25800 Uncommon trap: reason=loop_limit_check action=maybe_recompile pc=0x000001cfc7b819a0 method=java.lang.String.equals(Ljava/lang/Object;)Z @ 56
Event: 1.355 Thread 0x000001cfdce25800 Uncommon trap: reason=loop_limit_check action=maybe_recompile pc=0x000001cfc7b894f4 method=java.lang.String.indexOf([CII[CIII)I @ 79
Event: 1.568 Thread 0x000001cfdce25800 Uncommon trap: reason=unstable_if action=reinterpret pc=0x000001cfc7ba0efc method=java.lang.String.indexOf([CII[CIII)I @ 134

Classes redefined (0 events):
No events

Internal exceptions (7 events):
Event: 0.042 Thread 0x000001cfc5e94800 Exception <a 'java/lang/NoSuchMethodError': Method sun.misc.Unsafe.defineClass(Ljava/lang/String;[BII)Ljava/lang/Class; name or signature does not match> (0x00000000e0907ce8) thrown at [C:\jenkins\workspace\8-2-build-windows-x64-cygwin-sans-NAS\jdk8u431\1
Event: 0.042 Thread 0x000001cfc5e94800 Exception <a 'java/lang/NoSuchMethodError': Method sun.misc.Unsafe.prefetchRead(Ljava/lang/Object;J)V name or signature does not match> (0x00000000e0907fd0) thrown at [C:\jenkins\workspace\8-2-build-windows-x64-cygwin-sans-NAS\jdk8u431\1359\hotspot\src\sh
Event: 1.329 Thread 0x000001cfdce25800 Exception <a 'java/security/PrivilegedActionException'> (0x00000000e132bcb0) thrown at [C:\jenkins\workspace\8-2-build-windows-x64-cygwin-sans-NAS\jdk8u431\1359\hotspot\src\share\vm\prims\jvm.cpp, line 1513]
Event: 1.329 Thread 0x000001cfdce25800 Exception <a 'java/security/PrivilegedActionException'> (0x00000000e132bec0) thrown at [C:\jenkins\workspace\8-2-build-windows-x64-cygwin-sans-NAS\jdk8u431\1359\hotspot\src\share\vm\prims\jvm.cpp, line 1513]
Event: 1.592 Thread 0x000001cfdce25800 Exception <a 'java/io/FileNotFoundException'> (0x00000000e150e918) thrown at [C:\jenkins\workspace\8-2-build-windows-x64-cygwin-sans-NAS\jdk8u431\1359\hotspot\src\share\vm\prims\jni.cpp, line 710]
Event: 1.630 Thread 0x000001cfdce25800 Exception <a 'java/lang/NoSuchFieldError': method resolution failed> (0x00000000e1661188) thrown at [C:\jenkins\workspace\8-2-build-windows-x64-cygwin-sans-NAS\jdk8u431\1359\hotspot\src\share\vm\prims\methodHandles.cpp, line 1188]
Event: 1.632 Thread 0x000001cfdce25800 Exception <a 'java/lang/NoSuchFieldError': method resolution failed> (0x00000000e166ed30) thrown at [C:\jenkins\workspace\8-2-build-windows-x64-cygwin-sans-NAS\jdk8u431\1359\hotspot\src\share\vm\prims\methodHandles.cpp, line 1188]

Events (10 events):
Event: 2.123 loading class org/lwjgl/opengl/GLChecks
Event: 2.123 loading class org/lwjgl/opengl/GLChecks done
Event: 2.124 loading class com/mojang/minecraft/renderer/Tesselator
Event: 2.124 loading class com/mojang/minecraft/renderer/Tesselator done
Event: 2.129 loading class sun/nio/cs/ISO_8859_1$Decoder
Event: 2.129 loading class sun/nio/cs/ISO_8859_1$Decoder done
Event: 2.129 loading class javax/imageio/ImageTypeSpecifier$Indexed
Event: 2.129 loading class javax/imageio/ImageTypeSpecifier$Indexed done
Event: 2.130 loading class sun/awt/image/BytePackedRaster
Event: 2.130 loading class sun/awt/image/BytePackedRaster done


Dynamic libraries:
0x00007ff79e990000 - 0x00007ff79e9df000 	C:\Program Files\Java\jdk-1.8\bin\javaw.exe
0x00007ff9a4230000 - 0x00007ff9a4428000 	C:\Windows\SYSTEM32\ntdll.dll
0x00007ff9a2bb0000 - 0x00007ff9a2c72000 	C:\Windows\System32\KERNEL32.DLL
0x00007ff9a1c40000 - 0x00007ff9a1f3e000 	C:\Windows\System32\KERNELBASE.dll
0x00007ff9a3a60000 - 0x00007ff9a3b11000 	C:\Windows\System32\ADVAPI32.dll
0x00007ff9a4020000 - 0x00007ff9a40be000 	C:\Windows\System32\msvcrt.dll
0x00007ff9a3f50000 - 0x00007ff9a3fef000 	C:\Windows\System32\sechost.dll
0x00007ff9a40c0000 - 0x00007ff9a41e3000 	C:\Windows\System32\RPCRT4.dll
0x00007ff9a1f40000 - 0x00007ff9a1f67000 	C:\Windows\System32\bcrypt.dll
0x00007ff9a2d30000 - 0x00007ff9a2ecd000 	C:\Windows\System32\USER32.dll
0x00007ff9a1f70000 - 0x00007ff9a1f92000 	C:\Windows\System32\win32u.dll
0x00007ff9a3a30000 - 0x00007ff9a3a5b000 	C:\Windows\System32\GDI32.dll
0x00007ff9a18d0000 - 0x00007ff9a19e7000 	C:\Windows\System32\gdi32full.dll
0x00007ff9a1b10000 - 0x00007ff9a1bad000 	C:\Windows\System32\msvcp_win.dll
0x00007ff9a1fa0000 - 0x00007ff9a20a0000 	C:\Windows\System32\ucrtbase.dll
0x00007ff990e00000 - 0x00007ff99109a000 	C:\Windows\WinSxS\amd64_microsoft.windows.common-controls_6595b64144ccf1df_6.0.19041.4355_none_60b8b9eb71f62e16\COMCTL32.dll
0x00007ff9a3ff0000 - 0x00007ff9a401f000 	C:\Windows\System32\IMM32.DLL
0x00007ff99caf0000 - 0x00007ff99cb0b000 	C:\Program Files\Java\jdk-1.8\jre\bin\vcruntime140.dll
0x00007ff99de80000 - 0x00007ff99de8c000 	C:\Program Files\Java\jdk-1.8\jre\bin\vcruntime140_1.dll
0x00007ff998fe0000 - 0x00007ff99906e000 	C:\Program Files\Java\jdk-1.8\jre\bin\msvcp140.dll
0x00007ff971040000 - 0x00007ff9718ea000 	C:\Program Files\Java\jdk-1.8\jre\bin\server\jvm.dll
0x00007ff9a2250000 - 0x00007ff9a2258000 	C:\Windows\System32\PSAPI.DLL
0x00007ff98fe20000 - 0x00007ff98fe47000 	C:\Windows\SYSTEM32\WINMM.dll
0x00007ff994f40000 - 0x00007ff994f4a000 	C:\Windows\SYSTEM32\VERSION.dll
0x00007ff99d710000 - 0x00007ff99d719000 	C:\Windows\SYSTEM32\WSOCK32.dll
0x00007ff9a2260000 - 0x00007ff9a22cb000 	C:\Windows\System32\WS2_32.dll
0x00007ff99f750000 - 0x00007ff99f762000 	C:\Windows\SYSTEM32\kernel.appcore.dll
0x00007ff99d590000 - 0x00007ff99d5a0000 	C:\Program Files\Java\jdk-1.8\jre\bin\verify.dll
0x00007ff993de0000 - 0x00007ff993e0b000 	C:\Program Files\Java\jdk-1.8\jre\bin\java.dll
0x00007ff999500000 - 0x00007ff999518000 	C:\Program Files\Java\jdk-1.8\jre\bin\zip.dll
0x00007ff9a31d0000 - 0x00007ff9a393d000 	C:\Windows\System32\SHELL32.dll
0x00007ff99f950000 - 0x00007ff9a00f4000 	C:\Windows\SYSTEM32\windows.storage.dll
0x00007ff9a23e0000 - 0x00007ff9a2733000 	C:\Windows\System32\combase.dll
0x00007ff9a1290000 - 0x00007ff9a12be000 	C:\Windows\SYSTEM32\Wldp.dll
0x00007ff9a3d90000 - 0x00007ff9a3e5d000 	C:\Windows\System32\OLEAUT32.dll
0x00007ff9a2c80000 - 0x00007ff9a2d2d000 	C:\Windows\System32\SHCORE.dll
0x00007ff9a3e60000 - 0x00007ff9a3eb5000 	C:\Windows\System32\shlwapi.dll
0x00007ff9a1800000 - 0x00007ff9a1824000 	C:\Windows\SYSTEM32\profapi.dll
0x0000000180000000 - 0x0000000180053000 	C:\Users\DELL\Documents\GitHub\classic-0.0.21a\desktopRuntime\lwjgl64.dll
0x00007ff974d70000 - 0x00007ff974e98000 	C:\Windows\SYSTEM32\OPENGL32.dll
0x00007ff993db0000 - 0x00007ff993ddc000 	C:\Windows\SYSTEM32\GLU32.dll
0x00007ff99df30000 - 0x00007ff99dfde000 	C:\Windows\SYSTEM32\mscms.dll
0x00007ff9a17c0000 - 0x00007ff9a17ee000 	C:\Windows\SYSTEM32\USERENV.dll
0x00007ff99dde0000 - 0x00007ff99ddf1000 	C:\Windows\SYSTEM32\ColorAdapterClient.dll
0x00007ff9a1bb0000 - 0x00007ff9a1c32000 	C:\Windows\System32\bcryptPrimitives.dll
0x00007ff9a22d0000 - 0x00007ff9a2379000 	C:\Windows\System32\clbcatq.dll
0x00007ff996980000 - 0x00007ff9969c3000 	C:\Windows\System32\Windows.Internal.Graphics.Display.DisplayColorManagement.dll
0x00007ff9a2200000 - 0x00007ff9a224e000 	C:\Windows\System32\cfgmgr32.dll
0x00007ff99f260000 - 0x00007ff99f2fe000 	C:\Windows\system32\uxtheme.dll
0x00007ff9a3b20000 - 0x00007ff9a3c35000 	C:\Windows\System32\MSCTF.dll
0x00007ff999950000 - 0x00007ff999a52000 	C:\Windows\System32\AppXDeploymentClient.dll
0x0000000051c10000 - 0x0000000053e4d000 	C:\Windows\System32\DriverStore\FileRepository\nvdmi.inf_amd64_b79991c48f5211ac\nvoglv64.dll
0x00007ff9a2740000 - 0x00007ff9a2bae000 	C:\Windows\System32\SETUPAPI.dll
0x00007ff9a3c40000 - 0x00007ff9a3d6b000 	C:\Windows\System32\ole32.dll
0x00007ff99b6d0000 - 0x00007ff99b6e4000 	C:\Windows\SYSTEM32\WTSAPI32.dll
0x00007ff9a1660000 - 0x00007ff9a1693000 	C:\Windows\System32\DEVOBJ.dll
0x00007ff9a19f0000 - 0x00007ff9a1a59000 	C:\Windows\System32\WINTRUST.dll
0x00007ff9a20a0000 - 0x00007ff9a21fc000 	C:\Windows\System32\CRYPT32.dll
0x00007ff9a1490000 - 0x00007ff9a14a2000 	C:\Windows\System32\MSASN1.dll
0x00007ff9a0b00000 - 0x00007ff9a0b33000 	C:\Windows\SYSTEM32\ntmarta.dll
0x00007ff99f450000 - 0x00007ff99f47f000 	C:\Windows\system32\dwmapi.dll
0x00007ff9980b0000 - 0x00007ff9981a9000 	C:\Windows\SYSTEM32\textinputframework.dll
0x00007ff99d460000 - 0x00007ff99d552000 	C:\Windows\System32\CoreMessaging.dll
0x00007ff99d000000 - 0x00007ff99d35b000 	C:\Windows\System32\CoreUIComponents.dll
0x00007ff99dfe0000 - 0x00007ff99e137000 	C:\Windows\SYSTEM32\wintypes.dll
0x00007ff993d60000 - 0x00007ff993da5000 	C:\Windows\SYSTEM32\icm32.dll
0x00007ff9a1350000 - 0x00007ff9a139b000 	C:\Windows\SYSTEM32\powrprof.dll
0x00007ff9a1330000 - 0x00007ff9a1342000 	C:\Windows\SYSTEM32\UMPDC.dll
0x00007ff9a1060000 - 0x00007ff9a10bb000 	C:\Windows\SYSTEM32\WINSTA.dll
0x00007ff9a0160000 - 0x00007ff9a0256000 	C:\Windows\system32\dxgi.dll
0x00007ff9954a0000 - 0x00007ff995537000 	C:\Windows\System32\DriverStore\FileRepository\nvdmi.inf_amd64_b79991c48f5211ac\nvumdshimx.dll
0x0000000053ed0000 - 0x0000000053ed6000 	C:\Program Files\NVIDIA Corporation\CoProcManager\_etoured.dll
0x00007ff99acc0000 - 0x00007ff99ad03000 	C:\Program Files\NVIDIA Corporation\CoProcManager\nvd3d9wrapx.dll
0x00007ff970890000 - 0x00007ff97097b000 	C:\Windows\System32\DriverStore\FileRepository\nvdmi.inf_amd64_b79991c48f5211ac\nvldumdx.dll
0x00007ff9a3d70000 - 0x00007ff9a3d8d000 	C:\Windows\System32\imagehlp.dll
0x00007ff9a11f0000 - 0x00007ff9a1208000 	C:\Windows\System32\CRYPTSP.dll
0x00007ff9a08b0000 - 0x00007ff9a08e4000 	C:\Windows\system32\rsaenh.dll
0x00007ff9a11e0000 - 0x00007ff9a11ec000 	C:\Windows\SYSTEM32\CRYPTBASE.dll
0x00007ff96ec80000 - 0x00007ff970888000 	C:\Windows\System32\DriverStore\FileRepository\nvdmi.inf_amd64_b79991c48f5211ac\nvwgf2umx.dll
0x00007ff995f00000 - 0x00007ff995f3b000 	C:\Windows\SYSTEM32\dxcore.dll
0x00007ff96e7e0000 - 0x00007ff96ec79000 	C:\Windows\system32\nvapi64.dll
0x00007ff99c500000 - 0x00007ff99c763000 	C:\Windows\SYSTEM32\d3d11.dll
0x000001cfe2450000 - 0x000001cfe2466000 	C:\Users\DELL\Documents\GitHub\classic-0.0.21a\desktopRuntime\jinput-dx8_64.dll
0x00007ff993d10000 - 0x00007ff993d55000 	C:\Windows\SYSTEM32\DINPUT8.dll
0x00007ff997f50000 - 0x00007ff9980a2000 	C:\Windows\SYSTEM32\inputhost.dll
0x00007ff99eb50000 - 0x00007ff99ec46000 	C:\Windows\SYSTEM32\PROPSYS.dll
0x00007ff9a0100000 - 0x00007ff9a010d000 	C:\Windows\SYSTEM32\HID.DLL
0x000001cfe24e0000 - 0x000001cfe24f4000 	C:\Users\DELL\Documents\GitHub\classic-0.0.21a\desktopRuntime\jinput-raw_64.dll
0x00007ff96c980000 - 0x00007ff96cafe000 	C:\Program Files\Java\jdk-1.8\jre\bin\awt.dll
0x00007ff99dc10000 - 0x00007ff99dca4000 	C:\Windows\SYSTEM32\apphelp.dll
0x00007ff9985b0000 - 0x00007ff9985cc000 	C:\Program Files\Java\jdk-1.8\jre\bin\net.dll
0x00007ff9a0f90000 - 0x00007ff9a0ffa000 	C:\Windows\system32\mswsock.dll
0x00007ff9a0c70000 - 0x00007ff9a0cab000 	C:\Windows\SYSTEM32\IPHLPAPI.DLL
0x00007ff9a31c0000 - 0x00007ff9a31c8000 	C:\Windows\System32\NSI.dll
0x00007ff99afe0000 - 0x00007ff99aff7000 	C:\Windows\SYSTEM32\dhcpcsvc6.DLL
0x00007ff99afc0000 - 0x00007ff99afdd000 	C:\Windows\SYSTEM32\dhcpcsvc.DLL
0x00007ff9a0cb0000 - 0x00007ff9a0d7a000 	C:\Windows\SYSTEM32\DNSAPI.dll
0x00007ff993cf0000 - 0x00007ff993d03000 	C:\Program Files\Java\jdk-1.8\jre\bin\nio.dll
0x00007ff985ad0000 - 0x00007ff985cb4000 	C:\Windows\SYSTEM32\dbghelp.dll

VM Arguments:
jvm_args: -Dfile.encoding=Cp1252 
java_command: com.demez.minecraft.Client.Client
java_class_path (initial): C:\Users\DELL\Documents\GitHub\classic-0.0.21a\desktopRuntime\EclipseProject\bin;C:\Users\DELL\Documents\GitHub\classic-0.0.21a\desktopRuntime\EclipseProject\deps-fix\asm-9.2.jar;C:\Users\DELL\Documents\GitHub\classic-0.0.21a\desktopRuntime\EclipseProject\deps-fix\asm-tree-9.2.jar;C:\Users\DELL\Documents\GitHub\classic-0.0.21a\desktopRuntime\EclipseProject\deps-fix\jinput-2.0.5.jar;C:\Users\DELL\Documents\GitHub\classic-0.0.21a\desktopRuntime\EclipseProject\deps-fix\json-20230311.jar;C:\Users\DELL\Documents\GitHub\classic-0.0.21a\desktopRuntime\EclipseProject\deps-fix\jutils-1.0.0.jar;C:\Users\DELL\Documents\GitHub\classic-0.0.21a\desktopRuntime\EclipseProject\deps-fix\lwjgl_util-2.9.4.jar;C:\Users\DELL\Documents\GitHub\classic-0.0.21a\desktopRuntime\EclipseProject\deps-fix\lwjgl-2.9.4.jar
Launcher Type: SUN_STANDARD

Environment Variables:
PATH=C:/Program Files/eclipse//plugins/org.eclipse.justj.openjdk.hotspot.jre.full.win32.x86_64_17.0.1.v20211116-1657/jre/bin/server;C:/Program Files/eclipse//plugins/org.eclipse.justj.openjdk.hotspot.jre.full.win32.x86_64_17.0.1.v20211116-1657/jre/bin;C:\Program Files (x86)\VMware\VMware Workstation\bin\;C:\Program Files\Java\jdk-1.8\bin;C:\Windows\system32;C:\Windows;C:\Windows\System32\Wbem;C:\Windows\System32\WindowsPowerShell\v1.0\;C:\Windows\System32\OpenSSH\;C:\Program Files\dotnet\;C:\Program Files\PuTTY\;C:\Program Files\Git\cmd;C:\Program Files\nodejs\;C:\Users\DELL\AppData\Local\Programs\Python\Launcher\;C:\Users\DELL\AppData\Local\Microsoft\WindowsApps;C:\Users\DELL\AppData\Local\Programs\Microsoft VS Code\bin;C:\Users\DELL\AppData\Local\GitHubDesktop\bin;C:\Users\DELL\AppData\Roaming\npm;C:\Program Files\nodejs\;;C:\Program Files\eclipse;
USERNAME=DELL
OS=Windows_NT
PROCESSOR_IDENTIFIER=Intel64 Family 6 Model 42 Stepping 7, GenuineIntel



---------------  S Y S T E M  ---------------

OS: Windows 10 , 64 bit Build 19041 (10.0.19041.5198)

CPU:total 8 (initial active 8) (4 cores per cpu, 2 threads per core) family 6 model 42 stepping 7, cmov, cx8, fxsr, mmx, sse, sse2, sse3, ssse3, sse4.1, sse4.2, popcnt, avx, aes, clmul, ht, tsc, tscinvbit

Memory: 4k page, physical 6183080k(1415896k free), swap 8280232k(2769676k free)

vm_info: Java HotSpot(TM) 64-Bit Server VM (25.431-b10) for windows-amd64 JRE (1.8.0_431-b10), built on Sep 30 2024 08:11:54 by "java_re" with MS VC++ 17.6 (VS2022)

time: Sat Jan 25 15:50:20 2025
timezone: Iran Standard Time
elapsed time: 2.169736 seconds (0d 0h 0m 2s)

