#
# A fatal error has been detected by the Java Runtime Environment:
#
#  EXCEPTION_ACCESS_VIOLATION (0xc0000005) at pc=0x0000000052c57c20, pid=5848, tid=11888
#
# JRE version: OpenJDK Runtime Environment Temurin-17.0.1+12 (17.0.1+12) (build 17.0.1+12)
# Java VM: OpenJDK 64-Bit Server VM Temurin-17.0.1+12 (17.0.1+12, mixed mode, tiered, compressed oops, compressed class ptrs, g1 gc, windows-amd64)
# Problematic frame:
# C  [nvoglv64.dll+0xfc7c20]
#
# No core dump will be written. Minidumps are not enabled by default on client versions of Windows
#
# If you would like to submit a bug report, please visit:
#   https://github.com/adoptium/adoptium-support/issues
# The crash happened outside the Java Virtual Machine in native code.
# See problematic frame for where to report the bug.
#

---------------  S U M M A R Y ------------

Command Line: -XX:+ShowCodeDetailsInExceptionMessages -agentlib:jdwp=transport=dt_socket,suspend=y,address=localhost:50552 -javaagent:C:\Program Files\eclipse\configuration\org.eclipse.osgi\221\0\.cp\lib\javaagent-shaded.jar -Dfile.encoding=Cp1252 com.demez.minecraft.Client.Client

Host: Intel(R) Core(TM) i7-2630QM CPU @ 2.00GHz, 8 cores, 5G,  Windows 10 , 64 bit Build 19041 (10.0.19041.5198)
Time: Sat Jan 25 15:39:57 2025 Iran Standard Time elapsed time: 2.840642 seconds (0d 0h 0m 2s)

---------------  T H R E A D  ---------------

Current thread (0x00000206176f01b0):  JavaThread "Thread-0" [_thread_in_native, id=11888, stack(0x000000367d900000,0x000000367da00000)]

Stack: [0x000000367d900000,0x000000367da00000],  sp=0x000000367d9fee88,  free space=1019k
Native frames: (J=compiled Java code, j=interpreted, Vv=VM code, C=native code)
C  [nvoglv64.dll+0xfc7c20]

Java frames: (J=compiled Java code, j=interpreted, Vv=VM code)
j  org.lwjgl.opengl.GL11.nglDrawArrays(IIIJ)V+0
j  org.lwjgl.opengl.GL11.glDrawArrays(III)V+20
j  com.mojang.minecraft.renderer.Tesselator.end()V+76
j  com.mojang.minecraft.Minecraft.setLoadingProgress(I)V+160
j  com.mojang.minecraft.Minecraft.levelLoadUpdate(Ljava/lang/String;)V+22
j  com.mojang.minecraft.level.LevelIO.load(Ljava/io/InputStream;)Lcom/mojang/minecraft/level/Level;+29
j  com.mojang.minecraft.Minecraft.run()V+426
j  java.lang.Thread.run()V+11 java.base@17.0.1
v  ~StubRoutines::call_stub

siginfo: EXCEPTION_ACCESS_VIOLATION (0xc0000005), reading address 0x0000000000000000


Register to memory mapping:

RIP=0x0000000052c57c20 nvoglv64.dll
RAX=0x0000000000000040 is an unknown value
RBX=0x0000020619202890 points into unknown readable memory: 0x0000000000000000 | 00 00 00 00 00 00 00 00
RCX=0x000002061a70ac34 points into unknown readable memory: 00 00 00 00
RDX=0xfffffdf9e58f53cc is an unknown value
RSP=0x000000367d9fee88 is pointing into the stack for thread: 0x00000206176f01b0
RBP=0x0000000000000109 is an unknown value
RSI=0x0000000000000004 is an unknown value
RDI=0x000002061a70ac34 points into unknown readable memory: 00 00 00 00
R8 =0x0000000000000040 is an unknown value
R9 =0x0000000000000004 is an unknown value
R10=0x0 is NULL
R11=0x000002061a70ac34 points into unknown readable memory: 00 00 00 00
R12=0x0 is NULL
R13=0x0000000051c90000 nvoglv64.dll
R14=0x0 is NULL
R15=0x0000020619202810 points into unknown readable memory: 0x0000000000000003 | 03 00 00 00 00 00 00 00


Registers:
RAX=0x0000000000000040, RBX=0x0000020619202890, RCX=0x000002061a70ac34, RDX=0xfffffdf9e58f53cc
RSP=0x000000367d9fee88, RBP=0x0000000000000109, RSI=0x0000000000000004, RDI=0x000002061a70ac34
R8 =0x0000000000000040, R9 =0x0000000000000004, R10=0x0000000000000000, R11=0x000002061a70ac34
R12=0x0000000000000000, R13=0x0000000051c90000, R14=0x0000000000000000, R15=0x0000020619202810
RIP=0x0000000052c57c20, EFLAGS=0x0000000000010287

Top of Stack: (sp=0x000000367d9fee88)
0x000000367d9fee88:   00000000527a425a 0000000000000000
0x000000367d9fee98:   00000206035d9ee8 00000206035d9ee8
0x000000367d9feea8:   000000005263c28b 00000206176f0100
0x000000367d9feeb8:   0000000000000004 0000000000000000
0x000000367d9feec8:   000000000006810b 0000020619202810
0x000000367d9feed8:   00000000527a5042 0000020619202080
0x000000367d9feee8:   0000000000000007 0000000000000000
0x000000367d9feef8:   00000206035e0f69 00000206176f01b0
0x000000367d9fef08:   000000367d9ff000 000002061822c558
0x000000367d9fef18:   0000000000000000 00000206035d9ee8
0x000000367d9fef28:   00000206035e1286 000002061822c558
0x000000367d9fef38:   000000367d9fefc0 0000000000000148
0x000000367d9fef48:   00000206035e0bf2 0000020600000004
0x000000367d9fef58:   00000000526f7100 00000206180a8d58
0x000000367d9fef68:   0000000000000000 00000206035e0b96
0x000000367d9fef78:   000000367d9fef78 000002061822c558 

Instructions: (pc=0x0000000052c57c20)
0x0000000052c57b20:   4c 8b 02 8b 4a 08 4c 89 00 89 48 08 c3 0f 1f 00
0x0000000052c57b30:   4c 8b 02 8b 4a 08 44 0f b7 4a 0c 4c 89 00 89 48
0x0000000052c57b40:   08 66 44 89 48 0c c3 66 0f 1f 84 00 00 00 00 00
0x0000000052c57b50:   4c 8b 02 8b 4a 08 44 0f b7 4a 0c 44 0f b6 52 0e
0x0000000052c57b60:   4c 89 00 89 48 08 66 44 89 48 0c 44 88 50 0e c3
0x0000000052c57b70:   0f 10 04 0a 4c 03 c1 48 83 c1 10 41 f6 c3 0f 74
0x0000000052c57b80:   13 0f 28 c8 48 83 e1 f0 0f 10 04 0a 48 83 c1 10
0x0000000052c57b90:   41 0f 11 0b 4c 2b c1 4d 8b c8 49 c1 e9 07 0f 84
0x0000000052c57ba0:   88 00 00 00 0f 29 41 f0 4c 3b 0d c1 46 0b 01 76
0x0000000052c57bb0:   17 e9 c2 00 00 00 66 66 0f 1f 84 00 00 00 00 00
0x0000000052c57bc0:   0f 29 41 e0 0f 29 49 f0 0f 10 04 0a 0f 10 4c 0a
0x0000000052c57bd0:   10 48 81 c1 80 00 00 00 0f 29 41 80 0f 29 49 90
0x0000000052c57be0:   0f 10 44 0a a0 0f 10 4c 0a b0 49 ff c9 0f 29 41
0x0000000052c57bf0:   a0 0f 29 49 b0 0f 10 44 0a c0 0f 10 4c 0a d0 0f
0x0000000052c57c00:   29 41 c0 0f 29 49 d0 0f 10 44 0a e0 0f 10 4c 0a
0x0000000052c57c10:   f0 75 ad 0f 29 41 e0 49 83 e0 7f 0f 28 c1 eb 0c
0x0000000052c57c20:   0f 10 04 0a 48 83 c1 10 49 83 e8 10 4d 8b c8 49
0x0000000052c57c30:   c1 e9 04 74 1c 66 66 66 0f 1f 84 00 00 00 00 00
0x0000000052c57c40:   0f 11 41 f0 0f 10 04 0a 48 83 c1 10 49 ff c9 75
0x0000000052c57c50:   ef 49 83 e0 0f 74 0d 49 8d 04 08 0f 10 4c 02 f0
0x0000000052c57c60:   0f 11 48 f0 0f 11 41 f0 49 8b c3 c3 0f 1f 40 00
0x0000000052c57c70:   0f 2b 41 e0 0f 2b 49 f0 0f 18 84 0a 00 02 00 00
0x0000000052c57c80:   0f 10 04 0a 0f 10 4c 0a 10 48 81 c1 80 00 00 00
0x0000000052c57c90:   0f 2b 41 80 0f 2b 49 90 0f 10 44 0a a0 0f 10 4c
0x0000000052c57ca0:   0a b0 49 ff c9 0f 2b 41 a0 0f 2b 49 b0 0f 10 44
0x0000000052c57cb0:   0a c0 0f 10 4c 0a d0 0f 18 84 0a 40 02 00 00 0f
0x0000000052c57cc0:   2b 41 c0 0f 2b 49 d0 0f 10 44 0a e0 0f 10 4c 0a
0x0000000052c57cd0:   f0 75 9d 0f ae f8 e9 38 ff ff ff 0f 1f 44 00 00
0x0000000052c57ce0:   49 03 c8 0f 10 44 0a f0 48 83 e9 10 49 83 e8 10
0x0000000052c57cf0:   f6 c1 0f 74 17 48 8b c1 48 83 e1 f0 0f 10 c8 0f
0x0000000052c57d00:   10 04 0a 0f 11 08 4c 8b c1 4d 2b c3 4d 8b c8 49
0x0000000052c57d10:   c1 e9 07 74 68 0f 29 01 eb 0d 66 0f 1f 44 00 00 


Stack slot to memory mapping:
stack at sp + 0 slots: 0x00000000527a425a nvoglv64.dll
stack at sp + 1 slots: 0x0 is NULL
stack at sp + 2 slots: 0x00000206035d9ee8 is at code_begin+3464 in an Interpreter codelet
return entry points  [0x00000206035d9160, 0x00000206035db340]  8672 bytes
stack at sp + 3 slots: 0x00000206035d9ee8 is at code_begin+3464 in an Interpreter codelet
return entry points  [0x00000206035d9160, 0x00000206035db340]  8672 bytes
stack at sp + 4 slots: 0x000000005263c28b nvoglv64.dll
stack at sp + 5 slots: 0x00000206176f0100 points into unknown readable memory: 0x0000000000000000 | 00 00 00 00 00 00 00 00
stack at sp + 6 slots: 0x0000000000000004 is an unknown value
stack at sp + 7 slots: 0x0 is NULL


---------------  P R O C E S S  ---------------

Threads class SMR info:
_java_thread_list=0x000002061aadfb30, length=18, elements={
0x0000020616365030, 0x0000020616365db0, 0x0000020616381040, 0x00000206163ae9f0,
0x0000020616398c40, 0x0000020616399500, 0x00000206163a3250, 0x00000206163a5f60,
0x0000020616d10c50, 0x00000206162cbe00, 0x0000020616fb75b0, 0x0000020616f4d4b0,
0x0000020616f4d9a0, 0x00000206176efb40, 0x00000206176f01b0, 0x000002067d6d8c80,
0x000002061aa87500, 0x000002061ab09bb0
}

Java Threads: ( => current thread )
  0x0000020616365030 JavaThread "Reference Handler" daemon [_thread_blocked, id=3180, stack(0x000000367c900000,0x000000367ca00000)]
  0x0000020616365db0 JavaThread "Finalizer" daemon [_thread_blocked, id=6352, stack(0x000000367ca00000,0x000000367cb00000)]
  0x0000020616381040 JavaThread "Signal Dispatcher" daemon [_thread_blocked, id=9688, stack(0x000000367cb00000,0x000000367cc00000)]
  0x00000206163ae9f0 JavaThread "Attach Listener" daemon [_thread_blocked, id=3364, stack(0x000000367cc00000,0x000000367cd00000)]
  0x0000020616398c40 JavaThread "Service Thread" daemon [_thread_blocked, id=6044, stack(0x000000367cd00000,0x000000367ce00000)]
  0x0000020616399500 JavaThread "Monitor Deflation Thread" daemon [_thread_blocked, id=2120, stack(0x000000367ce00000,0x000000367cf00000)]
  0x00000206163a3250 JavaThread "C2 CompilerThread0" daemon [_thread_blocked, id=6100, stack(0x000000367cf00000,0x000000367d000000)]
  0x00000206163a5f60 JavaThread "C1 CompilerThread0" daemon [_thread_blocked, id=11936, stack(0x000000367d000000,0x000000367d100000)]
  0x0000020616d10c50 JavaThread "Sweeper thread" daemon [_thread_blocked, id=7008, stack(0x000000367d100000,0x000000367d200000)]
  0x00000206162cbe00 JavaThread "Common-Cleaner" daemon [_thread_blocked, id=3068, stack(0x000000367d200000,0x000000367d300000)]
  0x0000020616fb75b0 JavaThread "JDWP Transport Listener: dt_socket" daemon [_thread_blocked, id=6444, stack(0x000000367d300000,0x000000367d400000)]
  0x0000020616f4d4b0 JavaThread "JDWP Event Helper Thread" daemon [_thread_blocked, id=10908, stack(0x000000367d400000,0x000000367d500000)]
  0x0000020616f4d9a0 JavaThread "JDWP Command Reader" daemon [_thread_in_native, id=8244, stack(0x000000367d500000,0x000000367d600000)]
  0x00000206176efb40 JavaThread "Notification Thread" daemon [_thread_blocked, id=7304, stack(0x000000367d700000,0x000000367d800000)]
=>0x00000206176f01b0 JavaThread "Thread-0" [_thread_in_native, id=11888, stack(0x000000367d900000,0x000000367da00000)]
  0x000002067d6d8c80 JavaThread "DestroyJavaVM" [_thread_blocked, id=9252, stack(0x000000367c200000,0x000000367c300000)]
  0x000002061aa87500 JavaThread "Thread-3" daemon [_thread_in_native, id=9352, stack(0x000000367e200000,0x000000367e300000)]
  0x000002061ab09bb0 JavaThread "Java2D Disposer" daemon [_thread_blocked, id=9372, stack(0x000000367e300000,0x000000367e400000)]

Other Threads:
  0x000002061634fd30 VMThread "VM Thread" [stack: 0x000000367c800000,0x000000367c900000] [id=5196]
  0x000002067d72cdb0 WatcherThread [stack: 0x000000367d800000,0x000000367d900000] [id=12136]
  0x000002067d712330 GCTaskThread "GC Thread#0" [stack: 0x000000367c300000,0x000000367c400000] [id=1848]
  0x000002061aace160 GCTaskThread "GC Thread#1" [stack: 0x000000367e400000,0x000000367e500000] [id=796]
  0x000002061aace410 GCTaskThread "GC Thread#2" [stack: 0x000000367e500000,0x000000367e600000] [id=5984]
  0x000002061ab05110 GCTaskThread "GC Thread#3" [stack: 0x000000367e600000,0x000000367e700000] [id=7392]
  0x000002061ab578a0 GCTaskThread "GC Thread#4" [stack: 0x000000367e700000,0x000000367e800000] [id=5724]
  0x000002061ab57b50 GCTaskThread "GC Thread#5" [stack: 0x000000367e800000,0x000000367e900000] [id=2128]
  0x000002061ab5c210 GCTaskThread "GC Thread#6" [stack: 0x000000367e900000,0x000000367ea00000] [id=7808]
  0x000002061ab5ef80 GCTaskThread "GC Thread#7" [stack: 0x000000367ea00000,0x000000367eb00000] [id=8692]
  0x000002067d71f6d0 ConcurrentGCThread "G1 Main Marker" [stack: 0x000000367c400000,0x000000367c500000] [id=8056]
  0x000002067d7200e0 ConcurrentGCThread "G1 Conc#0" [stack: 0x000000367c500000,0x000000367c600000] [id=8620]
  0x000002067d7958a0 ConcurrentGCThread "G1 Refine#0" [stack: 0x000000367c600000,0x000000367c700000] [id=8164]
  0x000002067d7962c0 ConcurrentGCThread "G1 Service" [stack: 0x000000367c700000,0x000000367c800000] [id=9464]

Threads with active compile tasks:

VM state: not at safepoint (normal execution)

VM Mutex/Monitor currently owned by a thread: None

Heap address: 0x00000000a1a00000, size: 1510 MB, Compressed Oops mode: 32-bit

CDS archive(s) not mapped
Compressed class space mapped at: 0x0000000100000000-0x0000000140000000, reserved size: 1073741824
Narrow klass base: 0x0000000000000000, Narrow klass shift: 3, Narrow klass range: 0x140000000

GC Precious Log:
 CPUs: 8 total, 8 available
 Memory: 6038M
 Large Page Support: Disabled
 NUMA Support: Disabled
 Compressed Oops: Enabled (32-bit)
 Heap Region Size: 1M
 Heap Min Capacity: 8M
 Heap Initial Capacity: 96M
 Heap Max Capacity: 1510M
 Pre-touch: Disabled
 Parallel Workers: 8
 Concurrent Workers: 2
 Concurrent Refinement Workers: 8
 Periodic GC: Disabled

Heap:
 garbage-first heap   total 98304K, used 11520K [0x00000000a1a00000, 0x0000000100000000)
  region size 1024K, 4 young (4096K), 3 survivors (3072K)
 Metaspace       used 15258K, committed 15424K, reserved 1064960K
  class space    used 1312K, committed 1408K, reserved 1048576K

Heap Regions: E=young(eden), S=young(survivor), O=old, HS=humongous(starts), HC=humongous(continues), CS=collection set, F=free, OA=open archive, CA=closed archive, TAMS=top-at-mark-start (previous, next)
|   0|0x00000000a1a00000, 0x00000000a1b00000, 0x00000000a1b00000|100%|HS|  |TAMS 0x00000000a1a00000, 0x00000000a1a00000| Complete 
|   1|0x00000000a1b00000, 0x00000000a1c00000, 0x00000000a1c00000|100%|HC|  |TAMS 0x00000000a1b00000, 0x00000000a1b00000| Complete 
|   2|0x00000000a1c00000, 0x00000000a1d00000, 0x00000000a1d00000|100%|HC|  |TAMS 0x00000000a1c00000, 0x00000000a1c00000| Complete 
|   3|0x00000000a1d00000, 0x00000000a1e00000, 0x00000000a1e00000|100%|HC|  |TAMS 0x00000000a1d00000, 0x00000000a1d00000| Complete 
|   4|0x00000000a1e00000, 0x00000000a1f00000, 0x00000000a1f00000|100%|HC|  |TAMS 0x00000000a1e00000, 0x00000000a1e00000| Complete 
|   5|0x00000000a1f00000, 0x00000000a1f40000, 0x00000000a2000000| 25%| O|  |TAMS 0x00000000a1f00000, 0x00000000a1f00000| Untracked 
|   6|0x00000000a2000000, 0x00000000a2100000, 0x00000000a2100000|100%|HS|  |TAMS 0x00000000a2000000, 0x00000000a2000000| Complete 
|   7|0x00000000a2100000, 0x00000000a2200000, 0x00000000a2200000|100%|HC|  |TAMS 0x00000000a2100000, 0x00000000a2100000| Complete 
|   8|0x00000000a2200000, 0x00000000a2300000, 0x00000000a2300000|100%|HC|  |TAMS 0x00000000a2200000, 0x00000000a2200000| Complete 
|   9|0x00000000a2300000, 0x00000000a2300000, 0x00000000a2400000|  0%| F|  |TAMS 0x00000000a2300000, 0x00000000a2300000| Untracked 
|  10|0x00000000a2400000, 0x00000000a2400000, 0x00000000a2500000|  0%| F|  |TAMS 0x00000000a2400000, 0x00000000a2400000| Untracked 
|  11|0x00000000a2500000, 0x00000000a2500000, 0x00000000a2600000|  0%| F|  |TAMS 0x00000000a2500000, 0x00000000a2500000| Untracked 
|  12|0x00000000a2600000, 0x00000000a2600000, 0x00000000a2700000|  0%| F|  |TAMS 0x00000000a2600000, 0x00000000a2600000| Untracked 
|  13|0x00000000a2700000, 0x00000000a2700000, 0x00000000a2800000|  0%| F|  |TAMS 0x00000000a2700000, 0x00000000a2700000| Untracked 
|  14|0x00000000a2800000, 0x00000000a2800000, 0x00000000a2900000|  0%| F|  |TAMS 0x00000000a2800000, 0x00000000a2800000| Untracked 
|  15|0x00000000a2900000, 0x00000000a2900000, 0x00000000a2a00000|  0%| F|  |TAMS 0x00000000a2900000, 0x00000000a2900000| Untracked 
|  16|0x00000000a2a00000, 0x00000000a2a00000, 0x00000000a2b00000|  0%| F|  |TAMS 0x00000000a2a00000, 0x00000000a2a00000| Untracked 
|  17|0x00000000a2b00000, 0x00000000a2b00000, 0x00000000a2c00000|  0%| F|  |TAMS 0x00000000a2b00000, 0x00000000a2b00000| Untracked 
|  18|0x00000000a2c00000, 0x00000000a2c00000, 0x00000000a2d00000|  0%| F|  |TAMS 0x00000000a2c00000, 0x00000000a2c00000| Untracked 
|  19|0x00000000a2d00000, 0x00000000a2d00000, 0x00000000a2e00000|  0%| F|  |TAMS 0x00000000a2d00000, 0x00000000a2d00000| Untracked 
|  20|0x00000000a2e00000, 0x00000000a2e00000, 0x00000000a2f00000|  0%| F|  |TAMS 0x00000000a2e00000, 0x00000000a2e00000| Untracked 
|  21|0x00000000a2f00000, 0x00000000a2f00000, 0x00000000a3000000|  0%| F|  |TAMS 0x00000000a2f00000, 0x00000000a2f00000| Untracked 
|  22|0x00000000a3000000, 0x00000000a3000000, 0x00000000a3100000|  0%| F|  |TAMS 0x00000000a3000000, 0x00000000a3000000| Untracked 
|  23|0x00000000a3100000, 0x00000000a3100000, 0x00000000a3200000|  0%| F|  |TAMS 0x00000000a3100000, 0x00000000a3100000| Untracked 
|  24|0x00000000a3200000, 0x00000000a3200000, 0x00000000a3300000|  0%| F|  |TAMS 0x00000000a3200000, 0x00000000a3200000| Untracked 
|  25|0x00000000a3300000, 0x00000000a3300000, 0x00000000a3400000|  0%| F|  |TAMS 0x00000000a3300000, 0x00000000a3300000| Untracked 
|  26|0x00000000a3400000, 0x00000000a3400000, 0x00000000a3500000|  0%| F|  |TAMS 0x00000000a3400000, 0x00000000a3400000| Untracked 
|  27|0x00000000a3500000, 0x00000000a3500000, 0x00000000a3600000|  0%| F|  |TAMS 0x00000000a3500000, 0x00000000a3500000| Untracked 
|  28|0x00000000a3600000, 0x00000000a3600000, 0x00000000a3700000|  0%| F|  |TAMS 0x00000000a3600000, 0x00000000a3600000| Untracked 
|  29|0x00000000a3700000, 0x00000000a3700000, 0x00000000a3800000|  0%| F|  |TAMS 0x00000000a3700000, 0x00000000a3700000| Untracked 
|  30|0x00000000a3800000, 0x00000000a3800000, 0x00000000a3900000|  0%| F|  |TAMS 0x00000000a3800000, 0x00000000a3800000| Untracked 
|  31|0x00000000a3900000, 0x00000000a3900000, 0x00000000a3a00000|  0%| F|  |TAMS 0x00000000a3900000, 0x00000000a3900000| Untracked 
|  32|0x00000000a3a00000, 0x00000000a3a00000, 0x00000000a3b00000|  0%| F|  |TAMS 0x00000000a3a00000, 0x00000000a3a00000| Untracked 
|  33|0x00000000a3b00000, 0x00000000a3b00000, 0x00000000a3c00000|  0%| F|  |TAMS 0x00000000a3b00000, 0x00000000a3b00000| Untracked 
|  34|0x00000000a3c00000, 0x00000000a3c00000, 0x00000000a3d00000|  0%| F|  |TAMS 0x00000000a3c00000, 0x00000000a3c00000| Untracked 
|  35|0x00000000a3d00000, 0x00000000a3d00000, 0x00000000a3e00000|  0%| F|  |TAMS 0x00000000a3d00000, 0x00000000a3d00000| Untracked 
|  36|0x00000000a3e00000, 0x00000000a3e00000, 0x00000000a3f00000|  0%| F|  |TAMS 0x00000000a3e00000, 0x00000000a3e00000| Untracked 
|  37|0x00000000a3f00000, 0x00000000a3f00000, 0x00000000a4000000|  0%| F|  |TAMS 0x00000000a3f00000, 0x00000000a3f00000| Untracked 
|  38|0x00000000a4000000, 0x00000000a4000000, 0x00000000a4100000|  0%| F|  |TAMS 0x00000000a4000000, 0x00000000a4000000| Untracked 
|  39|0x00000000a4100000, 0x00000000a4100000, 0x00000000a4200000|  0%| F|  |TAMS 0x00000000a4100000, 0x00000000a4100000| Untracked 
|  40|0x00000000a4200000, 0x00000000a4200000, 0x00000000a4300000|  0%| F|  |TAMS 0x00000000a4200000, 0x00000000a4200000| Untracked 
|  41|0x00000000a4300000, 0x00000000a4300000, 0x00000000a4400000|  0%| F|  |TAMS 0x00000000a4300000, 0x00000000a4300000| Untracked 
|  42|0x00000000a4400000, 0x00000000a4400000, 0x00000000a4500000|  0%| F|  |TAMS 0x00000000a4400000, 0x00000000a4400000| Untracked 
|  43|0x00000000a4500000, 0x00000000a4500000, 0x00000000a4600000|  0%| F|  |TAMS 0x00000000a4500000, 0x00000000a4500000| Untracked 
|  44|0x00000000a4600000, 0x00000000a4600000, 0x00000000a4700000|  0%| F|  |TAMS 0x00000000a4600000, 0x00000000a4600000| Untracked 
|  45|0x00000000a4700000, 0x00000000a4700000, 0x00000000a4800000|  0%| F|  |TAMS 0x00000000a4700000, 0x00000000a4700000| Untracked 
|  46|0x00000000a4800000, 0x00000000a4800000, 0x00000000a4900000|  0%| F|  |TAMS 0x00000000a4800000, 0x00000000a4800000| Untracked 
|  47|0x00000000a4900000, 0x00000000a4900000, 0x00000000a4a00000|  0%| F|  |TAMS 0x00000000a4900000, 0x00000000a4900000| Untracked 
|  48|0x00000000a4a00000, 0x00000000a4a00000, 0x00000000a4b00000|  0%| F|  |TAMS 0x00000000a4a00000, 0x00000000a4a00000| Untracked 
|  49|0x00000000a4b00000, 0x00000000a4b00000, 0x00000000a4c00000|  0%| F|  |TAMS 0x00000000a4b00000, 0x00000000a4b00000| Untracked 
|  50|0x00000000a4c00000, 0x00000000a4c00000, 0x00000000a4d00000|  0%| F|  |TAMS 0x00000000a4c00000, 0x00000000a4c00000| Untracked 
|  51|0x00000000a4d00000, 0x00000000a4d00000, 0x00000000a4e00000|  0%| F|  |TAMS 0x00000000a4d00000, 0x00000000a4d00000| Untracked 
|  52|0x00000000a4e00000, 0x00000000a4e00000, 0x00000000a4f00000|  0%| F|  |TAMS 0x00000000a4e00000, 0x00000000a4e00000| Untracked 
|  53|0x00000000a4f00000, 0x00000000a4f00000, 0x00000000a5000000|  0%| F|  |TAMS 0x00000000a4f00000, 0x00000000a4f00000| Untracked 
|  54|0x00000000a5000000, 0x00000000a5000000, 0x00000000a5100000|  0%| F|  |TAMS 0x00000000a5000000, 0x00000000a5000000| Untracked 
|  55|0x00000000a5100000, 0x00000000a5100000, 0x00000000a5200000|  0%| F|  |TAMS 0x00000000a5100000, 0x00000000a5100000| Untracked 
|  56|0x00000000a5200000, 0x00000000a5200000, 0x00000000a5300000|  0%| F|  |TAMS 0x00000000a5200000, 0x00000000a5200000| Untracked 
|  57|0x00000000a5300000, 0x00000000a5300000, 0x00000000a5400000|  0%| F|  |TAMS 0x00000000a5300000, 0x00000000a5300000| Untracked 
|  58|0x00000000a5400000, 0x00000000a5400000, 0x00000000a5500000|  0%| F|  |TAMS 0x00000000a5400000, 0x00000000a5400000| Untracked 
|  59|0x00000000a5500000, 0x00000000a5500000, 0x00000000a5600000|  0%| F|  |TAMS 0x00000000a5500000, 0x00000000a5500000| Untracked 
|  60|0x00000000a5600000, 0x00000000a5600000, 0x00000000a5700000|  0%| F|  |TAMS 0x00000000a5600000, 0x00000000a5600000| Untracked 
|  61|0x00000000a5700000, 0x00000000a5700000, 0x00000000a5800000|  0%| F|  |TAMS 0x00000000a5700000, 0x00000000a5700000| Untracked 
|  62|0x00000000a5800000, 0x00000000a5800000, 0x00000000a5900000|  0%| F|  |TAMS 0x00000000a5800000, 0x00000000a5800000| Untracked 
|  63|0x00000000a5900000, 0x00000000a5900000, 0x00000000a5a00000|  0%| F|  |TAMS 0x00000000a5900000, 0x00000000a5900000| Untracked 
|  64|0x00000000a5a00000, 0x00000000a5a00000, 0x00000000a5b00000|  0%| F|  |TAMS 0x00000000a5a00000, 0x00000000a5a00000| Untracked 
|  65|0x00000000a5b00000, 0x00000000a5b00000, 0x00000000a5c00000|  0%| F|  |TAMS 0x00000000a5b00000, 0x00000000a5b00000| Untracked 
|  66|0x00000000a5c00000, 0x00000000a5c00000, 0x00000000a5d00000|  0%| F|  |TAMS 0x00000000a5c00000, 0x00000000a5c00000| Untracked 
|  67|0x00000000a5d00000, 0x00000000a5d00000, 0x00000000a5e00000|  0%| F|  |TAMS 0x00000000a5d00000, 0x00000000a5d00000| Untracked 
|  68|0x00000000a5e00000, 0x00000000a5e00000, 0x00000000a5f00000|  0%| F|  |TAMS 0x00000000a5e00000, 0x00000000a5e00000| Untracked 
|  69|0x00000000a5f00000, 0x00000000a5f00000, 0x00000000a6000000|  0%| F|  |TAMS 0x00000000a5f00000, 0x00000000a5f00000| Untracked 
|  70|0x00000000a6000000, 0x00000000a6100000, 0x00000000a6100000|100%| S|CS|TAMS 0x00000000a6000000, 0x00000000a6000000| Complete 
|  71|0x00000000a6100000, 0x00000000a6200000, 0x00000000a6200000|100%| S|CS|TAMS 0x00000000a6100000, 0x00000000a6100000| Complete 
|  72|0x00000000a6200000, 0x00000000a6300000, 0x00000000a6300000|100%| S|CS|TAMS 0x00000000a6200000, 0x00000000a6200000| Complete 
|  73|0x00000000a6300000, 0x00000000a6300000, 0x00000000a6400000|  0%| F|  |TAMS 0x00000000a6300000, 0x00000000a6300000| Untracked 
|  74|0x00000000a6400000, 0x00000000a6400000, 0x00000000a6500000|  0%| F|  |TAMS 0x00000000a6400000, 0x00000000a6400000| Untracked 
|  75|0x00000000a6500000, 0x00000000a6500000, 0x00000000a6600000|  0%| F|  |TAMS 0x00000000a6500000, 0x00000000a6500000| Untracked 
|  76|0x00000000a6600000, 0x00000000a6600000, 0x00000000a6700000|  0%| F|  |TAMS 0x00000000a6600000, 0x00000000a6600000| Untracked 
|  77|0x00000000a6700000, 0x00000000a6700000, 0x00000000a6800000|  0%| F|  |TAMS 0x00000000a6700000, 0x00000000a6700000| Untracked 
|  78|0x00000000a6800000, 0x00000000a6800000, 0x00000000a6900000|  0%| F|  |TAMS 0x00000000a6800000, 0x00000000a6800000| Untracked 
|  79|0x00000000a6900000, 0x00000000a6900000, 0x00000000a6a00000|  0%| F|  |TAMS 0x00000000a6900000, 0x00000000a6900000| Untracked 
|  80|0x00000000a6a00000, 0x00000000a6a00000, 0x00000000a6b00000|  0%| F|  |TAMS 0x00000000a6a00000, 0x00000000a6a00000| Untracked 
|  81|0x00000000a6b00000, 0x00000000a6b00000, 0x00000000a6c00000|  0%| F|  |TAMS 0x00000000a6b00000, 0x00000000a6b00000| Untracked 
|  82|0x00000000a6c00000, 0x00000000a6c00000, 0x00000000a6d00000|  0%| F|  |TAMS 0x00000000a6c00000, 0x00000000a6c00000| Untracked 
|  83|0x00000000a6d00000, 0x00000000a6d00000, 0x00000000a6e00000|  0%| F|  |TAMS 0x00000000a6d00000, 0x00000000a6d00000| Untracked 
|  84|0x00000000a6e00000, 0x00000000a6e00000, 0x00000000a6f00000|  0%| F|  |TAMS 0x00000000a6e00000, 0x00000000a6e00000| Untracked 
|  85|0x00000000a6f00000, 0x00000000a6f00000, 0x00000000a7000000|  0%| F|  |TAMS 0x00000000a6f00000, 0x00000000a6f00000| Untracked 
|  86|0x00000000a7000000, 0x00000000a7000000, 0x00000000a7100000|  0%| F|  |TAMS 0x00000000a7000000, 0x00000000a7000000| Untracked 
|  87|0x00000000a7100000, 0x00000000a7100000, 0x00000000a7200000|  0%| F|  |TAMS 0x00000000a7100000, 0x00000000a7100000| Untracked 
|  88|0x00000000a7200000, 0x00000000a7200000, 0x00000000a7300000|  0%| F|  |TAMS 0x00000000a7200000, 0x00000000a7200000| Untracked 
|  89|0x00000000a7300000, 0x00000000a7300000, 0x00000000a7400000|  0%| F|  |TAMS 0x00000000a7300000, 0x00000000a7300000| Untracked 
|  90|0x00000000a7400000, 0x00000000a7400000, 0x00000000a7500000|  0%| F|  |TAMS 0x00000000a7400000, 0x00000000a7400000| Untracked 
|  91|0x00000000a7500000, 0x00000000a7500000, 0x00000000a7600000|  0%| F|  |TAMS 0x00000000a7500000, 0x00000000a7500000| Untracked 
|  92|0x00000000a7600000, 0x00000000a7600000, 0x00000000a7700000|  0%| F|  |TAMS 0x00000000a7600000, 0x00000000a7600000| Untracked 
|  93|0x00000000a7700000, 0x00000000a7700000, 0x00000000a7800000|  0%| F|  |TAMS 0x00000000a7700000, 0x00000000a7700000| Untracked 
|  94|0x00000000a7800000, 0x00000000a7800000, 0x00000000a7900000|  0%| F|  |TAMS 0x00000000a7800000, 0x00000000a7800000| Untracked 
|  95|0x00000000a7900000, 0x00000000a79d7850, 0x00000000a7a00000| 84%| E|  |TAMS 0x00000000a7900000, 0x00000000a7900000| Complete 

Card table byte_map: [0x000002067dde0000,0x000002067e0e0000] _byte_map_base: 0x000002067d8d3000

Marking Bits (Prev, Next): (CMBitMap*) 0x000002067d712940, (CMBitMap*) 0x000002067d712980
 Prev Bits: [0x000002067e3e0000, 0x000002067fb78000)
 Next Bits: [0x00000206125d0000, 0x0000020613d68000)

Polling page: 0x000002067b840000

Metaspace:

Usage:
  Non-class:     13.62 MB used.
      Class:      1.28 MB used.
       Both:     14.90 MB used.

Virtual space:
  Non-class space:       16.00 MB reserved,      13.69 MB ( 86%) committed,  2 nodes.
      Class space:        1.00 GB reserved,       1.38 MB ( <1%) committed,  1 nodes.
             Both:        1.02 GB reserved,      15.06 MB (  1%) committed. 

Chunk freelists:
   Non-Class:  2.22 MB
       Class:  2.59 MB
        Both:  4.81 MB

MaxMetaspaceSize: unlimited
CompressedClassSpaceSize: 1.00 GB
Initial GC threshold: 21.00 MB
Current GC threshold: 21.00 MB
CDS: off
MetaspaceReclaimPolicy: balanced
 - commit_granule_bytes: 65536.
 - commit_granule_words: 8192.
 - virtual_space_node_default_size: 1048576.
 - enlarge_chunks_in_place: 1.
 - new_chunks_are_fully_committed: 0.
 - uncommit_free_chunks: 1.
 - use_allocation_guard: 0.
 - handle_deallocations: 1.


Internal statistics:

num_allocs_failed_limit: 0.
num_arena_births: 80.
num_arena_deaths: 0.
num_vsnodes_births: 3.
num_vsnodes_deaths: 0.
num_space_committed: 239.
num_space_uncommitted: 0.
num_chunks_returned_to_freelist: 0.
num_chunks_taken_from_freelist: 193.
num_chunk_merges: 0.
num_chunk_splits: 118.
num_chunks_enlarged: 73.
num_purges: 0.
num_inconsistent_stats: 0.

CodeHeap 'non-profiled nmethods': size=120000Kb used=393Kb max_used=393Kb free=119606Kb
 bounds [0x000002060b0a0000, 0x000002060b310000, 0x00000206125d0000]
CodeHeap 'profiled nmethods': size=120000Kb used=2088Kb max_used=2088Kb free=117911Kb
 bounds [0x0000020603b70000, 0x0000020603de0000, 0x000002060b0a0000]
CodeHeap 'non-nmethods': size=5760Kb used=1315Kb max_used=1327Kb free=4444Kb
 bounds [0x00000206035d0000, 0x0000020603840000, 0x0000020603b70000]
 total_blobs=1710 nmethods=1145 adapters=478
 compilation: enabled
              stopped_count=0, restarted_count=0
 full_count=0

Compilation events (20 events):
Event: 2.808 Thread 0x00000206163a5f60 1137       3       java.awt.image.BufferedImage::getSampleModel (8 bytes)
Event: 2.808 Thread 0x00000206163a5f60 nmethod 1137 0x0000020603d76910 code [0x0000020603d76aa0, 0x0000020603d76c58]
Event: 2.808 Thread 0x00000206163a5f60 1138       3       com.sun.imageio.plugins.png.PNGImageReader::updateImageProgress (30 bytes)
Event: 2.808 Thread 0x00000206163a5f60 nmethod 1138 0x0000020603d76d10 code [0x0000020603d76ee0, 0x0000020603d770c8]
Event: 2.808 Thread 0x00000206163a5f60 1139       3       javax.imageio.ImageReader::processImageProgress (56 bytes)
Event: 2.808 Thread 0x00000206163a5f60 nmethod 1139 0x0000020603d77190 code [0x0000020603d77380, 0x0000020603d778a8]
Event: 2.809 Thread 0x00000206163a3250 nmethod 1132 0x000002060b100a10 code [0x000002060b100ba0, 0x000002060b100f58]
Event: 2.809 Thread 0x00000206163a3250 1134       4       java.awt.image.ComponentColorModel::getRGB (161 bytes)
Event: 2.813 Thread 0x00000206163a3250 nmethod 1134 0x000002060b101190 code [0x000002060b101340, 0x000002060b1016c8]
Event: 2.813 Thread 0x00000206163a3250 1133       4       java.awt.image.ComponentColorModel::getAlpha (238 bytes)
Event: 2.815 Thread 0x00000206163a3250 nmethod 1133 0x000002060b101b90 code [0x000002060b101d20, 0x000002060b101ed8]
Event: 2.825 Thread 0x00000206163a5f60 1140       3       jdk.internal.module.SystemModuleFinders$SystemModuleReader::containsImageLocation (42 bytes)
Event: 2.825 Thread 0x00000206163a5f60 nmethod 1140 0x0000020603d77a90 code [0x0000020603d77cc0, 0x0000020603d78398]
Event: 2.826 Thread 0x00000206163a5f60 1141       1       java.io.File::getPath (5 bytes)
Event: 2.826 Thread 0x00000206163a5f60 nmethod 1141 0x000002060b102110 code [0x000002060b1022a0, 0x000002060b102378]
Event: 2.826 Thread 0x00000206163a5f60 1142  s    1       java.util.Vector::size (5 bytes)
Event: 2.826 Thread 0x00000206163a5f60 nmethod 1142 0x000002060b102410 code [0x000002060b1025a0, 0x000002060b102718]
Event: 2.827 Thread 0x00000206163a5f60 1143       3       javax.imageio.stream.ImageInputStreamImpl::checkClosed (18 bytes)
Event: 2.827 Thread 0x00000206163a5f60 nmethod 1143 0x0000020603d78690 code [0x0000020603d78840, 0x0000020603d78a68]
Event: 2.830 Thread 0x00000206163a5f60 1144       3       java.awt.image.ColorModel::getRGB (35 bytes)

GC Heap History (2 events):
Event: 2.786 GC heap before
{Heap before GC invocations=0 (full 0):
 garbage-first heap   total 98304K, used 27648K [0x00000000a1a00000, 0x0000000100000000)
  region size 1024K, 23 young (23552K), 0 survivors (0K)
 Metaspace       used 15192K, committed 15424K, reserved 1064960K
  class space    used 1310K, committed 1408K, reserved 1048576K
}
Event: 2.797 GC heap after
{Heap after GC invocations=1 (full 0):
 garbage-first heap   total 98304K, used 8448K [0x00000000a1a00000, 0x0000000100000000)
  region size 1024K, 3 young (3072K), 3 survivors (3072K)
 Metaspace       used 15192K, committed 15424K, reserved 1064960K
  class space    used 1310K, committed 1408K, reserved 1048576K
}

Deoptimization events (20 events):
Event: 2.378 Thread 0x00000206176f01b0 Uncommon trap: trap_request=0xffffff45 fr.pc=0x000002060b0bb110 relative=0x0000000000000090
Event: 2.378 Thread 0x00000206176f01b0 Uncommon trap: reason=unstable_if action=reinterpret pc=0x000002060b0bb110 method=jdk.internal.misc.Unsafe.convEndian(ZI)I @ 4 c2
Event: 2.378 Thread 0x00000206176f01b0 DEOPT PACKING pc=0x000002060b0bb110 sp=0x000000367d9fd2a0
Event: 2.378 Thread 0x00000206176f01b0 DEOPT UNPACKING pc=0x00000206036223a3 sp=0x000000367d9fd1e0 mode 2
Event: 2.386 Thread 0x00000206176f01b0 Uncommon trap: trap_request=0xffffff45 fr.pc=0x000002060b0d3d04 relative=0x00000000000003e4
Event: 2.386 Thread 0x00000206176f01b0 Uncommon trap: reason=unstable_if action=reinterpret pc=0x000002060b0d3d04 method=java.lang.StringLatin1.indexOf([BI[BII)I @ 91 c2
Event: 2.386 Thread 0x00000206176f01b0 DEOPT PACKING pc=0x000002060b0d3d04 sp=0x000000367d9fe260
Event: 2.386 Thread 0x00000206176f01b0 DEOPT UNPACKING pc=0x00000206036223a3 sp=0x000000367d9fe1d0 mode 2
Event: 2.407 Thread 0x00000206176f01b0 DEOPT PACKING pc=0x0000020603cef079 sp=0x000000367d9f9970
Event: 2.407 Thread 0x00000206176f01b0 DEOPT UNPACKING pc=0x0000020603622b43 sp=0x000000367d9f8dd0 mode 0
Event: 2.593 Thread 0x00000206176f01b0 DEOPT PACKING pc=0x0000020603cef079 sp=0x000000367d9fc9f0
Event: 2.593 Thread 0x00000206176f01b0 DEOPT UNPACKING pc=0x0000020603622b43 sp=0x000000367d9fbe50 mode 0
Event: 2.627 Thread 0x000002061aa87500 Uncommon trap: trap_request=0xffffffc6 fr.pc=0x000002060b0eb888 relative=0x0000000000001a48
Event: 2.627 Thread 0x000002061aa87500 Uncommon trap: reason=bimorphic_or_optimized_type_check action=maybe_recompile pc=0x000002060b0eb888 method=java.util.HashMap.putVal(ILjava/lang/Object;Ljava/lang/Object;ZZ)Ljava/lang/Object; @ 91 c2
Event: 2.627 Thread 0x000002061aa87500 DEOPT PACKING pc=0x000002060b0eb888 sp=0x000000367e2ff0a0
Event: 2.627 Thread 0x000002061aa87500 DEOPT UNPACKING pc=0x00000206036223a3 sp=0x000000367e2feff0 mode 2
Event: 2.627 Thread 0x000002061aa87500 Uncommon trap: trap_request=0xffffffc6 fr.pc=0x000002060b0eb888 relative=0x0000000000001a48
Event: 2.627 Thread 0x000002061aa87500 Uncommon trap: reason=bimorphic_or_optimized_type_check action=maybe_recompile pc=0x000002060b0eb888 method=java.util.HashMap.putVal(ILjava/lang/Object;Ljava/lang/Object;ZZ)Ljava/lang/Object; @ 91 c2
Event: 2.627 Thread 0x000002061aa87500 DEOPT PACKING pc=0x000002060b0eb888 sp=0x000000367e2ff0a0
Event: 2.627 Thread 0x000002061aa87500 DEOPT UNPACKING pc=0x00000206036223a3 sp=0x000000367e2feff0 mode 2

Classes unloaded (0 events):
No events

Classes redefined (0 events):
No events

Internal exceptions (8 events):
Event: 2.336 Thread 0x00000206176f01b0 Exception <a 'java/lang/NoSuchMethodError'{0x00000000a6986278}: 'java.lang.Object java.lang.invoke.DirectMethodHandle$Holder.invokeStaticInit(java.lang.Object)'> (0x00000000a6986278) 
thrown [e:\jenkins\tmp\workspace\build\src\src\hotspot\share\interpreter\linkResolver.cpp, line 766]
Event: 2.339 Thread 0x00000206176f01b0 Exception <a 'java/lang/NoSuchMethodError'{0x00000000a6996740}: 'void java.lang.invoke.DirectMethodHandle$Holder.invokeSpecial(java.lang.Object, java.lang.Object, java.lang.Object)'> (0x00000000a6996740) 
thrown [e:\jenkins\tmp\workspace\build\src\src\hotspot\share\interpreter\linkResolver.cpp, line 766]
Event: 2.360 Thread 0x00000206176f01b0 Exception <a 'java/lang/ClassNotFoundException'{0x00000000a69edab8}: sun/util/logging/resources/spi/loggingProvider> (0x00000000a69edab8) 
thrown [e:\jenkins\tmp\workspace\build\src\src\hotspot\share\classfile\systemDictionary.cpp, line 256]
Event: 2.642 Thread 0x00000206176f01b0 Exception <a 'java/lang/ClassNotFoundException'{0x00000000a65eafe0}: sun/awt/resources/spi/awtProvider> (0x00000000a65eafe0) 
thrown [e:\jenkins\tmp\workspace\build\src\src\hotspot\share\classfile\systemDictionary.cpp, line 256]
Event: 2.647 Thread 0x00000206176f01b0 Exception <a 'java/io/FileNotFoundException'{0x00000000a640d3d0}> (0x00000000a640d3d0) 
thrown [e:\jenkins\tmp\workspace\build\src\src\hotspot\share\prims\jni.cpp, line 516]
Event: 2.655 Thread 0x00000206176f01b0 Exception <a 'java/io/FileNotFoundException'{0x00000000a643c600}> (0x00000000a643c600) 
thrown [e:\jenkins\tmp\workspace\build\src\src\hotspot\share\prims\jni.cpp, line 516]
Event: 2.680 Thread 0x00000206176f01b0 Exception <a 'java/lang/NoSuchMethodError'{0x00000000a64ba348}: 'java.lang.Object java.lang.invoke.DirectMethodHandle$Holder.invokeStaticInit(java.lang.Object, int, int, int, int)'> (0x00000000a64ba348) 
thrown [e:\jenkins\tmp\workspace\build\src\src\hotspot\share\interpreter\linkResolver.cpp, line 766]
Event: 2.745 Thread 0x00000206176f01b0 Exception <a 'java/lang/NoSuchMethodError'{0x00000000a633b9f0}: 'java.lang.Object java.lang.invoke.DirectMethodHandle$Holder.invokeStaticInit(java.lang.Object, java.lang.Object, int, int, int, int)'> (0x00000000a633b9f0) 
thrown [e:\jenkins\tmp\workspace\build\src\src\hotspot\share\interpreter\linkResolver.cpp, line 766]

VM Operations (18 events):
Event: 0.197 Executing VM operation: HandshakeAllThreads
Event: 0.197 Executing VM operation: HandshakeAllThreads done
Event: 0.240 Executing VM operation: ChangeBreakpoints
Event: 0.240 Executing VM operation: ChangeBreakpoints done
Event: 0.289 Executing VM operation: ChangeBreakpoints
Event: 0.289 Executing VM operation: ChangeBreakpoints done
Event: 1.295 Executing VM operation: Cleanup
Event: 1.295 Executing VM operation: Cleanup done
Event: 2.298 Executing VM operation: Cleanup
Event: 2.298 Executing VM operation: Cleanup done
Event: 2.409 Executing VM operation: HandshakeAllThreads
Event: 2.409 Executing VM operation: HandshakeAllThreads done
Event: 2.676 Executing VM operation: HandshakeAllThreads
Event: 2.676 Executing VM operation: HandshakeAllThreads done
Event: 2.689 Executing VM operation: HandshakeAllThreads
Event: 2.689 Executing VM operation: HandshakeAllThreads done
Event: 2.786 Executing VM operation: G1CollectForAllocation
Event: 2.797 Executing VM operation: G1CollectForAllocation done

Events (20 events):
Event: 2.778 loading class sun/awt/image/SurfaceManager$ImageAccessor done
Event: 2.778 loading class java/awt/Image$1 done
Event: 2.778 loading class sun/awt/image/SurfaceManager
Event: 2.779 loading class sun/awt/image/SurfaceManager done
Event: 2.779 loading class java/awt/image/BufferedImage$1
Event: 2.779 loading class java/awt/image/BufferedImage$1 done
Event: 2.779 loading class sun/awt/image/IntegerComponentRaster
Event: 2.779 loading class sun/awt/image/IntegerComponentRaster done
Event: 2.779 loading class java/awt/image/IndexColorModel
Event: 2.780 loading class java/awt/image/IndexColorModel done
Event: 2.780 loading class sun/awt/image/ShortComponentRaster
Event: 2.780 loading class sun/awt/image/ShortComponentRaster done
Event: 2.780 loading class com/sun/imageio/plugins/common/ReaderUtil
Event: 2.780 loading class com/sun/imageio/plugins/common/ReaderUtil done
Event: 2.785 loading class java/io/RandomAccessFile$1
Event: 2.785 loading class java/io/RandomAccessFile$1 done
Event: 2.828 loading class javax/imageio/ImageTypeSpecifier$Indexed
Event: 2.828 loading class javax/imageio/ImageTypeSpecifier$Indexed done
Event: 2.829 loading class sun/awt/image/BytePackedRaster
Event: 2.829 loading class sun/awt/image/BytePackedRaster done


Dynamic libraries:
0x00007ff680920000 - 0x00007ff68092e000 	C:\Program Files\eclipse\plugins\org.eclipse.justj.openjdk.hotspot.jre.full.win32.x86_64_17.0.1.v20211116-1657\jre\bin\javaw.exe
0x00007ff9a4230000 - 0x00007ff9a4428000 	C:\Windows\SYSTEM32\ntdll.dll
0x00007ff9a2bb0000 - 0x00007ff9a2c72000 	C:\Windows\System32\KERNEL32.DLL
0x00007ff9a1c40000 - 0x00007ff9a1f3e000 	C:\Windows\System32\KERNELBASE.dll
0x00007ff9a1fa0000 - 0x00007ff9a20a0000 	C:\Windows\System32\ucrtbase.dll
0x00007ff999f80000 - 0x00007ff999f99000 	C:\Program Files\eclipse\plugins\org.eclipse.justj.openjdk.hotspot.jre.full.win32.x86_64_17.0.1.v20211116-1657\jre\bin\VCRUNTIME140.dll
0x00007ff999f60000 - 0x00007ff999f78000 	C:\Program Files\eclipse\plugins\org.eclipse.justj.openjdk.hotspot.jre.full.win32.x86_64_17.0.1.v20211116-1657\jre\bin\jli.dll
0x00007ff9a2d30000 - 0x00007ff9a2ecd000 	C:\Windows\System32\USER32.dll
0x00007ff9a1f70000 - 0x00007ff9a1f92000 	C:\Windows\System32\win32u.dll
0x00007ff990e00000 - 0x00007ff99109a000 	C:\Windows\WinSxS\amd64_microsoft.windows.common-controls_6595b64144ccf1df_6.0.19041.4355_none_60b8b9eb71f62e16\COMCTL32.dll
0x00007ff9a3a30000 - 0x00007ff9a3a5b000 	C:\Windows\System32\GDI32.dll
0x00007ff9a4020000 - 0x00007ff9a40be000 	C:\Windows\System32\msvcrt.dll
0x00007ff9a18d0000 - 0x00007ff9a19e7000 	C:\Windows\System32\gdi32full.dll
0x00007ff9a1b10000 - 0x00007ff9a1bad000 	C:\Windows\System32\msvcp_win.dll
0x00007ff9a3ff0000 - 0x00007ff9a401f000 	C:\Windows\System32\IMM32.DLL
0x00007ff99d5a0000 - 0x00007ff99d5ac000 	C:\Program Files\eclipse\plugins\org.eclipse.justj.openjdk.hotspot.jre.full.win32.x86_64_17.0.1.v20211116-1657\jre\bin\vcruntime140_1.dll
0x00007ff978160000 - 0x00007ff9781f1000 	C:\Program Files\eclipse\plugins\org.eclipse.justj.openjdk.hotspot.jre.full.win32.x86_64_17.0.1.v20211116-1657\jre\bin\msvcp140.dll
0x00007ff9350a0000 - 0x00007ff935ce6000 	C:\Program Files\eclipse\plugins\org.eclipse.justj.openjdk.hotspot.jre.full.win32.x86_64_17.0.1.v20211116-1657\jre\bin\server\jvm.dll
0x00007ff9a3a60000 - 0x00007ff9a3b11000 	C:\Windows\System32\ADVAPI32.dll
0x00007ff9a3f50000 - 0x00007ff9a3fef000 	C:\Windows\System32\sechost.dll
0x00007ff9a40c0000 - 0x00007ff9a41e3000 	C:\Windows\System32\RPCRT4.dll
0x00007ff9a1f40000 - 0x00007ff9a1f67000 	C:\Windows\System32\bcrypt.dll
0x00007ff9a2250000 - 0x00007ff9a2258000 	C:\Windows\System32\PSAPI.DLL
0x00007ff99d710000 - 0x00007ff99d719000 	C:\Windows\SYSTEM32\WSOCK32.dll
0x00007ff98fe20000 - 0x00007ff98fe47000 	C:\Windows\SYSTEM32\WINMM.dll
0x00007ff9a2260000 - 0x00007ff9a22cb000 	C:\Windows\System32\WS2_32.dll
0x00007ff994f40000 - 0x00007ff994f4a000 	C:\Windows\SYSTEM32\VERSION.dll
0x00007ff99f750000 - 0x00007ff99f762000 	C:\Windows\SYSTEM32\kernel.appcore.dll
0x00007ff99d670000 - 0x00007ff99d67a000 	C:\Program Files\eclipse\plugins\org.eclipse.justj.openjdk.hotspot.jre.full.win32.x86_64_17.0.1.v20211116-1657\jre\bin\jimage.dll
0x00007ff985ad0000 - 0x00007ff985cb4000 	C:\Windows\SYSTEM32\DBGHELP.DLL
0x00007ff985a90000 - 0x00007ff985ac4000 	C:\Windows\SYSTEM32\dbgcore.DLL
0x00007ff9a1bb0000 - 0x00007ff9a1c32000 	C:\Windows\System32\bcryptPrimitives.dll
0x00007ff978120000 - 0x00007ff97815b000 	C:\Program Files\eclipse\plugins\org.eclipse.justj.openjdk.hotspot.jre.full.win32.x86_64_17.0.1.v20211116-1657\jre\bin\jdwp.dll
0x00007ff99cb20000 - 0x00007ff99cb2e000 	C:\Program Files\eclipse\plugins\org.eclipse.justj.openjdk.hotspot.jre.full.win32.x86_64_17.0.1.v20211116-1657\jre\bin\instrument.dll
0x00007ff945350000 - 0x00007ff945375000 	C:\Program Files\eclipse\plugins\org.eclipse.justj.openjdk.hotspot.jre.full.win32.x86_64_17.0.1.v20211116-1657\jre\bin\java.dll
0x00007ff9455f0000 - 0x00007ff945608000 	C:\Program Files\eclipse\plugins\org.eclipse.justj.openjdk.hotspot.jre.full.win32.x86_64_17.0.1.v20211116-1657\jre\bin\zip.dll
0x00007ff9a31d0000 - 0x00007ff9a393d000 	C:\Windows\System32\SHELL32.dll
0x00007ff99f950000 - 0x00007ff9a00f4000 	C:\Windows\SYSTEM32\windows.storage.dll
0x00007ff9a23e0000 - 0x00007ff9a2733000 	C:\Windows\System32\combase.dll
0x00007ff9a1290000 - 0x00007ff9a12be000 	C:\Windows\SYSTEM32\Wldp.dll
0x00007ff9a3d90000 - 0x00007ff9a3e5d000 	C:\Windows\System32\OLEAUT32.dll
0x00007ff9a2c80000 - 0x00007ff9a2d2d000 	C:\Windows\System32\SHCORE.dll
0x00007ff9a3e60000 - 0x00007ff9a3eb5000 	C:\Windows\System32\shlwapi.dll
0x00007ff9a1800000 - 0x00007ff9a1824000 	C:\Windows\SYSTEM32\profapi.dll
0x00007ff9985c0000 - 0x00007ff9985cc000 	C:\Program Files\eclipse\plugins\org.eclipse.justj.openjdk.hotspot.jre.full.win32.x86_64_17.0.1.v20211116-1657\jre\bin\dt_socket.dll
0x00007ff9a0c70000 - 0x00007ff9a0cab000 	C:\Windows\SYSTEM32\IPHLPAPI.DLL
0x00007ff9a0f90000 - 0x00007ff9a0ffa000 	C:\Windows\system32\mswsock.dll
0x00007ff9a0cb0000 - 0x00007ff9a0d7a000 	C:\Windows\SYSTEM32\DNSAPI.dll
0x00007ff9a31c0000 - 0x00007ff9a31c8000 	C:\Windows\System32\NSI.dll
0x00007ff994f50000 - 0x00007ff994f5a000 	C:\Windows\System32\rasadhlp.dll
0x00007ff993fd0000 - 0x00007ff994050000 	C:\Windows\System32\fwpuclnt.dll
0x00007ff936760000 - 0x00007ff936779000 	C:\Program Files\eclipse\plugins\org.eclipse.justj.openjdk.hotspot.jre.full.win32.x86_64_17.0.1.v20211116-1657\jre\bin\net.dll
0x00007ff999380000 - 0x00007ff99948d000 	C:\Windows\SYSTEM32\WINHTTP.dll
0x00007ff936740000 - 0x00007ff936755000 	C:\Program Files\eclipse\plugins\org.eclipse.justj.openjdk.hotspot.jre.full.win32.x86_64_17.0.1.v20211116-1657\jre\bin\nio.dll
0x00007ff99abe0000 - 0x00007ff99abf0000 	C:\Program Files\eclipse\plugins\org.eclipse.justj.openjdk.hotspot.jre.full.win32.x86_64_17.0.1.v20211116-1657\jre\bin\verify.dll
0x0000000180000000 - 0x0000000180053000 	C:\Users\DELL\Documents\GitHub\classic-0.0.21a\desktopRuntime\lwjgl64.dll
0x00007ff930cc0000 - 0x00007ff930de8000 	C:\Windows\SYSTEM32\OPENGL32.dll
0x00007ff9780f0000 - 0x00007ff97811c000 	C:\Windows\SYSTEM32\GLU32.dll
0x00007ff99df30000 - 0x00007ff99dfde000 	C:\Windows\SYSTEM32\mscms.dll
0x00007ff9a17c0000 - 0x00007ff9a17ee000 	C:\Windows\SYSTEM32\USERENV.dll
0x00007ff99dde0000 - 0x00007ff99ddf1000 	C:\Windows\SYSTEM32\ColorAdapterClient.dll
0x00007ff9a22d0000 - 0x00007ff9a2379000 	C:\Windows\System32\clbcatq.dll
0x00007ff996980000 - 0x00007ff9969c3000 	C:\Windows\System32\Windows.Internal.Graphics.Display.DisplayColorManagement.dll
0x00007ff9a2200000 - 0x00007ff9a224e000 	C:\Windows\System32\cfgmgr32.dll
0x00007ff99f260000 - 0x00007ff99f2fe000 	C:\Windows\system32\uxtheme.dll
0x00007ff9a3b20000 - 0x00007ff9a3c35000 	C:\Windows\System32\MSCTF.dll
0x00007ff999950000 - 0x00007ff999a52000 	C:\Windows\System32\AppXDeploymentClient.dll
0x0000000051c90000 - 0x0000000053ecd000 	C:\Windows\System32\DriverStore\FileRepository\nvdmi.inf_amd64_b79991c48f5211ac\nvoglv64.dll
0x00007ff9a2740000 - 0x00007ff9a2bae000 	C:\Windows\System32\SETUPAPI.dll
0x00007ff9a3c40000 - 0x00007ff9a3d6b000 	C:\Windows\System32\ole32.dll
0x00007ff99b6d0000 - 0x00007ff99b6e4000 	C:\Windows\SYSTEM32\WTSAPI32.dll
0x00007ff9a1660000 - 0x00007ff9a1693000 	C:\Windows\System32\DEVOBJ.dll
0x00007ff9a19f0000 - 0x00007ff9a1a59000 	C:\Windows\System32\WINTRUST.dll
0x00007ff9a20a0000 - 0x00007ff9a21fc000 	C:\Windows\System32\CRYPT32.dll
0x00007ff9a1490000 - 0x00007ff9a14a2000 	C:\Windows\System32\MSASN1.dll
0x00007ff9a0b00000 - 0x00007ff9a0b33000 	C:\Windows\SYSTEM32\ntmarta.dll
0x00007ff99f450000 - 0x00007ff99f47f000 	C:\Windows\system32\dwmapi.dll
0x00007ff9980b0000 - 0x00007ff9981a9000 	C:\Windows\SYSTEM32\textinputframework.dll
0x00007ff99d460000 - 0x00007ff99d552000 	C:\Windows\System32\CoreMessaging.dll
0x00007ff99d000000 - 0x00007ff99d35b000 	C:\Windows\System32\CoreUIComponents.dll
0x00007ff99dfe0000 - 0x00007ff99e137000 	C:\Windows\SYSTEM32\wintypes.dll
0x00007ff977f90000 - 0x00007ff977fd5000 	C:\Windows\SYSTEM32\icm32.dll
0x00007ff9a1350000 - 0x00007ff9a139b000 	C:\Windows\SYSTEM32\powrprof.dll
0x00007ff9a1330000 - 0x00007ff9a1342000 	C:\Windows\SYSTEM32\UMPDC.dll
0x00007ff9a1060000 - 0x00007ff9a10bb000 	C:\Windows\SYSTEM32\WINSTA.dll
0x00007ff9a0160000 - 0x00007ff9a0256000 	C:\Windows\system32\dxgi.dll
0x00007ff9954a0000 - 0x00007ff995537000 	C:\Windows\System32\DriverStore\FileRepository\nvdmi.inf_amd64_b79991c48f5211ac\nvumdshimx.dll
0x0000000053ed0000 - 0x0000000053ed6000 	C:\Program Files\NVIDIA Corporation\CoProcManager\_etoured.dll
0x00007ff99acc0000 - 0x00007ff99ad03000 	C:\Program Files\NVIDIA Corporation\CoProcManager\nvd3d9wrapx.dll
0x00007ff930440000 - 0x00007ff93052b000 	C:\Windows\System32\DriverStore\FileRepository\nvdmi.inf_amd64_b79991c48f5211ac\nvldumdx.dll
0x00007ff9a3d70000 - 0x00007ff9a3d8d000 	C:\Windows\System32\imagehlp.dll
0x00007ff9a11f0000 - 0x00007ff9a1208000 	C:\Windows\System32\CRYPTSP.dll
0x00007ff9a08b0000 - 0x00007ff9a08e4000 	C:\Windows\system32\rsaenh.dll
0x00007ff9a11e0000 - 0x00007ff9a11ec000 	C:\Windows\SYSTEM32\CRYPTBASE.dll
0x00007ff92bcd0000 - 0x00007ff92d8d8000 	C:\Windows\System32\DriverStore\FileRepository\nvdmi.inf_amd64_b79991c48f5211ac\nvwgf2umx.dll
0x00007ff995f00000 - 0x00007ff995f3b000 	C:\Windows\SYSTEM32\dxcore.dll
0x00007ff92b830000 - 0x00007ff92bcc9000 	C:\Windows\system32\nvapi64.dll
0x00007ff99c500000 - 0x00007ff99c763000 	C:\Windows\SYSTEM32\d3d11.dll
0x000002061cc90000 - 0x000002061cca6000 	C:\Users\DELL\Documents\GitHub\classic-0.0.21a\desktopRuntime\jinput-dx8_64.dll
0x00007ff930630000 - 0x00007ff930675000 	C:\Windows\SYSTEM32\DINPUT8.dll
0x00007ff997f50000 - 0x00007ff9980a2000 	C:\Windows\SYSTEM32\inputhost.dll
0x00007ff99eb50000 - 0x00007ff99ec46000 	C:\Windows\SYSTEM32\PROPSYS.dll
0x00007ff9a0100000 - 0x00007ff9a010d000 	C:\Windows\SYSTEM32\HID.DLL
0x000002061cd10000 - 0x000002061cd24000 	C:\Users\DELL\Documents\GitHub\classic-0.0.21a\desktopRuntime\jinput-raw_64.dll
0x00007ff92fb70000 - 0x00007ff92fcfe000 	C:\Program Files\eclipse\plugins\org.eclipse.justj.openjdk.hotspot.jre.full.win32.x86_64_17.0.1.v20211116-1657\jre\bin\awt.dll
0x00007ff99dc10000 - 0x00007ff99dca4000 	C:\Windows\SYSTEM32\apphelp.dll
0x00007ff99afe0000 - 0x00007ff99aff7000 	C:\Windows\SYSTEM32\dhcpcsvc6.DLL
0x00007ff99afc0000 - 0x00007ff99afdd000 	C:\Windows\SYSTEM32\dhcpcsvc.DLL

dbghelp: loaded successfully - version: 4.0.5 - missing functions: none
symbol engine: initialized successfully - sym options: 0x614 - pdb path: .;C:\Program Files\eclipse\plugins\org.eclipse.justj.openjdk.hotspot.jre.full.win32.x86_64_17.0.1.v20211116-1657\jre\bin;C:\Windows\SYSTEM32;C:\Windows\WinSxS\amd64_microsoft.windows.common-controls_6595b64144ccf1df_6.0.19041.4355_none_60b8b9eb71f62e16;C:\Program Files\eclipse\plugins\org.eclipse.justj.openjdk.hotspot.jre.full.win32.x86_64_17.0.1.v20211116-1657\jre\bin\server;C:\Users\DELL\Documents\GitHub\classic-0.0.21a\desktopRuntime;C:\Windows\System32\DriverStore\FileRepository\nvdmi.inf_amd64_b79991c48f5211ac;C:\Program Files\NVIDIA Corporation\CoProcManager

VM Arguments:
jvm_args: -XX:+ShowCodeDetailsInExceptionMessages -agentlib:jdwp=transport=dt_socket,suspend=y,address=localhost:50552 -javaagent:C:\Program Files\eclipse\configuration\org.eclipse.osgi\221\0\.cp\lib\javaagent-shaded.jar -Dfile.encoding=Cp1252 
java_command: com.demez.minecraft.Client.Client
java_class_path (initial): C:\Users\DELL\Documents\GitHub\classic-0.0.21a\desktopRuntime\EclipseProject\bin;C:\Users\DELL\Documents\GitHub\classic-0.0.21a\desktopRuntime\EclipseProject\deps-fix\asm-9.2.jar;C:\Users\DELL\Documents\GitHub\classic-0.0.21a\desktopRuntime\EclipseProject\deps-fix\asm-tree-9.2.jar;C:\Users\DELL\Documents\GitHub\classic-0.0.21a\desktopRuntime\EclipseProject\deps-fix\jinput-2.0.5.jar;C:\Users\DELL\Documents\GitHub\classic-0.0.21a\desktopRuntime\EclipseProject\deps-fix\json-20230311.jar;C:\Users\DELL\Documents\GitHub\classic-0.0.21a\desktopRuntime\EclipseProject\deps-fix\jutils-1.0.0.jar;C:\Users\DELL\Documents\GitHub\classic-0.0.21a\desktopRuntime\EclipseProject\deps-fix\lwjgl_util-2.9.4.jar;C:\Users\DELL\Documents\GitHub\classic-0.0.21a\desktopRuntime\EclipseProject\deps-fix\lwjgl-2.9.4.jar
Launcher Type: SUN_STANDARD

[Global flags]
     intx CICompilerCount                          = 4                                         {product} {ergonomic}
     uint ConcGCThreads                            = 2                                         {product} {ergonomic}
     uint G1ConcRefinementThreads                  = 8                                         {product} {ergonomic}
   size_t G1HeapRegionSize                         = 1048576                                   {product} {ergonomic}
    uintx GCDrainStackTargetSize                   = 64                                        {product} {ergonomic}
   size_t InitialHeapSize                          = 100663296                                 {product} {ergonomic}
   size_t MarkStackSize                            = 4194304                                   {product} {ergonomic}
   size_t MaxHeapSize                              = 1583349760                                {product} {ergonomic}
   size_t MaxNewSize                               = 950009856                                 {product} {ergonomic}
   size_t MinHeapDeltaBytes                        = 1048576                                   {product} {ergonomic}
   size_t MinHeapSize                              = 8388608                                   {product} {ergonomic}
    uintx NonNMethodCodeHeapSize                   = 5839372                                {pd product} {ergonomic}
    uintx NonProfiledCodeHeapSize                  = 122909434                              {pd product} {ergonomic}
    uintx ProfiledCodeHeapSize                     = 122909434                              {pd product} {ergonomic}
    uintx ReservedCodeCacheSize                    = 251658240                              {pd product} {ergonomic}
     bool SegmentedCodeCache                       = true                                      {product} {ergonomic}
     bool ShowCodeDetailsInExceptionMessages       = true                                   {manageable} {command line}
   size_t SoftMaxHeapSize                          = 1583349760                             {manageable} {ergonomic}
     bool UseCompressedClassPointers               = true                           {product lp64_product} {ergonomic}
     bool UseCompressedOops                        = true                           {product lp64_product} {ergonomic}
     bool UseG1GC                                  = true                                      {product} {ergonomic}
     bool UseLargePagesIndividualAllocation        = false                                  {pd product} {ergonomic}

Logging:
Log output configuration:
 #0: stdout all=warning uptime,level,tags
 #1: stderr all=off uptime,level,tags

Environment Variables:
PATH=C:\Program Files\eclipse\plugins\org.eclipse.justj.openjdk.hotspot.jre.full.win32.x86_64_17.0.1.v20211116-1657\jre\bin;C:/Program Files/eclipse//plugins/org.eclipse.justj.openjdk.hotspot.jre.full.win32.x86_64_17.0.1.v20211116-1657/jre/bin/server;C:/Program Files/eclipse//plugins/org.eclipse.justj.openjdk.hotspot.jre.full.win32.x86_64_17.0.1.v20211116-1657/jre/bin;C:\Program Files (x86)\VMware\VMware Workstation\bin\;C:\Program Files\Java\jdk-1.8\bin;C:\Windows\system32;C:\Windows;C:\Windows\System32\Wbem;C:\Windows\System32\WindowsPowerShell\v1.0\;C:\Windows\System32\OpenSSH\;C:\Program Files\dotnet\;C:\Program Files\PuTTY\;C:\Program Files\Git\cmd;C:\Program Files\nodejs\;C:\Users\DELL\AppData\Local\Programs\Python\Launcher\;C:\Users\DELL\AppData\Local\Microsoft\WindowsApps;C:\Users\DELL\AppData\Local\Programs\Microsoft VS Code\bin;C:\Users\DELL\AppData\Local\GitHubDesktop\bin;C:\Users\DELL\AppData\Roaming\npm;C:\Program Files\nodejs\;;C:\Program Files\eclipse;
USERNAME=DELL
OS=Windows_NT
PROCESSOR_IDENTIFIER=Intel64 Family 6 Model 42 Stepping 7, GenuineIntel



---------------  S Y S T E M  ---------------

OS:
 Windows 10 , 64 bit Build 19041 (10.0.19041.5198)
OS uptime: 0 days 0:23 hours

CPU: total 8 (initial active 8) (4 cores per cpu, 2 threads per core) family 6 model 42 stepping 7 microcode 0x2f, cx8, cmov, fxsr, ht, mmx, sse, sse2, sse3, ssse3, sse4.1, sse4.2, popcnt, tsc, tscinvbit, avx, aes, clmul, vzeroupper, clflush

Memory: 4k page, system-wide physical 6038M (1447M free)
TotalPageFile size 8086M (AvailPageFile size 3035M)
current process WorkingSet (physical memory assigned to process): 129M, peak: 129M
current process commit charge ("private bytes"): 232M, peak: 232M

vm_info: OpenJDK 64-Bit Server VM (17.0.1+12) for windows-amd64 JRE (17.0.1+12), built on Oct 20 2021 07:42:55 by "" with MS VC++ 16.7 (VS2019)

END.
